16:27:15.647 [main                     ] DEBUG Logger               - Configured Logger
16:27:15.664 [main                     ] DEBUG GameApplication      - Logging settings
Title: RougeVolley — 地牢探险
Version: 0.1.0
Width: 1280
Height: 720
Fullscreen: false
Intro: false
Profiling: false
Single step:false
App Mode: DEVELOPER
Menu Key: ESCAPE
Stage Style: DECORATED
Scene Factory: class com.almasb.fxgl.app.scene.SceneFactory

16:27:16.045 [JavaFX Application Thread] DEBUG FXGLApplication      - Initializing FXGL
16:27:16.047 [JavaFX Application Thread] INFO  Engine               - FXGL-21.1 (27.03.2024 07.52) on WINDOWS (J:21.0.8 FX:21)
16:27:16.048 [JavaFX Application Thread] DEBUG Engine               - JRE Vendor Name: Microsoft
16:27:16.048 [JavaFX Application Thread] DEBUG Engine               - Running on OS: Windows 11 version 10.0
16:27:16.048 [JavaFX Application Thread] DEBUG Engine               - Architecture: amd64
16:27:16.048 [JavaFX Application Thread] INFO  Engine               - Source code and latest versions at: https://github.com/AlmasB/FXGL
16:27:16.048 [JavaFX Application Thread] INFO  Engine               -       Ask questions and discuss at: https://github.com/AlmasB/FXGL/discussions
16:27:16.048 [JavaFX Application Thread] INFO  Engine               -              Join the FXGL chat at: https://gitter.im/AlmasB/FXGL
16:27:16.110 [JavaFX Application Thread] DEBUG PrimaryStageWindow   - Creating a JavaFX scene
16:27:16.141 [JavaFX Application Thread] DEBUG PrimaryStageWindow   - Target settings size: 1280.0 x 720.0
16:27:16.141 [JavaFX Application Thread] DEBUG PrimaryStageWindow   - Scaled scene size:    1280.0 x 720.0
16:27:16.141 [JavaFX Application Thread] DEBUG PrimaryStageWindow   - Scaled ratio: (1.0, 1.0)
16:27:16.142 [JavaFX Application Thread] DEBUG PrimaryStageWindow   - Set initial scene to FXGLStartupScene
16:27:16.143 [JavaFX Application Thread] DEBUG PrimaryStageWindow   - Opening main window
16:27:16.221 [JavaFX Application Thread] DEBUG PrimaryStageWindow   - Window border size: (14.6666259765625, 37.33331298828125)
16:27:16.221 [JavaFX Application Thread] DEBUG PrimaryStageWindow   - Scaled size: 1280.0 x 720.0
16:27:16.221 [JavaFX Application Thread] DEBUG PrimaryStageWindow   - Scaled ratio: (1.0, 1.0)
16:27:16.221 [JavaFX Application Thread] DEBUG PrimaryStageWindow   - Scene size: 1280.0 x 720.0
16:27:16.222 [JavaFX Application Thread] DEBUG PrimaryStageWindow   - Stage size: 1294.6666259765625 x 757.3333129882812
16:27:16.227 [FXGL Background Thread 1 ] DEBUG Engine               - Initializing environment variables
16:27:16.272 [FXGL Background Thread 1 ] DEBUG FXGLAssetLoaderServi - User app class for loading assets: class org.example.rougevolley.RougeVolleyFXGL
16:27:16.272 [FXGL Background Thread 1 ] DEBUG GameApplicationServi - Applying CSS: fxgl_dark.css
16:27:16.273 [FXGL Background Thread 1 ] DEBUG FXGLAssetLoaderServi - Loading from file system: jar:file:/C:/Users/19559/.m2/repository/com/github/almasb/fxgl/21.1/fxgl-21.1.jar!/fxglassets/ui/css/fxgl_dark.css
16:27:16.300 [FXGL Background Thread 1 ] DEBUG GameApplicationServi - Initializing application scenes
16:27:16.401 [FXGL Background Thread 1 ] DEBUG GameWorld            - Game world initialized
16:27:16.439 [FXGL Background Thread 1 ] DEBUG PhysicsWorld         - Physics world initialized: appHeight=720, physics.ppm=50.0
16:27:16.439 [FXGL Background Thread 1 ] DEBUG PhysicsWorld         - Using strategy: BRUTE_FORCE
16:27:16.441 [FXGL Background Thread 1 ] DEBUG GameScene            - Game scene initialized: 1280x720
16:27:16.441 [FXGL Background Thread 1 ] DEBUG GameApplicationServi - Application scenes initialized
16:27:16.453 [FXGL Background Thread 1 ] DEBUG SystemBundleService  - Loading FXGL system data
16:27:16.456 [FXGL Background Thread 1 ] DEBUG FileSystemAccess     - Reading from: C:\Users\19559\IdeaProjects\RougeVolley\system\fxgl.bundle
16:27:16.465 [FXGL Background Thread 1 ] DEBUG SystemBundleService  - Bundle FXGL: {}
16:27:16.465 [FXGL Background Thread 1 ] DEBUG UpdaterService       - Checking for updates
16:27:16.468 [FXGL Background Thread 4 ] DEBUG FXGLApplication      - Loading fonts
16:27:16.468 [FXGL Background Thread 4 ] DEBUG FXGLAssetLoaderServi - Loading from file system: jar:file:/C:/Users/19559/.m2/repository/com/github/almasb/fxgl/21.1/fxgl-21.1.jar!/fxglassets/ui/fonts/VarelaRound-Regular.ttf
16:27:16.468 [FXGL Background Thread 1 ] DEBUG FXGLApplication      - Loading default localization
16:27:16.469 [FXGL Background Thread 1 ] DEBUG FXGLAssetLoaderServi - Loading from file system: jar:file:/C:/Users/19559/.m2/repository/com/github/almasb/fxgl/21.1/fxgl-21.1.jar!/fxglassets/languages/english.lang
16:27:16.498 [FXGL Background Thread 4 ] DEBUG FXGLAssetLoaderServi - Loading from file system: jar:file:/C:/Users/19559/.m2/repository/com/github/almasb/fxgl/21.1/fxgl-21.1.jar!/fxglassets/ui/fonts/Abel-Regular.ttf
16:27:16.500 [FXGL Background Thread 4 ] DEBUG FXGLAssetLoaderServi - Loading from file system: jar:file:/C:/Users/19559/.m2/repository/com/github/almasb/fxgl/21.1/fxgl-21.1.jar!/fxglassets/ui/fonts/TerminalLandMono-Regular.otf
16:27:16.502 [FXGL Background Thread 4 ] DEBUG FXGLAssetLoaderServi - Loading from file system: jar:file:/C:/Users/19559/.m2/repository/com/github/almasb/fxgl/21.1/fxgl-21.1.jar!/fxglassets/ui/fonts/Courier-Prime.ttf
16:27:16.509 [JavaFX Application Thread] DEBUG FXGLApplication      - Registering font factories with UI factory
16:27:16.523 [FXGL Background Thread 1 ] INFO  FXGLApplication      - FXGL initialization took: 0.296 sec
16:27:16.532 [JavaFX Application Thread] DEBUG Input                - Registered new binding: Move Up - W
16:27:16.532 [JavaFX Application Thread] DEBUG Input                - Registered new binding: Move Up Arrow - Up
16:27:16.532 [JavaFX Application Thread] DEBUG Input                - Registered new binding: Move Down - S
16:27:16.532 [JavaFX Application Thread] DEBUG Input                - Registered new binding: Move Down Arrow - Down
16:27:16.533 [JavaFX Application Thread] DEBUG Input                - Registered new binding: Move Left - A
16:27:16.533 [JavaFX Application Thread] DEBUG Input                - Registered new binding: Move Left Arrow - Left
16:27:16.533 [JavaFX Application Thread] DEBUG Input                - Registered new binding: Move Right - D
16:27:16.533 [JavaFX Application Thread] DEBUG Input                - Registered new binding: Move Right Arrow - Right
16:27:16.535 [JavaFX Application Thread] DEBUG Input                - Registered new binding: Fire - LMB
16:27:16.535 [JavaFX Application Thread] DEBUG FXGLAssetLoaderServi - Loading from file system: jar:file:/C:/Users/19559/.m2/repository/com/github/almasb/fxgl/21.1/fxgl-21.1.jar!/fxglassets/textures/fxgl_icon.png
16:27:16.565 [JavaFX Application Thread] DEBUG FXGLAssetLoaderServi - Loading from file system: jar:file:/C:/Users/19559/.m2/repository/com/github/almasb/fxgl/21.1/fxgl-21.1.jar!/fxglassets/textures/fxgl_default_cursor.png
16:27:16.570 [JavaFX Application Thread] DEBUG Input                - Registered new binding: Screenshot - CTRL+8
16:27:16.571 [JavaFX Application Thread] DEBUG Input                - Registered new binding: System info dump - CTRL+9
16:27:16.572 [JavaFX Application Thread] DEBUG Input                - Registered new binding: Restart - CTRL+R
16:27:16.574 [JavaFX Application Thread] DEBUG Input                - Registered new binding: Toggle Debug Camera - CTRL+7
16:27:16.583 [JavaFX Application Thread] DEBUG LoopRunner           - Starting loop
16:27:16.583 [JavaFX Application Thread] DEBUG LoopRunner           - Initializing JavaFX AnimationTimerLoop
16:27:16.589 [JavaFX Application Thread] DEBUG GameApplicationServi - Starting new game
16:27:16.590 [JavaFX Application Thread] DEBUG Input                - Clearing active input actions
16:27:16.604 [JavaFX Application Thread] DEBUG GameApplicationServi - Removing overlay from FXGLStartupScene and adding to FXGLLoadingScene
16:27:16.604 [JavaFX Application Thread] DEBUG PrimaryStageWindow   - FXGLStartupScene -> FXGLLoadingScene
16:27:16.604 [JavaFX Application Thread] DEBUG GameApplicationServi - Clearing previous game
16:27:16.604 [JavaFX Application Thread] DEBUG GameScene            - Clearing game scene
16:27:16.604 [JavaFX Application Thread] DEBUG GameWorld            - Clearing game world
16:27:16.604 [JavaFX Application Thread] DEBUG PhysicsWorld         - Clearing physics world
16:27:16.607 [FXGL Background Thread 1 ] DEBUG FXGLApplication      - Initializing game
16:27:16.610 [FXGL Background Thread 1 ] INFO  RougeVolleyFXGL      - RougeVolley initializing... seed=-4011077916415076654
16:27:16.622 [FXGL Background Thread 1 ] INFO  RougeVolleyFXGL      - Spawned 8 test enemies
16:27:16.625 [FXGL Background Thread 1 ] INFO  RougeVolleyFXGL      - RougeVolley initialized. Player at (1500.0, 1500.0)
16:27:16.625 [FXGL Background Thread 1 ] INFO  FXGLApplication      - Game initialization took: 0.018 sec
16:27:16.660 [JavaFX Application Thread] DEBUG Input                - Clearing active input actions
16:27:16.663 [JavaFX Application Thread] DEBUG GameApplicationServi - Removing overlay from FXGLLoadingScene and adding to GameScene
16:27:16.663 [JavaFX Application Thread] DEBUG PrimaryStageWindow   - FXGLLoadingScene -> GameScene
16:27:17.430 [JavaFX Application Thread] DEBUG EventBus             - Firing event: javafx.event.Event[source=javafx.event.Event$$Lambda/0x000001ceca17a7e8@25ba3519]
16:27:17.552 [JavaFX Application Thread] DEBUG EventBus             - Firing event: javafx.event.Event[source=javafx.event.Event$$Lambda/0x000001ceca17a7e8@25ba3519]
16:27:17.957 [JavaFX Application Thread] DEBUG EventBus             - Firing event: javafx.event.Event[source=javafx.event.Event$$Lambda/0x000001ceca17a7e8@25ba3519]
16:27:18.065 [JavaFX Application Thread] DEBUG EventBus             - Firing event: javafx.event.Event[source=javafx.event.Event$$Lambda/0x000001ceca17a7e8@25ba3519]
16:27:18.181 [JavaFX Application Thread] DEBUG EventBus             - Firing event: javafx.event.Event[source=javafx.event.Event$$Lambda/0x000001ceca17a7e8@25ba3519]
16:27:18.303 [JavaFX Application Thread] DEBUG EventBus             - Firing event: javafx.event.Event[source=javafx.event.Event$$Lambda/0x000001ceca17a7e8@25ba3519]
16:27:18.420 [JavaFX Application Thread] DEBUG EventBus             - Firing event: javafx.event.Event[source=javafx.event.Event$$Lambda/0x000001ceca17a7e8@25ba3519]
16:27:18.547 [JavaFX Application Thread] DEBUG EventBus             - Firing event: javafx.event.Event[source=javafx.event.Event$$Lambda/0x000001ceca17a7e8@25ba3519]
16:27:18.851 [JavaFX Application Thread] DEBUG EventBus             - Firing event: javafx.event.Event[source=javafx.event.Event$$Lambda/0x000001ceca17a7e8@25ba3519]
16:27:19.468 [FXGL Background Thread 3 ] DEBUG Engine               - Logging environment variables
16:27:19.468 [FXGL Background Thread 3 ] DEBUG Engine               - achievements: []
16:27:19.468 [FXGL Background Thread 3 ] DEBUG Engine               - actualHeight: 720.0
16:27:19.468 [FXGL Background Thread 3 ] DEBUG Engine               - actualHeightProperty: ReadOnlyDoubleProperty [value: 720.0]
16:27:19.468 [FXGL Background Thread 3 ] DEBUG Engine               - actualWidth: 1280.0
16:27:19.468 [FXGL Background Thread 3 ] DEBUG Engine               - actualWidthProperty: ReadOnlyDoubleProperty [value: 1280.0]
16:27:19.468 [FXGL Background Thread 3 ] DEBUG Engine               - appIcon: fxgl_icon.png
16:27:19.468 [FXGL Background Thread 3 ] DEBUG Engine               - applicationMode: DEVELOPER
16:27:19.468 [FXGL Background Thread 3 ] DEBUG Engine               - cSSList: [fxgl_dark.css]
16:27:19.468 [FXGL Background Thread 3 ] DEBUG Engine               - collisionDetectionStrategy: BRUTE_FORCE
16:27:19.468 [FXGL Background Thread 3 ] DEBUG Engine               - configClass: Optional.empty
16:27:19.469 [FXGL Background Thread 3 ] DEBUG Engine               - credits: []
16:27:19.469 [FXGL Background Thread 3 ] DEBUG Engine               - defaultCursor: CursorInfo(imageName=fxgl_default_cursor.png, hotspotX=7.0, hotspotY=6.0)
16:27:19.470 [FXGL Background Thread 3 ] DEBUG Engine               - devBBoxColorProperty: ObjectProperty [value: 0xff0000ff]
16:27:19.470 [FXGL Background Thread 3 ] DEBUG Engine               - devEnableDebugCameraProperty: BooleanProperty [value: false]
16:27:19.470 [FXGL Background Thread 3 ] DEBUG Engine               - devSensorColorProperty: ObjectProperty [value: 0xffff00ff]
16:27:19.470 [FXGL Background Thread 3 ] DEBUG Engine               - devShowBBoxProperty: BooleanProperty [value: false]
16:27:19.470 [FXGL Background Thread 3 ] DEBUG Engine               - devShowPositionProperty: BooleanProperty [value: false]
16:27:19.470 [FXGL Background Thread 3 ] DEBUG Engine               - enabledMenuItems: []
16:27:19.470 [FXGL Background Thread 3 ] DEBUG Engine               - engineServices: [class com.almasb.fxgl.app.services.FXGLAssetLoaderService, class com.almasb.fxgl.app.FXGLApplication$GameApplicationService, class com.almasb.fxgl.app.services.FXGLDialogService, class com.almasb.fxgl.app.services.IOTaskExecutorService, class com.almasb.fxgl.io.FileSystemService, class com.almasb.fxgl.localization.LocalizationService, class com.almasb.fxgl.app.services.SystemBundleService, class com.almasb.fxgl.profile.SaveLoadService, class com.almasb.fxgl.ui.FXGLUIFactoryServiceProvider, class com.almasb.fxgl.ui.FXGLDialogFactoryServiceProvider, class com.almasb.fxgl.audio.AudioPlayer, class com.almasb.fxgl.notification.impl.NotificationServiceProvider, class com.almasb.fxgl.achievement.AchievementService, class com.almasb.fxgl.cutscene.CutsceneService, class com.almasb.fxgl.minigames.MiniGameService, class com.almasb.fxgl.net.NetService, class com.almasb.fxgl.app.services.UpdaterService, class com.almasb.fxgl.dev.DevService]
16:27:19.470 [FXGL Background Thread 3 ] DEBUG Engine               - fontGame: Abel-Regular.ttf
16:27:19.470 [FXGL Background Thread 3 ] DEBUG Engine               - fontMono: TerminalLandMono-Regular.otf
16:27:19.470 [FXGL Background Thread 3 ] DEBUG Engine               - fontSizeScaleUI: 1.0
16:27:19.470 [FXGL Background Thread 3 ] DEBUG Engine               - fontText: Courier-Prime.ttf
16:27:19.470 [FXGL Background Thread 3 ] DEBUG Engine               - fontUI: VarelaRound-Regular.ttf
16:27:19.470 [FXGL Background Thread 3 ] DEBUG Engine               - fullScreen: BooleanProperty [value: false]
16:27:19.470 [FXGL Background Thread 3 ] DEBUG Engine               - gameDifficulty: MEDIUM
16:27:19.470 [FXGL Background Thread 3 ] DEBUG Engine               - gameDifficultyProperty: ObjectProperty [value: MEDIUM]
16:27:19.470 [FXGL Background Thread 3 ] DEBUG Engine               - globalMusicVolume: 0.5
16:27:19.470 [FXGL Background Thread 3 ] DEBUG Engine               - globalMusicVolumeProperty: DoubleProperty [value: 0.5]
16:27:19.470 [FXGL Background Thread 3 ] DEBUG Engine               - globalSoundVolume: 0.5
16:27:19.470 [FXGL Background Thread 3 ] DEBUG Engine               - globalSoundVolumeProperty: DoubleProperty [value: 0.5]
16:27:19.470 [FXGL Background Thread 3 ] DEBUG Engine               - height: 720
16:27:19.470 [FXGL Background Thread 3 ] DEBUG Engine               - is3D: false
16:27:19.470 [FXGL Background Thread 3 ] DEBUG Engine               - isAndroid: false
16:27:19.470 [FXGL Background Thread 3 ] DEBUG Engine               - isBrowser: false
16:27:19.470 [FXGL Background Thread 3 ] DEBUG Engine               - isClickFeedbackEnabled: false
16:27:19.470 [FXGL Background Thread 3 ] DEBUG Engine               - isCloseConfirmation: false
16:27:19.470 [FXGL Background Thread 3 ] DEBUG Engine               - isDesktop: true
16:27:19.470 [FXGL Background Thread 3 ] DEBUG Engine               - isDeveloperMenuEnabled: false
16:27:19.470 [FXGL Background Thread 3 ] DEBUG Engine               - isEmbedded: false
16:27:19.470 [FXGL Background Thread 3 ] DEBUG Engine               - isEntityPreloadEnabled: true
16:27:19.471 [FXGL Background Thread 3 ] DEBUG Engine               - isExperimentalTiledLargeMap: false
16:27:19.471 [FXGL Background Thread 3 ] DEBUG Engine               - isFileSystemWriteAllowed: true
16:27:19.471 [FXGL Background Thread 3 ] DEBUG Engine               - isFullScreenAllowed: false
16:27:19.471 [FXGL Background Thread 3 ] DEBUG Engine               - isFullScreenFromStart: false
16:27:19.471 [FXGL Background Thread 3 ] DEBUG Engine               - isGameMenuEnabled: false
16:27:19.471 [FXGL Background Thread 3 ] DEBUG Engine               - isIOS: false
16:27:19.471 [FXGL Background Thread 3 ] DEBUG Engine               - isIntroEnabled: false
16:27:19.471 [FXGL Background Thread 3 ] DEBUG Engine               - isLinux: false
16:27:19.471 [FXGL Background Thread 3 ] DEBUG Engine               - isMac: false
16:27:19.471 [FXGL Background Thread 3 ] DEBUG Engine               - isMainMenuEnabled: false
16:27:19.471 [FXGL Background Thread 3 ] DEBUG Engine               - isManualResizeEnabled: false
16:27:19.471 [FXGL Background Thread 3 ] DEBUG Engine               - isMobile: false
16:27:19.471 [FXGL Background Thread 3 ] DEBUG Engine               - isNative: false
16:27:19.471 [FXGL Background Thread 3 ] DEBUG Engine               - isPauseMusicWhenMinimized: true
16:27:19.471 [FXGL Background Thread 3 ] DEBUG Engine               - isPreserveResizeRatio: true
16:27:19.471 [FXGL Background Thread 3 ] DEBUG Engine               - isProfilingEnabled: false
16:27:19.471 [FXGL Background Thread 3 ] DEBUG Engine               - isScaleAffectedOnResize: true
16:27:19.471 [FXGL Background Thread 3 ] DEBUG Engine               - isSingleStep: false
16:27:19.471 [FXGL Background Thread 3 ] DEBUG Engine               - isUserProfileEnabled: false
16:27:19.471 [FXGL Background Thread 3 ] DEBUG Engine               - isWindows: true
16:27:19.471 [FXGL Background Thread 3 ] DEBUG Engine               - language: ObjectProperty [value: ENGLISH]
16:27:19.471 [FXGL Background Thread 3 ] DEBUG Engine               - menuKey: ESCAPE
16:27:19.471 [FXGL Background Thread 3 ] DEBUG Engine               - mouseSensitivity: 0.2
16:27:19.471 [FXGL Background Thread 3 ] DEBUG Engine               - notificationViewClass: class com.almasb.fxgl.notification.view.XboxNotificationView
16:27:19.471 [FXGL Background Thread 3 ] DEBUG Engine               - pixelsPerMeter: 50.0
16:27:19.471 [FXGL Background Thread 3 ] DEBUG Engine               - platform: WINDOWS
16:27:19.471 [FXGL Background Thread 3 ] DEBUG Engine               - prefHeightProperty: ReadOnlyDoubleProperty [value: 720.0]
16:27:19.471 [FXGL Background Thread 3 ] DEBUG Engine               - prefWidthProperty: ReadOnlyDoubleProperty [value: 1280.0]
16:27:19.471 [FXGL Background Thread 3 ] DEBUG Engine               - profileDir: profiles/
16:27:19.471 [FXGL Background Thread 3 ] DEBUG Engine               - profileName: StringProperty [value: DEFAULT]
16:27:19.471 [FXGL Background Thread 3 ] DEBUG Engine               - randomSeed: -1
16:27:19.471 [FXGL Background Thread 3 ] DEBUG Engine               - runtimeInfo: RuntimeInfo(platform=WINDOWS, version=21.1, build=27.03.2024 07.52)
16:27:19.471 [FXGL Background Thread 3 ] DEBUG Engine               - saveFileExt: sav
16:27:19.471 [FXGL Background Thread 3 ] DEBUG Engine               - scaledHeightProp$fxgl: DoubleProperty [bound, value: 720.0]
16:27:19.471 [FXGL Background Thread 3 ] DEBUG Engine               - scaledWidthProp$fxgl: DoubleProperty [bound, value: 1280.0]
16:27:19.471 [FXGL Background Thread 3 ] DEBUG Engine               - sceneFactory: com.almasb.fxgl.app.scene.SceneFactory@715864b0
16:27:19.471 [FXGL Background Thread 3 ] DEBUG Engine               - secondsIn24h: 60
16:27:19.471 [FXGL Background Thread 3 ] DEBUG Engine               - soundMenuBack: menu/back.wav
16:27:19.471 [FXGL Background Thread 3 ] DEBUG Engine               - soundMenuPress: menu/press.wav
16:27:19.471 [FXGL Background Thread 3 ] DEBUG Engine               - soundMenuSelect: menu/select.wav
16:27:19.471 [FXGL Background Thread 3 ] DEBUG Engine               - soundNotification: core/notification.wav
16:27:19.471 [FXGL Background Thread 3 ] DEBUG Engine               - stageStyle: DECORATED
16:27:19.471 [FXGL Background Thread 3 ] DEBUG Engine               - supportedLanguages: [ENGLISH, FRENCH, GERMAN, HUNGARIAN, RUSSIAN]
16:27:19.471 [FXGL Background Thread 3 ] DEBUG Engine               - ticksPerSecond: -1
16:27:19.471 [FXGL Background Thread 3 ] DEBUG Engine               - title: RougeVolley — 地牢探险
16:27:19.471 [FXGL Background Thread 3 ] DEBUG Engine               - urlGithub: https://github.com/AlmasB/FXGL
16:27:19.471 [FXGL Background Thread 3 ] DEBUG Engine               - urlLeaderboard: http://fxgl-top.herokuapp.com/
16:27:19.471 [FXGL Background Thread 3 ] DEBUG Engine               - urlPOM: https://raw.githubusercontent.com/AlmasB/FXGL/release/README.md
16:27:19.471 [FXGL Background Thread 3 ] DEBUG Engine               - userAppClass: class org.example.rougevolley.RougeVolleyFXGL
16:27:19.471 [FXGL Background Thread 3 ] DEBUG Engine               - version: 0.1.0
16:27:19.471 [FXGL Background Thread 3 ] DEBUG Engine               - versionCheckDays: 7
16:27:19.471 [FXGL Background Thread 3 ] DEBUG Engine               - width: 1280
16:27:19.471 [FXGL Background Thread 3 ] DEBUG Engine               - Logging services
16:27:19.471 [FXGL Background Thread 3 ] DEBUG Engine               - class com.almasb.fxgl.app.services.FXGLAssetLoaderService
16:27:19.471 [FXGL Background Thread 3 ] DEBUG Engine               - class com.almasb.fxgl.app.FXGLApplication$GameApplicationService
16:27:19.472 [FXGL Background Thread 3 ] DEBUG Engine               - class com.almasb.fxgl.app.services.FXGLDialogService
16:27:19.472 [FXGL Background Thread 3 ] DEBUG Engine               - class com.almasb.fxgl.app.services.IOTaskExecutorService
16:27:19.472 [FXGL Background Thread 3 ] DEBUG Engine               - class com.almasb.fxgl.io.FileSystemService
16:27:19.472 [FXGL Background Thread 3 ] DEBUG Engine               - class com.almasb.fxgl.localization.LocalizationService
16:27:19.472 [FXGL Background Thread 3 ] DEBUG Engine               - class com.almasb.fxgl.app.services.SystemBundleService
16:27:19.472 [FXGL Background Thread 3 ] DEBUG Engine               - class com.almasb.fxgl.profile.SaveLoadService
16:27:19.472 [FXGL Background Thread 3 ] DEBUG Engine               - class com.almasb.fxgl.ui.FXGLUIFactoryServiceProvider
16:27:19.472 [FXGL Background Thread 3 ] DEBUG Engine               - class com.almasb.fxgl.ui.FXGLDialogFactoryServiceProvider
16:27:19.472 [FXGL Background Thread 3 ] DEBUG Engine               - class com.almasb.fxgl.audio.AudioPlayer
16:27:19.472 [FXGL Background Thread 3 ] DEBUG Engine               - class com.almasb.fxgl.notification.impl.NotificationServiceProvider
16:27:19.472 [FXGL Background Thread 3 ] DEBUG Engine               - class com.almasb.fxgl.achievement.AchievementService
16:27:19.472 [FXGL Background Thread 3 ] DEBUG Engine               - class com.almasb.fxgl.cutscene.CutsceneService
16:27:19.472 [FXGL Background Thread 3 ] DEBUG Engine               - class com.almasb.fxgl.minigames.MiniGameService
16:27:19.472 [FXGL Background Thread 3 ] DEBUG Engine               - class com.almasb.fxgl.net.NetService
16:27:19.472 [FXGL Background Thread 3 ] DEBUG Engine               - class com.almasb.fxgl.app.services.UpdaterService
16:27:19.472 [FXGL Background Thread 3 ] DEBUG Engine               - class com.almasb.fxgl.dev.DevService
16:27:19.589 [JavaFX Application Thread] DEBUG EventBus             - Firing event: javafx.event.Event[source=javafx.event.Event$$Lambda/0x000001ceca17a7e8@25ba3519]
16:27:19.944 [JavaFX Application Thread] DEBUG EventBus             - Firing event: javafx.event.Event[source=javafx.event.Event$$Lambda/0x000001ceca17a7e8@25ba3519]
16:27:20.309 [JavaFX Application Thread] DEBUG EventBus             - Firing event: javafx.event.Event[source=javafx.event.Event$$Lambda/0x000001ceca17a7e8@25ba3519]
16:27:20.686 [JavaFX Application Thread] DEBUG EventBus             - Firing event: javafx.event.Event[source=javafx.event.Event$$Lambda/0x000001ceca17a7e8@25ba3519]
16:27:21.202 [JavaFX Application Thread] DEBUG EventBus             - Firing event: javafx.event.Event[source=javafx.event.Event$$Lambda/0x000001ceca17a7e8@25ba3519]
16:27:21.757 [JavaFX Application Thread] DEBUG EventBus             - Firing event: javafx.event.Event[source=javafx.event.Event$$Lambda/0x000001ceca17a7e8@25ba3519]
16:27:22.282 [JavaFX Application Thread] DEBUG EventBus             - Firing event: javafx.event.Event[source=javafx.event.Event$$Lambda/0x000001ceca17a7e8@25ba3519]
16:27:22.772 [JavaFX Application Thread] DEBUG EventBus             - Firing event: javafx.event.Event[source=javafx.event.Event$$Lambda/0x000001ceca17a7e8@25ba3519]
16:27:23.254 [JavaFX Application Thread] DEBUG EventBus             - Firing event: javafx.event.Event[source=javafx.event.Event$$Lambda/0x000001ceca17a7e8@25ba3519]
16:27:23.749 [JavaFX Application Thread] DEBUG EventBus             - Firing event: javafx.event.Event[source=javafx.event.Event$$Lambda/0x000001ceca17a7e8@25ba3519]
16:27:27.170 [JavaFX Application Thread] DEBUG EventBus             - Firing event: javafx.event.Event[source=javafx.event.Event$$Lambda/0x000001ceca17a7e8@25ba3519]
16:27:27.589 [JavaFX Application Thread] DEBUG EventBus             - Firing event: javafx.event.Event[source=javafx.event.Event$$Lambda/0x000001ceca17a7e8@25ba3519]
16:27:28.028 [JavaFX Application Thread] DEBUG EventBus             - Firing event: javafx.event.Event[source=javafx.event.Event$$Lambda/0x000001ceca17a7e8@25ba3519]
16:27:28.461 [JavaFX Application Thread] DEBUG EventBus             - Firing event: javafx.event.Event[source=javafx.event.Event$$Lambda/0x000001ceca17a7e8@25ba3519]
16:27:28.944 [JavaFX Application Thread] DEBUG EventBus             - Firing event: javafx.event.Event[source=javafx.event.Event$$Lambda/0x000001ceca17a7e8@25ba3519]
16:27:29.435 [JavaFX Application Thread] DEBUG EventBus             - Firing event: javafx.event.Event[source=javafx.event.Event$$Lambda/0x000001ceca17a7e8@25ba3519]
16:27:30.015 [JavaFX Application Thread] DEBUG EventBus             - Firing event: javafx.event.Event[source=javafx.event.Event$$Lambda/0x000001ceca17a7e8@25ba3519]
16:27:30.517 [JavaFX Application Thread] DEBUG EventBus             - Firing event: javafx.event.Event[source=javafx.event.Event$$Lambda/0x000001ceca17a7e8@25ba3519]
16:27:31.023 [JavaFX Application Thread] DEBUG EventBus             - Firing event: javafx.event.Event[source=javafx.event.Event$$Lambda/0x000001ceca17a7e8@25ba3519]
16:27:31.654 [JavaFX Application Thread] DEBUG EventBus             - Firing event: javafx.event.Event[source=javafx.event.Event$$Lambda/0x000001ceca17a7e8@25ba3519]
16:27:32.156 [JavaFX Application Thread] DEBUG EventBus             - Firing event: javafx.event.Event[source=javafx.event.Event$$Lambda/0x000001ceca17a7e8@25ba3519]
16:27:32.928 [JavaFX Application Thread] DEBUG EventBus             - Firing event: javafx.event.Event[source=javafx.event.Event$$Lambda/0x000001ceca17a7e8@25ba3519]
16:27:34.229 [JavaFX Application Thread] DEBUG EventBus             - Firing event: javafx.event.Event[source=javafx.event.Event$$Lambda/0x000001ceca17a7e8@25ba3519]
16:27:34.725 [JavaFX Application Thread] DEBUG EventBus             - Firing event: javafx.event.Event[source=javafx.event.Event$$Lambda/0x000001ceca17a7e8@25ba3519]
16:27:35.245 [JavaFX Application Thread] DEBUG EventBus             - Firing event: javafx.event.Event[source=javafx.event.Event$$Lambda/0x000001ceca17a7e8@25ba3519]
16:27:37.028 [JavaFX Application Thread] DEBUG FXGLApplication      - Exiting FXGL
16:27:37.028 [JavaFX Application Thread] DEBUG LoopRunner           - Stopping loop
16:27:37.028 [JavaFX Application Thread] DEBUG SystemBundleService  - Saving FXGL system data
16:27:37.029 [JavaFX Application Thread] DEBUG FileSystemAccess     - Writing to: C:\Users\19559\IdeaProjects\RougeVolley\system\fxgl.bundle
16:27:37.031 [JavaFX Application Thread] DEBUG Async                - Shutting down background threads
16:27:37.031 [JavaFX Application Thread] DEBUG PrimaryStageWindow   - Closing main window
16:27:37.060 [JavaFX Application Thread] DEBUG Logger               - Closing Logger
