14:18:20.082 [main                     ] DEBUG Logger               - Configured Logger
14:18:20.104 [main                     ] DEBUG GameApplication      - Logging settings
Title: RougeVolley — 地牢探险
Version: 0.1.0
Width: 1280
Height: 720
Fullscreen: false
Intro: false
Profiling: false
Single step:false
App Mode: DEVELOPER
Menu Key: ESCAPE
Stage Style: DECORATED
Scene Factory: class com.almasb.fxgl.app.scene.SceneFactory

14:18:20.693 [JavaFX Application Thread] DEBUG FXGLApplication      - Initializing FXGL
14:18:20.695 [JavaFX Application Thread] INFO  Engine               - FXGL-21.1 (27.03.2024 07.52) on WINDOWS (J:21.0.8 FX:21)
14:18:20.696 [JavaFX Application Thread] DEBUG Engine               - JRE Vendor Name: Microsoft
14:18:20.696 [JavaFX Application Thread] DEBUG Engine               - Running on OS: Windows 11 version 10.0
14:18:20.696 [JavaFX Application Thread] DEBUG Engine               - Architecture: amd64
14:18:20.696 [JavaFX Application Thread] INFO  Engine               - Source code and latest versions at: https://github.com/AlmasB/FXGL
14:18:20.696 [JavaFX Application Thread] INFO  Engine               -       Ask questions and discuss at: https://github.com/AlmasB/FXGL/discussions
14:18:20.696 [JavaFX Application Thread] INFO  Engine               -              Join the FXGL chat at: https://gitter.im/AlmasB/FXGL
14:18:20.797 [JavaFX Application Thread] DEBUG PrimaryStageWindow   - Creating a JavaFX scene
14:18:20.840 [JavaFX Application Thread] DEBUG PrimaryStageWindow   - Target settings size: 1280.0 x 720.0
14:18:20.840 [JavaFX Application Thread] DEBUG PrimaryStageWindow   - Scaled scene size:    1280.0 x 720.0
14:18:20.840 [JavaFX Application Thread] DEBUG PrimaryStageWindow   - Scaled ratio: (1.0, 1.0)
14:18:20.841 [JavaFX Application Thread] DEBUG PrimaryStageWindow   - Set initial scene to FXGLStartupScene
14:18:20.843 [JavaFX Application Thread] DEBUG PrimaryStageWindow   - Opening main window
14:18:20.961 [JavaFX Application Thread] DEBUG PrimaryStageWindow   - Window border size: (14.6666259765625, 37.33331298828125)
14:18:20.962 [JavaFX Application Thread] DEBUG PrimaryStageWindow   - Scaled size: 1280.0 x 720.0
14:18:20.962 [JavaFX Application Thread] DEBUG PrimaryStageWindow   - Scaled ratio: (1.0, 1.0)
14:18:20.962 [JavaFX Application Thread] DEBUG PrimaryStageWindow   - Scene size: 1280.0 x 720.0
14:18:20.962 [JavaFX Application Thread] DEBUG PrimaryStageWindow   - Stage size: 1294.6666259765625 x 757.3333129882812
14:18:20.968 [FXGL Background Thread 1 ] DEBUG Engine               - Initializing environment variables
14:18:21.019 [FXGL Background Thread 1 ] DEBUG FXGLAssetLoaderServi - User app class for loading assets: class org.example.rougevolley.RougeVolleyFXGL
14:18:21.020 [FXGL Background Thread 1 ] DEBUG GameApplicationServi - Applying CSS: fxgl_dark.css
14:18:21.020 [FXGL Background Thread 1 ] DEBUG FXGLAssetLoaderServi - Loading from file system: jar:file:/C:/Users/19559/.m2/repository/com/github/almasb/fxgl/21.1/fxgl-21.1.jar!/fxglassets/ui/css/fxgl_dark.css
14:18:21.060 [FXGL Background Thread 1 ] DEBUG GameApplicationServi - Initializing application scenes
14:18:21.164 [FXGL Background Thread 1 ] DEBUG GameWorld            - Game world initialized
14:18:21.230 [FXGL Background Thread 1 ] DEBUG PhysicsWorld         - Physics world initialized: appHeight=720, physics.ppm=50.0
14:18:21.230 [FXGL Background Thread 1 ] DEBUG PhysicsWorld         - Using strategy: BRUTE_FORCE
14:18:21.233 [FXGL Background Thread 1 ] DEBUG GameScene            - Game scene initialized: 1280x720
14:18:21.233 [FXGL Background Thread 1 ] DEBUG GameApplicationServi - Application scenes initialized
14:18:21.249 [FXGL Background Thread 1 ] DEBUG SystemBundleService  - Loading FXGL system data
14:18:21.253 [FXGL Background Thread 1 ] DEBUG FileSystemAccess     - Reading from: C:\Users\19559\IdeaProjects\RougeVolley\system\fxgl.bundle
14:18:21.262 [FXGL Background Thread 1 ] DEBUG SystemBundleService  - Bundle FXGL: {}
14:18:21.262 [FXGL Background Thread 1 ] DEBUG UpdaterService       - Checking for updates
14:18:21.265 [FXGL Background Thread 4 ] DEBUG FXGLApplication      - Loading fonts
14:18:21.265 [FXGL Background Thread 4 ] DEBUG FXGLAssetLoaderServi - Loading from file system: jar:file:/C:/Users/19559/.m2/repository/com/github/almasb/fxgl/21.1/fxgl-21.1.jar!/fxglassets/ui/fonts/VarelaRound-Regular.ttf
14:18:21.266 [FXGL Background Thread 1 ] DEBUG FXGLApplication      - Loading default localization
14:18:21.266 [FXGL Background Thread 1 ] DEBUG FXGLAssetLoaderServi - Loading from file system: jar:file:/C:/Users/19559/.m2/repository/com/github/almasb/fxgl/21.1/fxgl-21.1.jar!/fxglassets/languages/english.lang
14:18:21.296 [FXGL Background Thread 4 ] DEBUG FXGLAssetLoaderServi - Loading from file system: jar:file:/C:/Users/19559/.m2/repository/com/github/almasb/fxgl/21.1/fxgl-21.1.jar!/fxglassets/ui/fonts/Abel-Regular.ttf
14:18:21.298 [FXGL Background Thread 4 ] DEBUG FXGLAssetLoaderServi - Loading from file system: jar:file:/C:/Users/19559/.m2/repository/com/github/almasb/fxgl/21.1/fxgl-21.1.jar!/fxglassets/ui/fonts/TerminalLandMono-Regular.otf
14:18:21.301 [FXGL Background Thread 4 ] DEBUG FXGLAssetLoaderServi - Loading from file system: jar:file:/C:/Users/19559/.m2/repository/com/github/almasb/fxgl/21.1/fxgl-21.1.jar!/fxglassets/ui/fonts/Courier-Prime.ttf
14:18:21.307 [JavaFX Application Thread] DEBUG FXGLApplication      - Registering font factories with UI factory
14:18:21.312 [FXGL Background Thread 1 ] INFO  FXGLApplication      - FXGL initialization took: 0.344 sec
14:18:21.321 [JavaFX Application Thread] DEBUG Input                - Registered new binding: Move Up - W
14:18:21.321 [JavaFX Application Thread] DEBUG Input                - Registered new binding: Move Up Arrow - Up
14:18:21.321 [JavaFX Application Thread] DEBUG Input                - Registered new binding: Move Down - S
14:18:21.321 [JavaFX Application Thread] DEBUG Input                - Registered new binding: Move Down Arrow - Down
14:18:21.322 [JavaFX Application Thread] DEBUG Input                - Registered new binding: Move Left - A
14:18:21.322 [JavaFX Application Thread] DEBUG Input                - Registered new binding: Move Left Arrow - Left
14:18:21.322 [JavaFX Application Thread] DEBUG Input                - Registered new binding: Move Right - D
14:18:21.323 [JavaFX Application Thread] DEBUG Input                - Registered new binding: Move Right Arrow - Right
14:18:21.326 [JavaFX Application Thread] DEBUG Input                - Registered new binding: Fire - LMB
14:18:21.326 [JavaFX Application Thread] DEBUG Input                - Registered new binding: Pause - Esc
14:18:21.326 [JavaFX Application Thread] DEBUG FXGLAssetLoaderServi - Loading from file system: jar:file:/C:/Users/19559/.m2/repository/com/github/almasb/fxgl/21.1/fxgl-21.1.jar!/fxglassets/textures/fxgl_icon.png
14:18:21.378 [JavaFX Application Thread] DEBUG FXGLAssetLoaderServi - Loading from file system: jar:file:/C:/Users/19559/.m2/repository/com/github/almasb/fxgl/21.1/fxgl-21.1.jar!/fxglassets/textures/fxgl_default_cursor.png
14:18:21.383 [JavaFX Application Thread] DEBUG Input                - Registered new binding: Screenshot - CTRL+8
14:18:21.385 [JavaFX Application Thread] DEBUG Input                - Registered new binding: System info dump - CTRL+9
14:18:21.386 [JavaFX Application Thread] DEBUG Input                - Registered new binding: Restart - CTRL+R
14:18:21.390 [JavaFX Application Thread] DEBUG Input                - Registered new binding: Toggle Debug Camera - CTRL+7
14:18:21.402 [JavaFX Application Thread] DEBUG LoopRunner           - Starting loop
14:18:21.402 [JavaFX Application Thread] DEBUG LoopRunner           - Initializing JavaFX AnimationTimerLoop
14:18:21.408 [JavaFX Application Thread] DEBUG GameApplicationServi - Starting new game
14:18:21.408 [JavaFX Application Thread] DEBUG Input                - Clearing active input actions
14:18:21.426 [JavaFX Application Thread] DEBUG GameApplicationServi - Removing overlay from FXGLStartupScene and adding to FXGLLoadingScene
14:18:21.426 [JavaFX Application Thread] DEBUG PrimaryStageWindow   - FXGLStartupScene -> FXGLLoadingScene
14:18:21.426 [JavaFX Application Thread] DEBUG GameApplicationServi - Clearing previous game
14:18:21.426 [JavaFX Application Thread] DEBUG GameScene            - Clearing game scene
14:18:21.426 [JavaFX Application Thread] DEBUG GameWorld            - Clearing game world
14:18:21.426 [JavaFX Application Thread] DEBUG PhysicsWorld         - Clearing physics world
14:18:21.431 [FXGL Background Thread 1 ] DEBUG FXGLApplication      - Initializing game
14:18:21.437 [FXGL Background Thread 1 ] INFO  RougeVolleyFXGL      - RougeVolley initializing... seed=4341431385009994459
14:18:21.486 [FXGL Background Thread 1 ] INFO  UpgradeManager       - 已加载 5 个升级选项
14:18:21.529 [FXGL Background Thread 1 ] INFO  RougeVolleyFXGL      - RougeVolley initialized. Waiting for player to start.
14:18:21.531 [FXGL Background Thread 1 ] DEBUG EventBus             - Firing event: javafx.event.Event[source=javafx.event.Event$$Lambda/0x0000021e0117abf0@591f4ab4]
14:18:21.532 [FXGL Background Thread 1 ] INFO  FXGLApplication      - Game initialization took: 0.101 sec
14:18:21.586 [JavaFX Application Thread] DEBUG Input                - Clearing active input actions
14:18:21.602 [JavaFX Application Thread] DEBUG GameApplicationServi - Removing overlay from FXGLLoadingScene and adding to GameScene
14:18:21.602 [JavaFX Application Thread] DEBUG PrimaryStageWindow   - FXGLLoadingScene -> GameScene
14:18:22.762 [JavaFX Application Thread] INFO  UpgradeManager       - 已加载 5 个升级选项
14:18:22.762 [JavaFX Application Thread] DEBUG EventBus             - Firing event: javafx.event.Event[source=javafx.event.Event$$Lambda/0x0000021e0117abf0@591f4ab4]
14:18:22.772 [JavaFX Application Thread] DEBUG EventBus             - Firing event: javafx.event.Event[source=javafx.event.Event$$Lambda/0x0000021e0117abf0@591f4ab4]
14:18:22.773 [JavaFX Application Thread] DEBUG EventBus             - Firing event: javafx.event.Event[source=javafx.event.Event$$Lambda/0x0000021e0117abf0@591f4ab4]
14:18:22.773 [JavaFX Application Thread] DEBUG EventBus             - Firing event: javafx.event.Event[source=javafx.event.Event$$Lambda/0x0000021e0117abf0@591f4ab4]
14:18:22.787 [JavaFX Application Thread] DEBUG EventBus             - Firing event: javafx.event.Event[source=javafx.event.Event$$Lambda/0x0000021e0117abf0@591f4ab4]
14:18:22.796 [JavaFX Application Thread] INFO  RougeVolleyFXGL      - RougeVolley initialized. Dungeon: 6 rooms. Player at (320.0, 224.0)
14:18:22.796 [JavaFX Application Thread] DEBUG EventBus             - Firing event: javafx.event.Event[source=javafx.event.Event$$Lambda/0x0000021e0117abf0@591f4ab4]
14:18:22.797 [JavaFX Application Thread] INFO  RougeVolleyFXGL      - New game started. Player at (320.0, 224.0)
14:18:24.265 [FXGL Background Thread 3 ] DEBUG Engine               - Logging environment variables
14:18:24.265 [FXGL Background Thread 3 ] DEBUG Engine               - achievements: []
14:18:24.265 [FXGL Background Thread 3 ] DEBUG Engine               - actualHeight: 720.0
14:18:24.265 [FXGL Background Thread 3 ] DEBUG Engine               - actualHeightProperty: ReadOnlyDoubleProperty [value: 720.0]
14:18:24.265 [FXGL Background Thread 3 ] DEBUG Engine               - actualWidth: 1280.0
14:18:24.265 [FXGL Background Thread 3 ] DEBUG Engine               - actualWidthProperty: ReadOnlyDoubleProperty [value: 1280.0]
14:18:24.265 [FXGL Background Thread 3 ] DEBUG Engine               - appIcon: fxgl_icon.png
14:18:24.265 [FXGL Background Thread 3 ] DEBUG Engine               - applicationMode: DEVELOPER
14:18:24.265 [FXGL Background Thread 3 ] DEBUG Engine               - cSSList: [fxgl_dark.css]
14:18:24.265 [FXGL Background Thread 3 ] DEBUG Engine               - collisionDetectionStrategy: BRUTE_FORCE
14:18:24.265 [FXGL Background Thread 3 ] DEBUG Engine               - configClass: Optional.empty
14:18:24.265 [FXGL Background Thread 3 ] DEBUG Engine               - credits: []
14:18:24.266 [FXGL Background Thread 3 ] DEBUG Engine               - defaultCursor: CursorInfo(imageName=fxgl_default_cursor.png, hotspotX=7.0, hotspotY=6.0)
14:18:24.266 [FXGL Background Thread 3 ] DEBUG Engine               - devBBoxColorProperty: ObjectProperty [value: 0xff0000ff]
14:18:24.266 [FXGL Background Thread 3 ] DEBUG Engine               - devEnableDebugCameraProperty: BooleanProperty [value: false]
14:18:24.266 [FXGL Background Thread 3 ] DEBUG Engine               - devSensorColorProperty: ObjectProperty [value: 0xffff00ff]
14:18:24.266 [FXGL Background Thread 3 ] DEBUG Engine               - devShowBBoxProperty: BooleanProperty [value: false]
14:18:24.266 [FXGL Background Thread 3 ] DEBUG Engine               - devShowPositionProperty: BooleanProperty [value: false]
14:18:24.266 [FXGL Background Thread 3 ] DEBUG Engine               - enabledMenuItems: []
14:18:24.266 [FXGL Background Thread 3 ] DEBUG Engine               - engineServices: [class com.almasb.fxgl.app.services.FXGLAssetLoaderService, class com.almasb.fxgl.app.FXGLApplication$GameApplicationService, class com.almasb.fxgl.app.services.FXGLDialogService, class com.almasb.fxgl.app.services.IOTaskExecutorService, class com.almasb.fxgl.io.FileSystemService, class com.almasb.fxgl.localization.LocalizationService, class com.almasb.fxgl.app.services.SystemBundleService, class com.almasb.fxgl.profile.SaveLoadService, class com.almasb.fxgl.ui.FXGLUIFactoryServiceProvider, class com.almasb.fxgl.ui.FXGLDialogFactoryServiceProvider, class com.almasb.fxgl.audio.AudioPlayer, class com.almasb.fxgl.notification.impl.NotificationServiceProvider, class com.almasb.fxgl.achievement.AchievementService, class com.almasb.fxgl.cutscene.CutsceneService, class com.almasb.fxgl.minigames.MiniGameService, class com.almasb.fxgl.net.NetService, class com.almasb.fxgl.app.services.UpdaterService, class com.almasb.fxgl.dev.DevService]
14:18:24.266 [FXGL Background Thread 3 ] DEBUG Engine               - fontGame: Abel-Regular.ttf
14:18:24.266 [FXGL Background Thread 3 ] DEBUG Engine               - fontMono: TerminalLandMono-Regular.otf
14:18:24.266 [FXGL Background Thread 3 ] DEBUG Engine               - fontSizeScaleUI: 1.0
14:18:24.266 [FXGL Background Thread 3 ] DEBUG Engine               - fontText: Courier-Prime.ttf
14:18:24.266 [FXGL Background Thread 3 ] DEBUG Engine               - fontUI: VarelaRound-Regular.ttf
14:18:24.266 [FXGL Background Thread 3 ] DEBUG Engine               - fullScreen: BooleanProperty [value: false]
14:18:24.266 [FXGL Background Thread 3 ] DEBUG Engine               - gameDifficulty: MEDIUM
14:18:24.267 [FXGL Background Thread 3 ] DEBUG Engine               - gameDifficultyProperty: ObjectProperty [value: MEDIUM]
14:18:24.267 [FXGL Background Thread 3 ] DEBUG Engine               - globalMusicVolume: 0.5
14:18:24.267 [FXGL Background Thread 3 ] DEBUG Engine               - globalMusicVolumeProperty: DoubleProperty [value: 0.5]
14:18:24.267 [FXGL Background Thread 3 ] DEBUG Engine               - globalSoundVolume: 0.5
14:18:24.267 [FXGL Background Thread 3 ] DEBUG Engine               - globalSoundVolumeProperty: DoubleProperty [value: 0.5]
14:18:24.267 [FXGL Background Thread 3 ] DEBUG Engine               - height: 720
14:18:24.267 [FXGL Background Thread 3 ] DEBUG Engine               - is3D: false
14:18:24.267 [FXGL Background Thread 3 ] DEBUG Engine               - isAndroid: false
14:18:24.267 [FXGL Background Thread 3 ] DEBUG Engine               - isBrowser: false
14:18:24.267 [FXGL Background Thread 3 ] DEBUG Engine               - isClickFeedbackEnabled: false
14:18:24.267 [FXGL Background Thread 3 ] DEBUG Engine               - isCloseConfirmation: false
14:18:24.267 [FXGL Background Thread 3 ] DEBUG Engine               - isDesktop: true
14:18:24.267 [FXGL Background Thread 3 ] DEBUG Engine               - isDeveloperMenuEnabled: false
14:18:24.267 [FXGL Background Thread 3 ] DEBUG Engine               - isEmbedded: false
14:18:24.267 [FXGL Background Thread 3 ] DEBUG Engine               - isEntityPreloadEnabled: true
14:18:24.267 [FXGL Background Thread 3 ] DEBUG Engine               - isExperimentalTiledLargeMap: false
14:18:24.267 [FXGL Background Thread 3 ] DEBUG Engine               - isFileSystemWriteAllowed: true
14:18:24.267 [FXGL Background Thread 3 ] DEBUG Engine               - isFullScreenAllowed: false
14:18:24.267 [FXGL Background Thread 3 ] DEBUG Engine               - isFullScreenFromStart: false
14:18:24.267 [FXGL Background Thread 3 ] DEBUG Engine               - isGameMenuEnabled: false
14:18:24.267 [FXGL Background Thread 3 ] DEBUG Engine               - isIOS: false
14:18:24.267 [FXGL Background Thread 3 ] DEBUG Engine               - isIntroEnabled: false
14:18:24.267 [FXGL Background Thread 3 ] DEBUG Engine               - isLinux: false
14:18:24.267 [FXGL Background Thread 3 ] DEBUG Engine               - isMac: false
14:18:24.267 [FXGL Background Thread 3 ] DEBUG Engine               - isMainMenuEnabled: false
14:18:24.267 [FXGL Background Thread 3 ] DEBUG Engine               - isManualResizeEnabled: false
14:18:24.267 [FXGL Background Thread 3 ] DEBUG Engine               - isMobile: false
14:18:24.267 [FXGL Background Thread 3 ] DEBUG Engine               - isNative: false
14:18:24.267 [FXGL Background Thread 3 ] DEBUG Engine               - isPauseMusicWhenMinimized: true
14:18:24.267 [FXGL Background Thread 3 ] DEBUG Engine               - isPreserveResizeRatio: true
14:18:24.267 [FXGL Background Thread 3 ] DEBUG Engine               - isProfilingEnabled: false
14:18:24.267 [FXGL Background Thread 3 ] DEBUG Engine               - isScaleAffectedOnResize: true
14:18:24.267 [FXGL Background Thread 3 ] DEBUG Engine               - isSingleStep: false
14:18:24.267 [FXGL Background Thread 3 ] DEBUG Engine               - isUserProfileEnabled: false
14:18:24.267 [FXGL Background Thread 3 ] DEBUG Engine               - isWindows: true
14:18:24.267 [FXGL Background Thread 3 ] DEBUG Engine               - language: ObjectProperty [value: ENGLISH]
14:18:24.267 [FXGL Background Thread 3 ] DEBUG Engine               - menuKey: ESCAPE
14:18:24.267 [FXGL Background Thread 3 ] DEBUG Engine               - mouseSensitivity: 0.2
14:18:24.267 [FXGL Background Thread 3 ] DEBUG Engine               - notificationViewClass: class com.almasb.fxgl.notification.view.XboxNotificationView
14:18:24.267 [FXGL Background Thread 3 ] DEBUG Engine               - pixelsPerMeter: 50.0
14:18:24.267 [FXGL Background Thread 3 ] DEBUG Engine               - platform: WINDOWS
14:18:24.267 [FXGL Background Thread 3 ] DEBUG Engine               - prefHeightProperty: ReadOnlyDoubleProperty [value: 720.0]
14:18:24.267 [FXGL Background Thread 3 ] DEBUG Engine               - prefWidthProperty: ReadOnlyDoubleProperty [value: 1280.0]
14:18:24.267 [FXGL Background Thread 3 ] DEBUG Engine               - profileDir: profiles/
14:18:24.267 [FXGL Background Thread 3 ] DEBUG Engine               - profileName: StringProperty [value: DEFAULT]
14:18:24.267 [FXGL Background Thread 3 ] DEBUG Engine               - randomSeed: -1
14:18:24.267 [FXGL Background Thread 3 ] DEBUG Engine               - runtimeInfo: RuntimeInfo(platform=WINDOWS, version=21.1, build=27.03.2024 07.52)
14:18:24.267 [FXGL Background Thread 3 ] DEBUG Engine               - saveFileExt: sav
14:18:24.267 [FXGL Background Thread 3 ] DEBUG Engine               - scaledHeightProp$fxgl: DoubleProperty [bound, value: 720.0]
14:18:24.267 [FXGL Background Thread 3 ] DEBUG Engine               - scaledWidthProp$fxgl: DoubleProperty [bound, value: 1280.0]
14:18:24.268 [FXGL Background Thread 3 ] DEBUG Engine               - sceneFactory: com.almasb.fxgl.app.scene.SceneFactory@a42dcad
14:18:24.268 [FXGL Background Thread 3 ] DEBUG Engine               - secondsIn24h: 60
14:18:24.268 [FXGL Background Thread 3 ] DEBUG Engine               - soundMenuBack: menu/back.wav
14:18:24.268 [FXGL Background Thread 3 ] DEBUG Engine               - soundMenuPress: menu/press.wav
14:18:24.268 [FXGL Background Thread 3 ] DEBUG Engine               - soundMenuSelect: menu/select.wav
14:18:24.268 [FXGL Background Thread 3 ] DEBUG Engine               - soundNotification: core/notification.wav
14:18:24.268 [FXGL Background Thread 3 ] DEBUG Engine               - stageStyle: DECORATED
14:18:24.268 [FXGL Background Thread 3 ] DEBUG Engine               - supportedLanguages: [ENGLISH, FRENCH, GERMAN, HUNGARIAN, RUSSIAN]
14:18:24.268 [FXGL Background Thread 3 ] DEBUG Engine               - ticksPerSecond: -1
14:18:24.268 [FXGL Background Thread 3 ] DEBUG Engine               - title: RougeVolley — 地牢探险
14:18:24.268 [FXGL Background Thread 3 ] DEBUG Engine               - urlGithub: https://github.com/AlmasB/FXGL
14:18:24.268 [FXGL Background Thread 3 ] DEBUG Engine               - urlLeaderboard: http://fxgl-top.herokuapp.com/
14:18:24.268 [FXGL Background Thread 3 ] DEBUG Engine               - urlPOM: https://raw.githubusercontent.com/AlmasB/FXGL/release/README.md
14:18:24.268 [FXGL Background Thread 3 ] DEBUG Engine               - userAppClass: class org.example.rougevolley.RougeVolleyFXGL
14:18:24.268 [FXGL Background Thread 3 ] DEBUG Engine               - version: 0.1.0
14:18:24.268 [FXGL Background Thread 3 ] DEBUG Engine               - versionCheckDays: 7
14:18:24.268 [FXGL Background Thread 3 ] DEBUG Engine               - width: 1280
14:18:24.268 [FXGL Background Thread 3 ] DEBUG Engine               - Logging services
14:18:24.268 [FXGL Background Thread 3 ] DEBUG Engine               - class com.almasb.fxgl.app.services.FXGLAssetLoaderService
14:18:24.268 [FXGL Background Thread 3 ] DEBUG Engine               - class com.almasb.fxgl.app.FXGLApplication$GameApplicationService
14:18:24.268 [FXGL Background Thread 3 ] DEBUG Engine               - class com.almasb.fxgl.app.services.FXGLDialogService
14:18:24.268 [FXGL Background Thread 3 ] DEBUG Engine               - class com.almasb.fxgl.app.services.IOTaskExecutorService
14:18:24.268 [FXGL Background Thread 3 ] DEBUG Engine               - class com.almasb.fxgl.io.FileSystemService
14:18:24.268 [FXGL Background Thread 3 ] DEBUG Engine               - class com.almasb.fxgl.localization.LocalizationService
14:18:24.268 [FXGL Background Thread 3 ] DEBUG Engine               - class com.almasb.fxgl.app.services.SystemBundleService
14:18:24.268 [FXGL Background Thread 3 ] DEBUG Engine               - class com.almasb.fxgl.profile.SaveLoadService
14:18:24.268 [FXGL Background Thread 3 ] DEBUG Engine               - class com.almasb.fxgl.ui.FXGLUIFactoryServiceProvider
14:18:24.268 [FXGL Background Thread 3 ] DEBUG Engine               - class com.almasb.fxgl.ui.FXGLDialogFactoryServiceProvider
14:18:24.268 [FXGL Background Thread 3 ] DEBUG Engine               - class com.almasb.fxgl.audio.AudioPlayer
14:18:24.268 [FXGL Background Thread 3 ] DEBUG Engine               - class com.almasb.fxgl.notification.impl.NotificationServiceProvider
14:18:24.268 [FXGL Background Thread 3 ] DEBUG Engine               - class com.almasb.fxgl.achievement.AchievementService
14:18:24.268 [FXGL Background Thread 3 ] DEBUG Engine               - class com.almasb.fxgl.cutscene.CutsceneService
14:18:24.268 [FXGL Background Thread 3 ] DEBUG Engine               - class com.almasb.fxgl.minigames.MiniGameService
14:18:24.268 [FXGL Background Thread 3 ] DEBUG Engine               - class com.almasb.fxgl.net.NetService
14:18:24.268 [FXGL Background Thread 3 ] DEBUG Engine               - class com.almasb.fxgl.app.services.UpdaterService
14:18:24.268 [FXGL Background Thread 3 ] DEBUG Engine               - class com.almasb.fxgl.dev.DevService
14:18:25.146 [JavaFX Application Thread] DEBUG FXGLApplication      - Exiting FXGL
14:18:25.146 [JavaFX Application Thread] DEBUG LoopRunner           - Stopping loop
14:18:25.146 [JavaFX Application Thread] DEBUG SystemBundleService  - Saving FXGL system data
14:18:25.148 [JavaFX Application Thread] DEBUG FileSystemAccess     - Writing to: C:\Users\19559\IdeaProjects\RougeVolley\system\fxgl.bundle
14:18:25.149 [JavaFX Application Thread] DEBUG Async                - Shutting down background threads
14:18:25.149 [JavaFX Application Thread] DEBUG PrimaryStageWindow   - Closing main window
14:18:25.188 [JavaFX Application Thread] DEBUG Logger               - Closing Logger
