16:41:47.070 [main                     ] DEBUG Logger               - Configured Logger
16:41:47.085 [main                     ] DEBUG GameApplication      - Logging settings
Title: RougeVolley — 地牢探险
Version: 0.1.0
Width: 1280
Height: 720
Fullscreen: false
Intro: false
Profiling: false
Single step:false
App Mode: DEVELOPER
Menu Key: ESCAPE
Stage Style: DECORATED
Scene Factory: class com.almasb.fxgl.app.scene.SceneFactory

16:41:47.404 [JavaFX Application Thread] DEBUG FXGLApplication      - Initializing FXGL
16:41:47.406 [JavaFX Application Thread] INFO  Engine               - FXGL-21.1 (27.03.2024 07.52) on WINDOWS (J:21.0.2 FX:21)
16:41:47.406 [JavaFX Application Thread] DEBUG Engine               - JRE Vendor Name: Oracle Corporation
16:41:47.406 [JavaFX Application Thread] DEBUG Engine               - Running on OS: Windows 11 version 10.0
16:41:47.406 [JavaFX Application Thread] DEBUG Engine               - Architecture: amd64
16:41:47.406 [JavaFX Application Thread] INFO  Engine               - Source code and latest versions at: https://github.com/AlmasB/FXGL
16:41:47.406 [JavaFX Application Thread] INFO  Engine               -       Ask questions and discuss at: https://github.com/AlmasB/FXGL/discussions
16:41:47.406 [JavaFX Application Thread] INFO  Engine               -              Join the FXGL chat at: https://gitter.im/AlmasB/FXGL
16:41:47.481 [JavaFX Application Thread] DEBUG PrimaryStageWindow   - Creating a JavaFX scene
16:41:47.519 [JavaFX Application Thread] DEBUG PrimaryStageWindow   - Target settings size: 1280.0 x 720.0
16:41:47.520 [JavaFX Application Thread] DEBUG PrimaryStageWindow   - Scaled scene size:    1280.0 x 720.0
16:41:47.520 [JavaFX Application Thread] DEBUG PrimaryStageWindow   - Scaled ratio: (1.0, 1.0)
16:41:47.521 [JavaFX Application Thread] DEBUG PrimaryStageWindow   - Set initial scene to FXGLStartupScene
16:41:47.523 [JavaFX Application Thread] DEBUG PrimaryStageWindow   - Opening main window
16:41:47.598 [JavaFX Application Thread] DEBUG PrimaryStageWindow   - Window border size: (14.6666259765625, 37.33331298828125)
16:41:47.598 [JavaFX Application Thread] DEBUG PrimaryStageWindow   - Scaled size: 1280.0 x 720.0
16:41:47.598 [JavaFX Application Thread] DEBUG PrimaryStageWindow   - Scaled ratio: (1.0, 1.0)
16:41:47.599 [JavaFX Application Thread] DEBUG PrimaryStageWindow   - Scene size: 1280.0 x 720.0
16:41:47.599 [JavaFX Application Thread] DEBUG PrimaryStageWindow   - Stage size: 1294.6666259765625 x 757.3333129882812
16:41:47.605 [FXGL Background Thread 1 ] DEBUG Engine               - Initializing environment variables
16:41:47.650 [FXGL Background Thread 1 ] DEBUG FXGLAssetLoaderServi - User app class for loading assets: class org.example.rougevolley.RougeVolleyFXGL
16:41:47.651 [FXGL Background Thread 1 ] DEBUG GameApplicationServi - Applying CSS: fxgl_dark.css
16:41:47.651 [FXGL Background Thread 1 ] DEBUG FXGLAssetLoaderServi - Loading from file system: jar:file:/C:/Users/123/.m2/repository/com/github/almasb/fxgl/21.1/fxgl-21.1.jar!/fxglassets/ui/css/fxgl_dark.css
16:41:47.680 [FXGL Background Thread 1 ] DEBUG GameApplicationServi - Initializing application scenes
16:41:47.741 [FXGL Background Thread 1 ] DEBUG GameWorld            - Game world initialized
16:41:47.787 [FXGL Background Thread 1 ] DEBUG PhysicsWorld         - Physics world initialized: appHeight=720, physics.ppm=50.0
16:41:47.787 [FXGL Background Thread 1 ] DEBUG PhysicsWorld         - Using strategy: BRUTE_FORCE
16:41:47.790 [FXGL Background Thread 1 ] DEBUG GameScene            - Game scene initialized: 1280x720
16:41:47.790 [FXGL Background Thread 1 ] DEBUG GameApplicationServi - Application scenes initialized
16:41:47.804 [FXGL Background Thread 1 ] DEBUG SystemBundleService  - Loading FXGL system data
16:41:47.808 [FXGL Background Thread 1 ] DEBUG FileSystemAccess     - Reading from: C:\Users\123\IdeaProjects\RougeVolley\system\fxgl.bundle
16:41:47.814 [FXGL Background Thread 1 ] DEBUG SystemBundleService  - Bundle FXGL: {}
16:41:47.814 [FXGL Background Thread 1 ] DEBUG UpdaterService       - Checking for updates
16:41:47.818 [FXGL Background Thread 4 ] DEBUG FXGLApplication      - Loading fonts
16:41:47.818 [FXGL Background Thread 4 ] DEBUG FXGLAssetLoaderServi - Loading from file system: jar:file:/C:/Users/123/.m2/repository/com/github/almasb/fxgl/21.1/fxgl-21.1.jar!/fxglassets/ui/fonts/VarelaRound-Regular.ttf
16:41:47.818 [FXGL Background Thread 1 ] DEBUG FXGLApplication      - Loading default localization
16:41:47.819 [FXGL Background Thread 1 ] DEBUG FXGLAssetLoaderServi - Loading from file system: jar:file:/C:/Users/123/.m2/repository/com/github/almasb/fxgl/21.1/fxgl-21.1.jar!/fxglassets/languages/english.lang
16:41:47.849 [FXGL Background Thread 1 ] INFO  FXGLApplication      - FXGL initialization took: 0.244 sec
16:41:47.854 [FXGL Background Thread 4 ] DEBUG FXGLAssetLoaderServi - Loading from file system: jar:file:/C:/Users/123/.m2/repository/com/github/almasb/fxgl/21.1/fxgl-21.1.jar!/fxglassets/ui/fonts/Abel-Regular.ttf
16:41:47.856 [JavaFX Application Thread] DEBUG Input                - Registered new binding: Move Up - W
16:41:47.856 [JavaFX Application Thread] DEBUG Input                - Registered new binding: Move Up Arrow - Up
16:41:47.856 [JavaFX Application Thread] DEBUG Input                - Registered new binding: Move Down - S
16:41:47.857 [JavaFX Application Thread] DEBUG Input                - Registered new binding: Move Down Arrow - Down
16:41:47.857 [JavaFX Application Thread] DEBUG Input                - Registered new binding: Move Left - A
16:41:47.857 [JavaFX Application Thread] DEBUG Input                - Registered new binding: Move Left Arrow - Left
16:41:47.857 [JavaFX Application Thread] DEBUG Input                - Registered new binding: Move Right - D
16:41:47.857 [JavaFX Application Thread] DEBUG Input                - Registered new binding: Move Right Arrow - Right
16:41:47.859 [JavaFX Application Thread] DEBUG Input                - Registered new binding: Fire - LMB
16:41:47.859 [JavaFX Application Thread] DEBUG FXGLAssetLoaderServi - Loading from file system: jar:file:/C:/Users/123/.m2/repository/com/github/almasb/fxgl/21.1/fxgl-21.1.jar!/fxglassets/textures/fxgl_icon.png
16:41:47.862 [FXGL Background Thread 4 ] DEBUG FXGLAssetLoaderServi - Loading from file system: jar:file:/C:/Users/123/.m2/repository/com/github/almasb/fxgl/21.1/fxgl-21.1.jar!/fxglassets/ui/fonts/TerminalLandMono-Regular.otf
16:41:47.870 [FXGL Background Thread 4 ] DEBUG FXGLAssetLoaderServi - Loading from file system: jar:file:/C:/Users/123/.m2/repository/com/github/almasb/fxgl/21.1/fxgl-21.1.jar!/fxglassets/ui/fonts/Courier-Prime.ttf
16:41:47.897 [JavaFX Application Thread] DEBUG FXGLAssetLoaderServi - Loading from file system: jar:file:/C:/Users/123/.m2/repository/com/github/almasb/fxgl/21.1/fxgl-21.1.jar!/fxglassets/textures/fxgl_default_cursor.png
16:41:47.900 [JavaFX Application Thread] DEBUG Input                - Registered new binding: Screenshot - CTRL+8
16:41:47.901 [JavaFX Application Thread] DEBUG Input                - Registered new binding: System info dump - CTRL+9
16:41:47.902 [JavaFX Application Thread] DEBUG Input                - Registered new binding: Restart - CTRL+R
16:41:47.904 [JavaFX Application Thread] DEBUG Input                - Registered new binding: Toggle Debug Camera - CTRL+7
16:41:47.911 [JavaFX Application Thread] DEBUG LoopRunner           - Starting loop
16:41:47.911 [JavaFX Application Thread] DEBUG LoopRunner           - Initializing JavaFX AnimationTimerLoop
16:41:47.915 [JavaFX Application Thread] DEBUG GameApplicationServi - Starting new game
16:41:47.916 [JavaFX Application Thread] DEBUG Input                - Clearing active input actions
16:41:47.928 [JavaFX Application Thread] DEBUG GameApplicationServi - Removing overlay from FXGLStartupScene and adding to FXGLLoadingScene
16:41:47.928 [JavaFX Application Thread] DEBUG PrimaryStageWindow   - FXGLStartupScene -> FXGLLoadingScene
16:41:47.928 [JavaFX Application Thread] DEBUG GameApplicationServi - Clearing previous game
16:41:47.928 [JavaFX Application Thread] DEBUG GameScene            - Clearing game scene
16:41:47.928 [JavaFX Application Thread] DEBUG GameWorld            - Clearing game world
16:41:47.928 [JavaFX Application Thread] DEBUG PhysicsWorld         - Clearing physics world
16:41:47.931 [FXGL Background Thread 4 ] DEBUG FXGLApplication      - Initializing game
16:41:47.932 [JavaFX Application Thread] DEBUG FXGLApplication      - Registering font factories with UI factory
16:41:47.935 [FXGL Background Thread 4 ] INFO  RougeVolleyFXGL      - RougeVolley initializing... seed=-7912868475347463759
16:41:47.947 [FXGL Background Thread 4 ] INFO  RougeVolleyFXGL      - Spawned 8 test enemies
16:41:47.948 [FXGL Background Thread 4 ] INFO  RougeVolleyFXGL      - RougeVolley initialized. Player at (1500.0, 1500.0)
16:41:47.948 [FXGL Background Thread 4 ] INFO  FXGLApplication      - Game initialization took: 0.017 sec
16:41:47.994 [JavaFX Application Thread] DEBUG Input                - Clearing active input actions
16:41:47.997 [JavaFX Application Thread] DEBUG GameApplicationServi - Removing overlay from FXGLLoadingScene and adding to GameScene
16:41:47.997 [JavaFX Application Thread] DEBUG PrimaryStageWindow   - FXGLLoadingScene -> GameScene
16:41:48.119 [FXGL Background Thread 2 ] WARN  UpdaterService       - Failed to find updates: javax.net.ssl.SSLHandshakeException: PKIX path building failed: sun.security.provider.certpath.SunCertPathBuilderException: unable to find valid certification path to requested target
16:41:50.818 [FXGL Background Thread 3 ] DEBUG Engine               - Logging environment variables
16:41:50.818 [FXGL Background Thread 3 ] DEBUG Engine               - achievements: []
16:41:50.818 [FXGL Background Thread 3 ] DEBUG Engine               - actualHeight: 720.0
16:41:50.818 [FXGL Background Thread 3 ] DEBUG Engine               - actualHeightProperty: ReadOnlyDoubleProperty [value: 720.0]
16:41:50.818 [FXGL Background Thread 3 ] DEBUG Engine               - actualWidth: 1280.0
16:41:50.819 [FXGL Background Thread 3 ] DEBUG Engine               - actualWidthProperty: ReadOnlyDoubleProperty [value: 1280.0]
16:41:50.819 [FXGL Background Thread 3 ] DEBUG Engine               - appIcon: fxgl_icon.png
16:41:50.819 [FXGL Background Thread 3 ] DEBUG Engine               - applicationMode: DEVELOPER
16:41:50.819 [FXGL Background Thread 3 ] DEBUG Engine               - cSSList: [fxgl_dark.css]
16:41:50.819 [FXGL Background Thread 3 ] DEBUG Engine               - collisionDetectionStrategy: BRUTE_FORCE
16:41:50.819 [FXGL Background Thread 3 ] DEBUG Engine               - configClass: Optional.empty
16:41:50.819 [FXGL Background Thread 3 ] DEBUG Engine               - credits: []
16:41:50.820 [FXGL Background Thread 3 ] DEBUG Engine               - defaultCursor: CursorInfo(imageName=fxgl_default_cursor.png, hotspotX=7.0, hotspotY=6.0)
16:41:50.820 [FXGL Background Thread 3 ] DEBUG Engine               - devBBoxColorProperty: ObjectProperty [value: 0xff0000ff]
16:41:50.820 [FXGL Background Thread 3 ] DEBUG Engine               - devEnableDebugCameraProperty: BooleanProperty [value: false]
16:41:50.820 [FXGL Background Thread 3 ] DEBUG Engine               - devSensorColorProperty: ObjectProperty [value: 0xffff00ff]
16:41:50.820 [FXGL Background Thread 3 ] DEBUG Engine               - devShowBBoxProperty: BooleanProperty [value: false]
16:41:50.820 [FXGL Background Thread 3 ] DEBUG Engine               - devShowPositionProperty: BooleanProperty [value: false]
16:41:50.821 [FXGL Background Thread 3 ] DEBUG Engine               - enabledMenuItems: []
16:41:50.821 [FXGL Background Thread 3 ] DEBUG Engine               - engineServices: [class com.almasb.fxgl.app.services.FXGLAssetLoaderService, class com.almasb.fxgl.app.FXGLApplication$GameApplicationService, class com.almasb.fxgl.app.services.FXGLDialogService, class com.almasb.fxgl.app.services.IOTaskExecutorService, class com.almasb.fxgl.io.FileSystemService, class com.almasb.fxgl.localization.LocalizationService, class com.almasb.fxgl.app.services.SystemBundleService, class com.almasb.fxgl.profile.SaveLoadService, class com.almasb.fxgl.ui.FXGLUIFactoryServiceProvider, class com.almasb.fxgl.ui.FXGLDialogFactoryServiceProvider, class com.almasb.fxgl.audio.AudioPlayer, class com.almasb.fxgl.notification.impl.NotificationServiceProvider, class com.almasb.fxgl.achievement.AchievementService, class com.almasb.fxgl.cutscene.CutsceneService, class com.almasb.fxgl.minigames.MiniGameService, class com.almasb.fxgl.net.NetService, class com.almasb.fxgl.app.services.UpdaterService, class com.almasb.fxgl.dev.DevService]
16:41:50.821 [FXGL Background Thread 3 ] DEBUG Engine               - fontGame: Abel-Regular.ttf
16:41:50.821 [FXGL Background Thread 3 ] DEBUG Engine               - fontMono: TerminalLandMono-Regular.otf
16:41:50.821 [FXGL Background Thread 3 ] DEBUG Engine               - fontSizeScaleUI: 1.0
16:41:50.821 [FXGL Background Thread 3 ] DEBUG Engine               - fontText: Courier-Prime.ttf
16:41:50.821 [FXGL Background Thread 3 ] DEBUG Engine               - fontUI: VarelaRound-Regular.ttf
16:41:50.821 [FXGL Background Thread 3 ] DEBUG Engine               - fullScreen: BooleanProperty [value: false]
16:41:50.821 [FXGL Background Thread 3 ] DEBUG Engine               - gameDifficulty: MEDIUM
16:41:50.821 [FXGL Background Thread 3 ] DEBUG Engine               - gameDifficultyProperty: ObjectProperty [value: MEDIUM]
16:41:50.821 [FXGL Background Thread 3 ] DEBUG Engine               - globalMusicVolume: 0.5
16:41:50.821 [FXGL Background Thread 3 ] DEBUG Engine               - globalMusicVolumeProperty: DoubleProperty [value: 0.5]
16:41:50.821 [FXGL Background Thread 3 ] DEBUG Engine               - globalSoundVolume: 0.5
16:41:50.821 [FXGL Background Thread 3 ] DEBUG Engine               - globalSoundVolumeProperty: DoubleProperty [value: 0.5]
16:41:50.821 [FXGL Background Thread 3 ] DEBUG Engine               - height: 720
16:41:50.821 [FXGL Background Thread 3 ] DEBUG Engine               - is3D: false
16:41:50.821 [FXGL Background Thread 3 ] DEBUG Engine               - isAndroid: false
16:41:50.821 [FXGL Background Thread 3 ] DEBUG Engine               - isBrowser: false
16:41:50.821 [FXGL Background Thread 3 ] DEBUG Engine               - isClickFeedbackEnabled: false
16:41:50.821 [FXGL Background Thread 3 ] DEBUG Engine               - isCloseConfirmation: false
16:41:50.821 [FXGL Background Thread 3 ] DEBUG Engine               - isDesktop: true
16:41:50.821 [FXGL Background Thread 3 ] DEBUG Engine               - isDeveloperMenuEnabled: false
16:41:50.821 [FXGL Background Thread 3 ] DEBUG Engine               - isEmbedded: false
16:41:50.821 [FXGL Background Thread 3 ] DEBUG Engine               - isEntityPreloadEnabled: true
16:41:50.821 [FXGL Background Thread 3 ] DEBUG Engine               - isExperimentalTiledLargeMap: false
16:41:50.821 [FXGL Background Thread 3 ] DEBUG Engine               - isFileSystemWriteAllowed: true
16:41:50.821 [FXGL Background Thread 3 ] DEBUG Engine               - isFullScreenAllowed: false
16:41:50.821 [FXGL Background Thread 3 ] DEBUG Engine               - isFullScreenFromStart: false
16:41:50.821 [FXGL Background Thread 3 ] DEBUG Engine               - isGameMenuEnabled: false
16:41:50.822 [FXGL Background Thread 3 ] DEBUG Engine               - isIOS: false
16:41:50.822 [FXGL Background Thread 3 ] DEBUG Engine               - isIntroEnabled: false
16:41:50.822 [FXGL Background Thread 3 ] DEBUG Engine               - isLinux: false
16:41:50.822 [FXGL Background Thread 3 ] DEBUG Engine               - isMac: false
16:41:50.822 [FXGL Background Thread 3 ] DEBUG Engine               - isMainMenuEnabled: false
16:41:50.822 [FXGL Background Thread 3 ] DEBUG Engine               - isManualResizeEnabled: false
16:41:50.822 [FXGL Background Thread 3 ] DEBUG Engine               - isMobile: false
16:41:50.822 [FXGL Background Thread 3 ] DEBUG Engine               - isNative: false
16:41:50.822 [FXGL Background Thread 3 ] DEBUG Engine               - isPauseMusicWhenMinimized: true
16:41:50.822 [FXGL Background Thread 3 ] DEBUG Engine               - isPreserveResizeRatio: true
16:41:50.822 [FXGL Background Thread 3 ] DEBUG Engine               - isProfilingEnabled: false
16:41:50.822 [FXGL Background Thread 3 ] DEBUG Engine               - isScaleAffectedOnResize: true
16:41:50.822 [FXGL Background Thread 3 ] DEBUG Engine               - isSingleStep: false
16:41:50.822 [FXGL Background Thread 3 ] DEBUG Engine               - isUserProfileEnabled: false
16:41:50.822 [FXGL Background Thread 3 ] DEBUG Engine               - isWindows: true
16:41:50.822 [FXGL Background Thread 3 ] DEBUG Engine               - language: ObjectProperty [value: ENGLISH]
16:41:50.822 [FXGL Background Thread 3 ] DEBUG Engine               - menuKey: ESCAPE
16:41:50.822 [FXGL Background Thread 3 ] DEBUG Engine               - mouseSensitivity: 0.2
16:41:50.822 [FXGL Background Thread 3 ] DEBUG Engine               - notificationViewClass: class com.almasb.fxgl.notification.view.XboxNotificationView
16:41:50.822 [FXGL Background Thread 3 ] DEBUG Engine               - pixelsPerMeter: 50.0
16:41:50.822 [FXGL Background Thread 3 ] DEBUG Engine               - platform: WINDOWS
16:41:50.822 [FXGL Background Thread 3 ] DEBUG Engine               - prefHeightProperty: ReadOnlyDoubleProperty [value: 720.0]
16:41:50.822 [FXGL Background Thread 3 ] DEBUG Engine               - prefWidthProperty: ReadOnlyDoubleProperty [value: 1280.0]
16:41:50.822 [FXGL Background Thread 3 ] DEBUG Engine               - profileDir: profiles/
16:41:50.822 [FXGL Background Thread 3 ] DEBUG Engine               - profileName: StringProperty [value: DEFAULT]
16:41:50.822 [FXGL Background Thread 3 ] DEBUG Engine               - randomSeed: -1
16:41:50.822 [FXGL Background Thread 3 ] DEBUG Engine               - runtimeInfo: RuntimeInfo(platform=WINDOWS, version=21.1, build=27.03.2024 07.52)
16:41:50.822 [FXGL Background Thread 3 ] DEBUG Engine               - saveFileExt: sav
16:41:50.822 [FXGL Background Thread 3 ] DEBUG Engine               - scaledHeightProp$fxgl: DoubleProperty [bound, value: 720.0]
16:41:50.822 [FXGL Background Thread 3 ] DEBUG Engine               - scaledWidthProp$fxgl: DoubleProperty [bound, value: 1280.0]
16:41:50.822 [FXGL Background Thread 3 ] DEBUG Engine               - sceneFactory: com.almasb.fxgl.app.scene.SceneFactory@28e5d005
16:41:50.822 [FXGL Background Thread 3 ] DEBUG Engine               - secondsIn24h: 60
16:41:50.822 [FXGL Background Thread 3 ] DEBUG Engine               - soundMenuBack: menu/back.wav
16:41:50.822 [FXGL Background Thread 3 ] DEBUG Engine               - soundMenuPress: menu/press.wav
16:41:50.822 [FXGL Background Thread 3 ] DEBUG Engine               - soundMenuSelect: menu/select.wav
16:41:50.822 [FXGL Background Thread 3 ] DEBUG Engine               - soundNotification: core/notification.wav
16:41:50.822 [FXGL Background Thread 3 ] DEBUG Engine               - stageStyle: DECORATED
16:41:50.822 [FXGL Background Thread 3 ] DEBUG Engine               - supportedLanguages: [ENGLISH, FRENCH, GERMAN, HUNGARIAN, RUSSIAN]
16:41:50.822 [FXGL Background Thread 3 ] DEBUG Engine               - ticksPerSecond: -1
16:41:50.822 [FXGL Background Thread 3 ] DEBUG Engine               - title: RougeVolley — 地牢探险
16:41:50.822 [FXGL Background Thread 3 ] DEBUG Engine               - urlGithub: https://github.com/AlmasB/FXGL
16:41:50.822 [FXGL Background Thread 3 ] DEBUG Engine               - urlLeaderboard: http://fxgl-top.herokuapp.com/
16:41:50.822 [FXGL Background Thread 3 ] DEBUG Engine               - urlPOM: https://raw.githubusercontent.com/AlmasB/FXGL/release/README.md
16:41:50.823 [FXGL Background Thread 3 ] DEBUG Engine               - userAppClass: class org.example.rougevolley.RougeVolleyFXGL
16:41:50.823 [FXGL Background Thread 3 ] DEBUG Engine               - version: 0.1.0
16:41:50.823 [FXGL Background Thread 3 ] DEBUG Engine               - versionCheckDays: 7
16:41:50.823 [FXGL Background Thread 3 ] DEBUG Engine               - width: 1280
16:41:50.823 [FXGL Background Thread 3 ] DEBUG Engine               - Logging services
16:41:50.823 [FXGL Background Thread 3 ] DEBUG Engine               - class com.almasb.fxgl.app.services.FXGLAssetLoaderService
16:41:50.823 [FXGL Background Thread 3 ] DEBUG Engine               - class com.almasb.fxgl.app.FXGLApplication$GameApplicationService
16:41:50.823 [FXGL Background Thread 3 ] DEBUG Engine               - class com.almasb.fxgl.app.services.FXGLDialogService
16:41:50.823 [FXGL Background Thread 3 ] DEBUG Engine               - class com.almasb.fxgl.app.services.IOTaskExecutorService
16:41:50.823 [FXGL Background Thread 3 ] DEBUG Engine               - class com.almasb.fxgl.io.FileSystemService
16:41:50.823 [FXGL Background Thread 3 ] DEBUG Engine               - class com.almasb.fxgl.localization.LocalizationService
16:41:50.823 [FXGL Background Thread 3 ] DEBUG Engine               - class com.almasb.fxgl.app.services.SystemBundleService
16:41:50.823 [FXGL Background Thread 3 ] DEBUG Engine               - class com.almasb.fxgl.profile.SaveLoadService
16:41:50.823 [FXGL Background Thread 3 ] DEBUG Engine               - class com.almasb.fxgl.ui.FXGLUIFactoryServiceProvider
16:41:50.823 [FXGL Background Thread 3 ] DEBUG Engine               - class com.almasb.fxgl.ui.FXGLDialogFactoryServiceProvider
16:41:50.823 [FXGL Background Thread 3 ] DEBUG Engine               - class com.almasb.fxgl.audio.AudioPlayer
16:41:50.823 [FXGL Background Thread 3 ] DEBUG Engine               - class com.almasb.fxgl.notification.impl.NotificationServiceProvider
16:41:50.823 [FXGL Background Thread 3 ] DEBUG Engine               - class com.almasb.fxgl.achievement.AchievementService
16:41:50.823 [FXGL Background Thread 3 ] DEBUG Engine               - class com.almasb.fxgl.cutscene.CutsceneService
16:41:50.823 [FXGL Background Thread 3 ] DEBUG Engine               - class com.almasb.fxgl.minigames.MiniGameService
16:41:50.823 [FXGL Background Thread 3 ] DEBUG Engine               - class com.almasb.fxgl.net.NetService
16:41:50.823 [FXGL Background Thread 3 ] DEBUG Engine               - class com.almasb.fxgl.app.services.UpdaterService
16:41:50.823 [FXGL Background Thread 3 ] DEBUG Engine               - class com.almasb.fxgl.dev.DevService
16:42:00.674 [JavaFX Application Thread] DEBUG EventBus             - Firing event: javafx.event.Event[source=javafx.event.Event$$Lambda/0x000001ef2e170a20@6bbd51bf]
16:42:01.595 [JavaFX Application Thread] DEBUG FXGLApplication      - Exiting FXGL
16:42:01.595 [JavaFX Application Thread] DEBUG LoopRunner           - Stopping loop
16:42:01.595 [JavaFX Application Thread] DEBUG SystemBundleService  - Saving FXGL system data
16:42:01.598 [JavaFX Application Thread] DEBUG FileSystemAccess     - Writing to: C:\Users\123\IdeaProjects\RougeVolley\system\fxgl.bundle
16:42:01.600 [JavaFX Application Thread] DEBUG Async                - Shutting down background threads
16:42:01.600 [JavaFX Application Thread] DEBUG PrimaryStageWindow   - Closing main window
16:42:01.614 [JavaFX Application Thread] DEBUG Logger               - Closing Logger
