18:32:26.262 [main                     ] DEBUG Logger               - Configured Logger
18:32:26.277 [main                     ] DEBUG GameApplication      - Logging settings
Title: RougeVolley — 地牢探险
Version: 0.1.0
Width: 1280
Height: 720
Fullscreen: false
Intro: false
Profiling: false
Single step:false
App Mode: DEVELOPER
Menu Key: ESCAPE
Stage Style: DECORATED
Scene Factory: class com.almasb.fxgl.app.scene.SceneFactory

18:32:26.664 [JavaFX Application Thread] DEBUG FXGLApplication      - Initializing FXGL
18:32:26.666 [JavaFX Application Thread] INFO  Engine               - FXGL-21.1 (27.03.2024 07.52) on WINDOWS (J:21.0.8 FX:21)
18:32:26.666 [JavaFX Application Thread] DEBUG Engine               - JRE Vendor Name: Microsoft
18:32:26.666 [JavaFX Application Thread] DEBUG Engine               - Running on OS: Windows 11 version 10.0
18:32:26.667 [JavaFX Application Thread] DEBUG Engine               - Architecture: amd64
18:32:26.667 [JavaFX Application Thread] INFO  Engine               - Source code and latest versions at: https://github.com/AlmasB/FXGL
18:32:26.667 [JavaFX Application Thread] INFO  Engine               -       Ask questions and discuss at: https://github.com/AlmasB/FXGL/discussions
18:32:26.667 [JavaFX Application Thread] INFO  Engine               -              Join the FXGL chat at: https://gitter.im/AlmasB/FXGL
18:32:26.733 [JavaFX Application Thread] DEBUG PrimaryStageWindow   - Creating a JavaFX scene
18:32:26.764 [JavaFX Application Thread] DEBUG PrimaryStageWindow   - Target settings size: 1280.0 x 720.0
18:32:26.764 [JavaFX Application Thread] DEBUG PrimaryStageWindow   - Scaled scene size:    1280.0 x 720.0
18:32:26.764 [JavaFX Application Thread] DEBUG PrimaryStageWindow   - Scaled ratio: (1.0, 1.0)
18:32:26.765 [JavaFX Application Thread] DEBUG PrimaryStageWindow   - Set initial scene to FXGLStartupScene
18:32:26.767 [JavaFX Application Thread] DEBUG PrimaryStageWindow   - Opening main window
18:32:26.840 [JavaFX Application Thread] DEBUG PrimaryStageWindow   - Window border size: (14.6666259765625, 37.33331298828125)
18:32:26.840 [JavaFX Application Thread] DEBUG PrimaryStageWindow   - Scaled size: 1280.0 x 720.0
18:32:26.840 [JavaFX Application Thread] DEBUG PrimaryStageWindow   - Scaled ratio: (1.0, 1.0)
18:32:26.841 [JavaFX Application Thread] DEBUG PrimaryStageWindow   - Scene size: 1280.0 x 720.0
18:32:26.841 [JavaFX Application Thread] DEBUG PrimaryStageWindow   - Stage size: 1294.6666259765625 x 757.3333129882812
18:32:26.845 [FXGL Background Thread 1 ] DEBUG Engine               - Initializing environment variables
18:32:26.886 [FXGL Background Thread 1 ] DEBUG FXGLAssetLoaderServi - User app class for loading assets: class org.example.rougevolley.RougeVolleyFXGL
18:32:26.886 [FXGL Background Thread 1 ] DEBUG GameApplicationServi - Applying CSS: fxgl_dark.css
18:32:26.886 [FXGL Background Thread 1 ] DEBUG FXGLAssetLoaderServi - Loading from file system: jar:file:/C:/Users/19559/.m2/repository/com/github/almasb/fxgl/21.1/fxgl-21.1.jar!/fxglassets/ui/css/fxgl_dark.css
18:32:26.913 [FXGL Background Thread 1 ] DEBUG GameApplicationServi - Initializing application scenes
18:32:26.994 [FXGL Background Thread 1 ] DEBUG GameWorld            - Game world initialized
18:32:27.049 [FXGL Background Thread 1 ] DEBUG PhysicsWorld         - Physics world initialized: appHeight=720, physics.ppm=50.0
18:32:27.049 [FXGL Background Thread 1 ] DEBUG PhysicsWorld         - Using strategy: BRUTE_FORCE
18:32:27.052 [FXGL Background Thread 1 ] DEBUG GameScene            - Game scene initialized: 1280x720
18:32:27.052 [FXGL Background Thread 1 ] DEBUG GameApplicationServi - Application scenes initialized
18:32:27.068 [FXGL Background Thread 1 ] DEBUG SystemBundleService  - Loading FXGL system data
18:32:27.070 [FXGL Background Thread 1 ] DEBUG FileSystemAccess     - Reading from: C:\Users\19559\IdeaProjects\RougeVolley\system\fxgl.bundle
18:32:27.076 [FXGL Background Thread 1 ] DEBUG SystemBundleService  - Bundle FXGL: {}
18:32:27.076 [FXGL Background Thread 1 ] DEBUG UpdaterService       - Checking for updates
18:32:27.078 [FXGL Background Thread 4 ] DEBUG FXGLApplication      - Loading fonts
18:32:27.078 [FXGL Background Thread 4 ] DEBUG FXGLAssetLoaderServi - Loading from file system: jar:file:/C:/Users/19559/.m2/repository/com/github/almasb/fxgl/21.1/fxgl-21.1.jar!/fxglassets/ui/fonts/VarelaRound-Regular.ttf
18:32:27.079 [FXGL Background Thread 1 ] DEBUG FXGLApplication      - Loading default localization
18:32:27.079 [FXGL Background Thread 1 ] DEBUG FXGLAssetLoaderServi - Loading from file system: jar:file:/C:/Users/19559/.m2/repository/com/github/almasb/fxgl/21.1/fxgl-21.1.jar!/fxglassets/languages/english.lang
18:32:27.105 [FXGL Background Thread 4 ] DEBUG FXGLAssetLoaderServi - Loading from file system: jar:file:/C:/Users/19559/.m2/repository/com/github/almasb/fxgl/21.1/fxgl-21.1.jar!/fxglassets/ui/fonts/Abel-Regular.ttf
18:32:27.107 [FXGL Background Thread 4 ] DEBUG FXGLAssetLoaderServi - Loading from file system: jar:file:/C:/Users/19559/.m2/repository/com/github/almasb/fxgl/21.1/fxgl-21.1.jar!/fxglassets/ui/fonts/TerminalLandMono-Regular.otf
18:32:27.109 [FXGL Background Thread 4 ] DEBUG FXGLAssetLoaderServi - Loading from file system: jar:file:/C:/Users/19559/.m2/repository/com/github/almasb/fxgl/21.1/fxgl-21.1.jar!/fxglassets/ui/fonts/Courier-Prime.ttf
18:32:27.115 [JavaFX Application Thread] DEBUG FXGLApplication      - Registering font factories with UI factory
18:32:27.115 [FXGL Background Thread 1 ] INFO  FXGLApplication      - FXGL initialization took: 0.269 sec
18:32:27.123 [JavaFX Application Thread] DEBUG Input                - Registered new binding: Move Up - W
18:32:27.123 [JavaFX Application Thread] DEBUG Input                - Registered new binding: Move Up Arrow - Up
18:32:27.123 [JavaFX Application Thread] DEBUG Input                - Registered new binding: Move Down - S
18:32:27.123 [JavaFX Application Thread] DEBUG Input                - Registered new binding: Move Down Arrow - Down
18:32:27.123 [JavaFX Application Thread] DEBUG Input                - Registered new binding: Move Left - A
18:32:27.123 [JavaFX Application Thread] DEBUG Input                - Registered new binding: Move Left Arrow - Left
18:32:27.124 [JavaFX Application Thread] DEBUG Input                - Registered new binding: Move Right - D
18:32:27.124 [JavaFX Application Thread] DEBUG Input                - Registered new binding: Move Right Arrow - Right
18:32:27.125 [JavaFX Application Thread] DEBUG Input                - Registered new binding: Fire - LMB
18:32:27.126 [JavaFX Application Thread] DEBUG FXGLAssetLoaderServi - Loading from file system: jar:file:/C:/Users/19559/.m2/repository/com/github/almasb/fxgl/21.1/fxgl-21.1.jar!/fxglassets/textures/fxgl_icon.png
18:32:27.157 [JavaFX Application Thread] DEBUG FXGLAssetLoaderServi - Loading from file system: jar:file:/C:/Users/19559/.m2/repository/com/github/almasb/fxgl/21.1/fxgl-21.1.jar!/fxglassets/textures/fxgl_default_cursor.png
18:32:27.163 [JavaFX Application Thread] DEBUG Input                - Registered new binding: Screenshot - CTRL+8
18:32:27.164 [JavaFX Application Thread] DEBUG Input                - Registered new binding: System info dump - CTRL+9
18:32:27.165 [JavaFX Application Thread] DEBUG Input                - Registered new binding: Restart - CTRL+R
18:32:27.167 [JavaFX Application Thread] DEBUG Input                - Registered new binding: Toggle Debug Camera - CTRL+7
18:32:27.177 [JavaFX Application Thread] DEBUG LoopRunner           - Starting loop
18:32:27.177 [JavaFX Application Thread] DEBUG LoopRunner           - Initializing JavaFX AnimationTimerLoop
18:32:27.181 [JavaFX Application Thread] DEBUG GameApplicationServi - Starting new game
18:32:27.182 [JavaFX Application Thread] DEBUG Input                - Clearing active input actions
18:32:27.196 [JavaFX Application Thread] DEBUG GameApplicationServi - Removing overlay from FXGLStartupScene and adding to FXGLLoadingScene
18:32:27.196 [JavaFX Application Thread] DEBUG PrimaryStageWindow   - FXGLStartupScene -> FXGLLoadingScene
18:32:27.196 [JavaFX Application Thread] DEBUG GameApplicationServi - Clearing previous game
18:32:27.196 [JavaFX Application Thread] DEBUG GameScene            - Clearing game scene
18:32:27.196 [JavaFX Application Thread] DEBUG GameWorld            - Clearing game world
18:32:27.196 [JavaFX Application Thread] DEBUG PhysicsWorld         - Clearing physics world
18:32:27.199 [FXGL Background Thread 1 ] DEBUG FXGLApplication      - Initializing game
18:32:27.204 [FXGL Background Thread 1 ] INFO  RougeVolleyFXGL      - RougeVolley initializing... seed=3109032794667921586
18:32:27.245 [FXGL Background Thread 1 ] INFO  UpgradeManager       - 已加载 5 个升级选项
18:32:27.282 [FXGL Background Thread 1 ] INFO  RougeVolleyFXGL      - RougeVolley initialized. Waiting for player to start.
18:32:27.283 [FXGL Background Thread 1 ] INFO  FXGLApplication      - Game initialization took: 0.083 sec
18:32:27.327 [JavaFX Application Thread] DEBUG Input                - Clearing active input actions
18:32:27.342 [JavaFX Application Thread] DEBUG GameApplicationServi - Removing overlay from FXGLLoadingScene and adding to GameScene
18:32:27.342 [JavaFX Application Thread] DEBUG PrimaryStageWindow   - FXGLLoadingScene -> GameScene
18:32:27.892 [FXGL Background Thread 2 ] INFO  UpdaterService       - Your current version:  21.1
18:32:27.892 [FXGL Background Thread 2 ] INFO  UpdaterService       - Latest stable version: 25
18:32:28.242 [JavaFX Application Thread] INFO  UpgradeManager       - 已加载 5 个升级选项
18:32:28.273 [JavaFX Application Thread] INFO  RougeVolleyFXGL      - RougeVolley initialized. Dungeon: 6 rooms. Player at (320.0, 224.0)
18:32:28.273 [JavaFX Application Thread] DEBUG EventBus             - Firing event: javafx.event.Event[source=javafx.event.Event$$Lambda/0x000001c30117a630@16f7ec99]
18:32:28.274 [JavaFX Application Thread] INFO  RougeVolleyFXGL      - Spawned 8 test enemies
18:32:28.275 [JavaFX Application Thread] INFO  RougeVolleyFXGL      - New game started. Player at (320.0, 224.0)
18:32:28.851 [JavaFX Application Thread] DEBUG EventBus             - Firing event: javafx.event.Event[source=javafx.event.Event$$Lambda/0x000001c30117a630@16f7ec99]
18:32:29.025 [JavaFX Application Thread] DEBUG EventBus             - Firing event: javafx.event.Event[source=javafx.event.Event$$Lambda/0x000001c30117a630@16f7ec99]
18:32:29.153 [JavaFX Application Thread] DEBUG EventBus             - Firing event: javafx.event.Event[source=javafx.event.Event$$Lambda/0x000001c30117a630@16f7ec99]
18:32:29.313 [JavaFX Application Thread] DEBUG EventBus             - Firing event: javafx.event.Event[source=javafx.event.Event$$Lambda/0x000001c30117a630@16f7ec99]
18:32:29.623 [JavaFX Application Thread] DEBUG EventBus             - Firing event: javafx.event.Event[source=javafx.event.Event$$Lambda/0x000001c30117a630@16f7ec99]
18:32:29.802 [JavaFX Application Thread] DEBUG EventBus             - Firing event: javafx.event.Event[source=javafx.event.Event$$Lambda/0x000001c30117a630@16f7ec99]
18:32:29.937 [JavaFX Application Thread] DEBUG EventBus             - Firing event: javafx.event.Event[source=javafx.event.Event$$Lambda/0x000001c30117a630@16f7ec99]
18:32:29.981 [JavaFX Application Thread] DEBUG EventBus             - Firing event: javafx.event.Event[source=javafx.event.Event$$Lambda/0x000001c30117a630@16f7ec99]
18:32:30.079 [FXGL Background Thread 3 ] DEBUG Engine               - Logging environment variables
18:32:30.079 [FXGL Background Thread 3 ] DEBUG Engine               - achievements: []
18:32:30.079 [FXGL Background Thread 3 ] DEBUG Engine               - actualHeight: 720.0
18:32:30.079 [FXGL Background Thread 3 ] DEBUG Engine               - actualHeightProperty: ReadOnlyDoubleProperty [value: 720.0]
18:32:30.079 [FXGL Background Thread 3 ] DEBUG Engine               - actualWidth: 1280.0
18:32:30.079 [FXGL Background Thread 3 ] DEBUG Engine               - actualWidthProperty: ReadOnlyDoubleProperty [value: 1280.0]
18:32:30.079 [FXGL Background Thread 3 ] DEBUG Engine               - appIcon: fxgl_icon.png
18:32:30.079 [FXGL Background Thread 3 ] DEBUG Engine               - applicationMode: DEVELOPER
18:32:30.079 [FXGL Background Thread 3 ] DEBUG Engine               - cSSList: [fxgl_dark.css]
18:32:30.079 [FXGL Background Thread 3 ] DEBUG Engine               - collisionDetectionStrategy: BRUTE_FORCE
18:32:30.079 [FXGL Background Thread 3 ] DEBUG Engine               - configClass: Optional.empty
18:32:30.079 [FXGL Background Thread 3 ] DEBUG Engine               - credits: []
18:32:30.079 [FXGL Background Thread 3 ] DEBUG Engine               - defaultCursor: CursorInfo(imageName=fxgl_default_cursor.png, hotspotX=7.0, hotspotY=6.0)
18:32:30.079 [FXGL Background Thread 3 ] DEBUG Engine               - devBBoxColorProperty: ObjectProperty [value: 0xff0000ff]
18:32:30.079 [FXGL Background Thread 3 ] DEBUG Engine               - devEnableDebugCameraProperty: BooleanProperty [value: false]
18:32:30.079 [FXGL Background Thread 3 ] DEBUG Engine               - devSensorColorProperty: ObjectProperty [value: 0xffff00ff]
18:32:30.079 [FXGL Background Thread 3 ] DEBUG Engine               - devShowBBoxProperty: BooleanProperty [value: false]
18:32:30.079 [FXGL Background Thread 3 ] DEBUG Engine               - devShowPositionProperty: BooleanProperty [value: false]
18:32:30.079 [FXGL Background Thread 3 ] DEBUG Engine               - enabledMenuItems: []
18:32:30.080 [FXGL Background Thread 3 ] DEBUG Engine               - engineServices: [class com.almasb.fxgl.app.services.FXGLAssetLoaderService, class com.almasb.fxgl.app.FXGLApplication$GameApplicationService, class com.almasb.fxgl.app.services.FXGLDialogService, class com.almasb.fxgl.app.services.IOTaskExecutorService, class com.almasb.fxgl.io.FileSystemService, class com.almasb.fxgl.localization.LocalizationService, class com.almasb.fxgl.app.services.SystemBundleService, class com.almasb.fxgl.profile.SaveLoadService, class com.almasb.fxgl.ui.FXGLUIFactoryServiceProvider, class com.almasb.fxgl.ui.FXGLDialogFactoryServiceProvider, class com.almasb.fxgl.audio.AudioPlayer, class com.almasb.fxgl.notification.impl.NotificationServiceProvider, class com.almasb.fxgl.achievement.AchievementService, class com.almasb.fxgl.cutscene.CutsceneService, class com.almasb.fxgl.minigames.MiniGameService, class com.almasb.fxgl.net.NetService, class com.almasb.fxgl.app.services.UpdaterService, class com.almasb.fxgl.dev.DevService]
18:32:30.080 [FXGL Background Thread 3 ] DEBUG Engine               - fontGame: Abel-Regular.ttf
18:32:30.080 [FXGL Background Thread 3 ] DEBUG Engine               - fontMono: TerminalLandMono-Regular.otf
18:32:30.080 [FXGL Background Thread 3 ] DEBUG Engine               - fontSizeScaleUI: 1.0
18:32:30.080 [FXGL Background Thread 3 ] DEBUG Engine               - fontText: Courier-Prime.ttf
18:32:30.080 [FXGL Background Thread 3 ] DEBUG Engine               - fontUI: VarelaRound-Regular.ttf
18:32:30.080 [FXGL Background Thread 3 ] DEBUG Engine               - fullScreen: BooleanProperty [value: false]
18:32:30.080 [FXGL Background Thread 3 ] DEBUG Engine               - gameDifficulty: MEDIUM
18:32:30.080 [FXGL Background Thread 3 ] DEBUG Engine               - gameDifficultyProperty: ObjectProperty [value: MEDIUM]
18:32:30.080 [FXGL Background Thread 3 ] DEBUG Engine               - globalMusicVolume: 0.5
18:32:30.080 [FXGL Background Thread 3 ] DEBUG Engine               - globalMusicVolumeProperty: DoubleProperty [value: 0.5]
18:32:30.080 [FXGL Background Thread 3 ] DEBUG Engine               - globalSoundVolume: 0.5
18:32:30.080 [FXGL Background Thread 3 ] DEBUG Engine               - globalSoundVolumeProperty: DoubleProperty [value: 0.5]
18:32:30.080 [FXGL Background Thread 3 ] DEBUG Engine               - height: 720
18:32:30.080 [FXGL Background Thread 3 ] DEBUG Engine               - is3D: false
18:32:30.080 [FXGL Background Thread 3 ] DEBUG Engine               - isAndroid: false
18:32:30.080 [FXGL Background Thread 3 ] DEBUG Engine               - isBrowser: false
18:32:30.080 [FXGL Background Thread 3 ] DEBUG Engine               - isClickFeedbackEnabled: false
18:32:30.080 [FXGL Background Thread 3 ] DEBUG Engine               - isCloseConfirmation: false
18:32:30.080 [FXGL Background Thread 3 ] DEBUG Engine               - isDesktop: true
18:32:30.080 [FXGL Background Thread 3 ] DEBUG Engine               - isDeveloperMenuEnabled: false
18:32:30.080 [FXGL Background Thread 3 ] DEBUG Engine               - isEmbedded: false
18:32:30.080 [FXGL Background Thread 3 ] DEBUG Engine               - isEntityPreloadEnabled: true
18:32:30.080 [FXGL Background Thread 3 ] DEBUG Engine               - isExperimentalTiledLargeMap: false
18:32:30.080 [FXGL Background Thread 3 ] DEBUG Engine               - isFileSystemWriteAllowed: true
18:32:30.080 [FXGL Background Thread 3 ] DEBUG Engine               - isFullScreenAllowed: false
18:32:30.080 [FXGL Background Thread 3 ] DEBUG Engine               - isFullScreenFromStart: false
18:32:30.080 [FXGL Background Thread 3 ] DEBUG Engine               - isGameMenuEnabled: false
18:32:30.080 [FXGL Background Thread 3 ] DEBUG Engine               - isIOS: false
18:32:30.080 [FXGL Background Thread 3 ] DEBUG Engine               - isIntroEnabled: false
18:32:30.080 [FXGL Background Thread 3 ] DEBUG Engine               - isLinux: false
18:32:30.081 [FXGL Background Thread 3 ] DEBUG Engine               - isMac: false
18:32:30.081 [FXGL Background Thread 3 ] DEBUG Engine               - isMainMenuEnabled: false
18:32:30.081 [FXGL Background Thread 3 ] DEBUG Engine               - isManualResizeEnabled: false
18:32:30.081 [FXGL Background Thread 3 ] DEBUG Engine               - isMobile: false
18:32:30.081 [FXGL Background Thread 3 ] DEBUG Engine               - isNative: false
18:32:30.081 [FXGL Background Thread 3 ] DEBUG Engine               - isPauseMusicWhenMinimized: true
18:32:30.081 [FXGL Background Thread 3 ] DEBUG Engine               - isPreserveResizeRatio: true
18:32:30.081 [FXGL Background Thread 3 ] DEBUG Engine               - isProfilingEnabled: false
18:32:30.081 [FXGL Background Thread 3 ] DEBUG Engine               - isScaleAffectedOnResize: true
18:32:30.081 [FXGL Background Thread 3 ] DEBUG Engine               - isSingleStep: false
18:32:30.081 [FXGL Background Thread 3 ] DEBUG Engine               - isUserProfileEnabled: false
18:32:30.081 [FXGL Background Thread 3 ] DEBUG Engine               - isWindows: true
18:32:30.081 [FXGL Background Thread 3 ] DEBUG Engine               - language: ObjectProperty [value: ENGLISH]
18:32:30.081 [FXGL Background Thread 3 ] DEBUG Engine               - menuKey: ESCAPE
18:32:30.081 [FXGL Background Thread 3 ] DEBUG Engine               - mouseSensitivity: 0.2
18:32:30.081 [FXGL Background Thread 3 ] DEBUG Engine               - notificationViewClass: class com.almasb.fxgl.notification.view.XboxNotificationView
18:32:30.081 [FXGL Background Thread 3 ] DEBUG Engine               - pixelsPerMeter: 50.0
18:32:30.081 [FXGL Background Thread 3 ] DEBUG Engine               - platform: WINDOWS
18:32:30.081 [FXGL Background Thread 3 ] DEBUG Engine               - prefHeightProperty: ReadOnlyDoubleProperty [value: 720.0]
18:32:30.081 [FXGL Background Thread 3 ] DEBUG Engine               - prefWidthProperty: ReadOnlyDoubleProperty [value: 1280.0]
18:32:30.081 [FXGL Background Thread 3 ] DEBUG Engine               - profileDir: profiles/
18:32:30.081 [FXGL Background Thread 3 ] DEBUG Engine               - profileName: StringProperty [value: DEFAULT]
18:32:30.081 [FXGL Background Thread 3 ] DEBUG Engine               - randomSeed: -1
18:32:30.081 [FXGL Background Thread 3 ] DEBUG Engine               - runtimeInfo: RuntimeInfo(platform=WINDOWS, version=21.1, build=27.03.2024 07.52)
18:32:30.081 [FXGL Background Thread 3 ] DEBUG Engine               - saveFileExt: sav
18:32:30.081 [FXGL Background Thread 3 ] DEBUG Engine               - scaledHeightProp$fxgl: DoubleProperty [bound, value: 720.0]
18:32:30.081 [FXGL Background Thread 3 ] DEBUG Engine               - scaledWidthProp$fxgl: DoubleProperty [bound, value: 1280.0]
18:32:30.081 [FXGL Background Thread 3 ] DEBUG Engine               - sceneFactory: com.almasb.fxgl.app.scene.SceneFactory@1b91ad3c
18:32:30.081 [FXGL Background Thread 3 ] DEBUG Engine               - secondsIn24h: 60
18:32:30.081 [FXGL Background Thread 3 ] DEBUG Engine               - soundMenuBack: menu/back.wav
18:32:30.081 [FXGL Background Thread 3 ] DEBUG Engine               - soundMenuPress: menu/press.wav
18:32:30.081 [FXGL Background Thread 3 ] DEBUG Engine               - soundMenuSelect: menu/select.wav
18:32:30.081 [FXGL Background Thread 3 ] DEBUG Engine               - soundNotification: core/notification.wav
18:32:30.081 [FXGL Background Thread 3 ] DEBUG Engine               - stageStyle: DECORATED
18:32:30.081 [FXGL Background Thread 3 ] DEBUG Engine               - supportedLanguages: [ENGLISH, FRENCH, GERMAN, HUNGARIAN, RUSSIAN]
18:32:30.081 [FXGL Background Thread 3 ] DEBUG Engine               - ticksPerSecond: -1
18:32:30.081 [FXGL Background Thread 3 ] DEBUG Engine               - title: RougeVolley — 地牢探险
18:32:30.081 [FXGL Background Thread 3 ] DEBUG Engine               - urlGithub: https://github.com/AlmasB/FXGL
18:32:30.081 [FXGL Background Thread 3 ] DEBUG Engine               - urlLeaderboard: http://fxgl-top.herokuapp.com/
18:32:30.081 [FXGL Background Thread 3 ] DEBUG Engine               - urlPOM: https://raw.githubusercontent.com/AlmasB/FXGL/release/README.md
18:32:30.081 [FXGL Background Thread 3 ] DEBUG Engine               - userAppClass: class org.example.rougevolley.RougeVolleyFXGL
18:32:30.081 [FXGL Background Thread 3 ] DEBUG Engine               - version: 0.1.0
18:32:30.082 [FXGL Background Thread 3 ] DEBUG Engine               - versionCheckDays: 7
18:32:30.082 [FXGL Background Thread 3 ] DEBUG Engine               - width: 1280
18:32:30.082 [FXGL Background Thread 3 ] DEBUG Engine               - Logging services
18:32:30.082 [FXGL Background Thread 3 ] DEBUG Engine               - class com.almasb.fxgl.app.services.FXGLAssetLoaderService
18:32:30.082 [FXGL Background Thread 3 ] DEBUG Engine               - class com.almasb.fxgl.app.FXGLApplication$GameApplicationService
18:32:30.082 [FXGL Background Thread 3 ] DEBUG Engine               - class com.almasb.fxgl.app.services.FXGLDialogService
18:32:30.082 [FXGL Background Thread 3 ] DEBUG Engine               - class com.almasb.fxgl.app.services.IOTaskExecutorService
18:32:30.082 [FXGL Background Thread 3 ] DEBUG Engine               - class com.almasb.fxgl.io.FileSystemService
18:32:30.082 [FXGL Background Thread 3 ] DEBUG Engine               - class com.almasb.fxgl.localization.LocalizationService
18:32:30.082 [FXGL Background Thread 3 ] DEBUG Engine               - class com.almasb.fxgl.app.services.SystemBundleService
18:32:30.082 [FXGL Background Thread 3 ] DEBUG Engine               - class com.almasb.fxgl.profile.SaveLoadService
18:32:30.082 [FXGL Background Thread 3 ] DEBUG Engine               - class com.almasb.fxgl.ui.FXGLUIFactoryServiceProvider
18:32:30.082 [FXGL Background Thread 3 ] DEBUG Engine               - class com.almasb.fxgl.ui.FXGLDialogFactoryServiceProvider
18:32:30.082 [FXGL Background Thread 3 ] DEBUG Engine               - class com.almasb.fxgl.audio.AudioPlayer
18:32:30.082 [FXGL Background Thread 3 ] DEBUG Engine               - class com.almasb.fxgl.notification.impl.NotificationServiceProvider
18:32:30.082 [FXGL Background Thread 3 ] DEBUG Engine               - class com.almasb.fxgl.achievement.AchievementService
18:32:30.082 [FXGL Background Thread 3 ] DEBUG Engine               - class com.almasb.fxgl.cutscene.CutsceneService
18:32:30.082 [FXGL Background Thread 3 ] DEBUG Engine               - class com.almasb.fxgl.minigames.MiniGameService
18:32:30.082 [FXGL Background Thread 3 ] DEBUG Engine               - class com.almasb.fxgl.net.NetService
18:32:30.082 [FXGL Background Thread 3 ] DEBUG Engine               - class com.almasb.fxgl.app.services.UpdaterService
18:32:30.082 [FXGL Background Thread 3 ] DEBUG Engine               - class com.almasb.fxgl.dev.DevService
18:32:30.123 [JavaFX Application Thread] DEBUG EventBus             - Firing event: javafx.event.Event[source=javafx.event.Event$$Lambda/0x000001c30117a630@16f7ec99]
18:32:30.161 [JavaFX Application Thread] DEBUG EventBus             - Firing event: javafx.event.Event[source=javafx.event.Event$$Lambda/0x000001c30117a630@16f7ec99]
18:32:30.277 [JavaFX Application Thread] DEBUG EventBus             - Firing event: javafx.event.Event[source=javafx.event.Event$$Lambda/0x000001c30117a630@16f7ec99]
18:32:30.335 [JavaFX Application Thread] DEBUG EventBus             - Firing event: javafx.event.Event[source=javafx.event.Event$$Lambda/0x000001c30117a630@16f7ec99]
18:32:30.460 [JavaFX Application Thread] DEBUG EventBus             - Firing event: javafx.event.Event[source=javafx.event.Event$$Lambda/0x000001c30117a630@16f7ec99]
18:32:30.657 [JavaFX Application Thread] DEBUG EventBus             - Firing event: javafx.event.Event[source=javafx.event.Event$$Lambda/0x000001c30117a630@16f7ec99]
18:32:30.817 [JavaFX Application Thread] DEBUG EventBus             - Firing event: javafx.event.Event[source=javafx.event.Event$$Lambda/0x000001c30117a630@16f7ec99]
18:32:30.817 [JavaFX Application Thread] INFO  DamageSystem         - Enemy destroyed
18:32:30.817 [JavaFX Application Thread] DEBUG EventBus             - Firing event: javafx.event.Event[source=javafx.event.Event$$Lambda/0x000001c30117a630@16f7ec99]
18:32:30.817 [JavaFX Application Thread] DEBUG EventBus             - Firing event: javafx.event.Event[source=javafx.event.Event$$Lambda/0x000001c30117a630@16f7ec99]
18:32:31.025 [JavaFX Application Thread] DEBUG EventBus             - Firing event: javafx.event.Event[source=javafx.event.Event$$Lambda/0x000001c30117a630@16f7ec99]
18:32:31.201 [JavaFX Application Thread] DEBUG EventBus             - Firing event: javafx.event.Event[source=javafx.event.Event$$Lambda/0x000001c30117a630@16f7ec99]
18:32:31.622 [JavaFX Application Thread] DEBUG EventBus             - Firing event: javafx.event.Event[source=javafx.event.Event$$Lambda/0x000001c30117a630@16f7ec99]
18:32:32.032 [JavaFX Application Thread] DEBUG EventBus             - Firing event: javafx.event.Event[source=javafx.event.Event$$Lambda/0x000001c30117a630@16f7ec99]
18:32:32.072 [JavaFX Application Thread] DEBUG EventBus             - Firing event: javafx.event.Event[source=javafx.event.Event$$Lambda/0x000001c30117a630@16f7ec99]
18:32:32.423 [JavaFX Application Thread] DEBUG EventBus             - Firing event: javafx.event.Event[source=javafx.event.Event$$Lambda/0x000001c30117a630@16f7ec99]
18:32:32.482 [JavaFX Application Thread] DEBUG EventBus             - Firing event: javafx.event.Event[source=javafx.event.Event$$Lambda/0x000001c30117a630@16f7ec99]
18:32:32.817 [JavaFX Application Thread] DEBUG EventBus             - Firing event: javafx.event.Event[source=javafx.event.Event$$Lambda/0x000001c30117a630@16f7ec99]
18:32:33.105 [JavaFX Application Thread] DEBUG EventBus             - Firing event: javafx.event.Event[source=javafx.event.Event$$Lambda/0x000001c30117a630@16f7ec99]
18:32:33.431 [JavaFX Application Thread] DEBUG EventBus             - Firing event: javafx.event.Event[source=javafx.event.Event$$Lambda/0x000001c30117a630@16f7ec99]
18:32:33.841 [JavaFX Application Thread] DEBUG EventBus             - Firing event: javafx.event.Event[source=javafx.event.Event$$Lambda/0x000001c30117a630@16f7ec99]
18:32:34.189 [JavaFX Application Thread] DEBUG EventBus             - Firing event: javafx.event.Event[source=javafx.event.Event$$Lambda/0x000001c30117a630@16f7ec99]
18:32:34.189 [JavaFX Application Thread] INFO  DamageSystem         - Enemy destroyed
18:32:34.189 [JavaFX Application Thread] DEBUG EventBus             - Firing event: javafx.event.Event[source=javafx.event.Event$$Lambda/0x000001c30117a630@16f7ec99]
18:32:34.189 [JavaFX Application Thread] DEBUG EventBus             - Firing event: javafx.event.Event[source=javafx.event.Event$$Lambda/0x000001c30117a630@16f7ec99]
18:32:34.512 [JavaFX Application Thread] DEBUG EventBus             - Firing event: javafx.event.Event[source=javafx.event.Event$$Lambda/0x000001c30117a630@16f7ec99]
18:32:38.337 [JavaFX Application Thread] INFO  RougeVolleyFXGL      - Transitioning S → room (0,1)
18:32:38.342 [JavaFX Application Thread] DEBUG EventBus             - Firing event: javafx.event.Event[source=javafx.event.Event$$Lambda/0x000001c30117a630@16f7ec99]
18:32:38.342 [JavaFX Application Thread] INFO  RougeVolleyFXGL      - Entered room 竖走廊 @(0,1)
18:32:44.046 [JavaFX Application Thread] INFO  RougeVolleyFXGL      - Transitioning N → room (0,0)
18:32:44.050 [JavaFX Application Thread] DEBUG EventBus             - Firing event: javafx.event.Event[source=javafx.event.Event$$Lambda/0x000001c30117a630@16f7ec99]
18:32:44.050 [JavaFX Application Thread] INFO  RougeVolleyFXGL      - Entered room 竖走廊 @(0,0)
18:32:44.109 [JavaFX Application Thread] INFO  RougeVolleyFXGL      - Transitioning S → room (0,1)
18:32:44.112 [JavaFX Application Thread] DEBUG EventBus             - Firing event: javafx.event.Event[source=javafx.event.Event$$Lambda/0x000001c30117a630@16f7ec99]
18:32:44.112 [JavaFX Application Thread] INFO  RougeVolleyFXGL      - Entered room 竖走廊 @(0,1)
18:32:49.968 [JavaFX Application Thread] INFO  RougeVolleyFXGL      - Transitioning N → room (0,0)
18:32:49.971 [JavaFX Application Thread] DEBUG EventBus             - Firing event: javafx.event.Event[source=javafx.event.Event$$Lambda/0x000001c30117a630@16f7ec99]
18:32:49.971 [JavaFX Application Thread] INFO  RougeVolleyFXGL      - Entered room 竖走廊 @(0,0)
18:32:50.968 [JavaFX Application Thread] DEBUG EventBus             - Firing event: javafx.event.Event[source=javafx.event.Event$$Lambda/0x000001c30117a630@16f7ec99]
18:32:51.472 [JavaFX Application Thread] DEBUG EventBus             - Firing event: javafx.event.Event[source=javafx.event.Event$$Lambda/0x000001c30117a630@16f7ec99]
18:32:51.968 [JavaFX Application Thread] DEBUG EventBus             - Firing event: javafx.event.Event[source=javafx.event.Event$$Lambda/0x000001c30117a630@16f7ec99]
18:32:52.476 [JavaFX Application Thread] DEBUG EventBus             - Firing event: javafx.event.Event[source=javafx.event.Event$$Lambda/0x000001c30117a630@16f7ec99]
18:32:52.976 [JavaFX Application Thread] DEBUG EventBus             - Firing event: javafx.event.Event[source=javafx.event.Event$$Lambda/0x000001c30117a630@16f7ec99]
18:32:55.302 [JavaFX Application Thread] DEBUG FXGLApplication      - Exiting FXGL
18:32:55.302 [JavaFX Application Thread] DEBUG LoopRunner           - Stopping loop
18:32:55.302 [JavaFX Application Thread] DEBUG SystemBundleService  - Saving FXGL system data
18:32:55.304 [JavaFX Application Thread] DEBUG FileSystemAccess     - Writing to: C:\Users\19559\IdeaProjects\RougeVolley\system\fxgl.bundle
18:32:55.308 [JavaFX Application Thread] DEBUG Async                - Shutting down background threads
18:32:55.308 [JavaFX Application Thread] DEBUG PrimaryStageWindow   - Closing main window
18:32:55.337 [JavaFX Application Thread] DEBUG Logger               - Closing Logger
