15:53:46.756 [main                     ] DEBUG Logger               - Configured Logger
15:53:46.781 [main                     ] DEBUG GameApplication      - Logging settings
Title: RougeVolley — 地牢探险
Version: 0.1.0
Width: 1280
Height: 720
Fullscreen: false
Intro: false
Profiling: false
Single step:false
App Mode: DEVELOPER
Menu Key: ESCAPE
Stage Style: DECORATED
Scene Factory: class com.almasb.fxgl.app.scene.SceneFactory

15:53:47.499 [JavaFX Application Thread] DEBUG FXGLApplication      - Initializing FXGL
15:53:47.504 [JavaFX Application Thread] INFO  Engine               - FXGL-21.1 (27.03.2024 07.52) on WINDOWS (J:21.0.2 FX:21)
15:53:47.505 [JavaFX Application Thread] DEBUG Engine               - JRE Vendor Name: Oracle Corporation
15:53:47.506 [JavaFX Application Thread] DEBUG Engine               - Running on OS: Windows 11 version 10.0
15:53:47.506 [JavaFX Application Thread] DEBUG Engine               - Architecture: amd64
15:53:47.506 [JavaFX Application Thread] INFO  Engine               - Source code and latest versions at: https://github.com/AlmasB/FXGL
15:53:47.507 [JavaFX Application Thread] INFO  Engine               -       Ask questions and discuss at: https://github.com/AlmasB/FXGL/discussions
15:53:47.507 [JavaFX Application Thread] INFO  Engine               -              Join the FXGL chat at: https://gitter.im/AlmasB/FXGL
15:53:47.639 [JavaFX Application Thread] DEBUG PrimaryStageWindow   - Creating a JavaFX scene
15:53:47.684 [JavaFX Application Thread] DEBUG PrimaryStageWindow   - Target settings size: 1280.0 x 720.0
15:53:47.685 [JavaFX Application Thread] DEBUG PrimaryStageWindow   - Scaled scene size:    1280.0 x 720.0
15:53:47.685 [JavaFX Application Thread] DEBUG PrimaryStageWindow   - Scaled ratio: (1.0, 1.0)
15:53:47.686 [JavaFX Application Thread] DEBUG PrimaryStageWindow   - Set initial scene to FXGLStartupScene
15:53:47.689 [JavaFX Application Thread] DEBUG PrimaryStageWindow   - Opening main window
15:53:47.763 [JavaFX Application Thread] DEBUG PrimaryStageWindow   - Window border size: (14.6666259765625, 37.33331298828125)
15:53:47.764 [JavaFX Application Thread] DEBUG PrimaryStageWindow   - Scaled size: 1280.0 x 720.0
15:53:47.764 [JavaFX Application Thread] DEBUG PrimaryStageWindow   - Scaled ratio: (1.0, 1.0)
15:53:47.764 [JavaFX Application Thread] DEBUG PrimaryStageWindow   - Scene size: 1280.0 x 720.0
15:53:47.764 [JavaFX Application Thread] DEBUG PrimaryStageWindow   - Stage size: 1294.6666259765625 x 757.3333129882812
15:53:47.770 [FXGL Background Thread 1 ] DEBUG Engine               - Initializing environment variables
15:53:47.820 [FXGL Background Thread 1 ] DEBUG FXGLAssetLoaderServi - User app class for loading assets: class org.example.rougevolley.RougeVolleyFXGL
15:53:47.820 [FXGL Background Thread 1 ] DEBUG GameApplicationServi - Applying CSS: fxgl_dark.css
15:53:47.821 [FXGL Background Thread 1 ] DEBUG FXGLAssetLoaderServi - Loading from file system: jar:file:/C:/Users/123/.m2/repository/com/github/almasb/fxgl/21.1/fxgl-21.1.jar!/fxglassets/ui/css/fxgl_dark.css
15:53:47.861 [FXGL Background Thread 1 ] DEBUG GameApplicationServi - Initializing application scenes
15:53:47.946 [FXGL Background Thread 1 ] DEBUG GameWorld            - Game world initialized
15:53:48.007 [FXGL Background Thread 1 ] DEBUG PhysicsWorld         - Physics world initialized: appHeight=720, physics.ppm=50.0
15:53:48.007 [FXGL Background Thread 1 ] DEBUG PhysicsWorld         - Using strategy: BRUTE_FORCE
15:53:48.010 [FXGL Background Thread 1 ] DEBUG GameScene            - Game scene initialized: 1280x720
15:53:48.011 [FXGL Background Thread 1 ] DEBUG GameApplicationServi - Application scenes initialized
15:53:48.027 [FXGL Background Thread 1 ] DEBUG SystemBundleService  - Loading FXGL system data
15:53:48.031 [FXGL Background Thread 1 ] DEBUG FileSystemAccess     - Reading from: C:\Users\123\IdeaProjects\RougeVolley\system\fxgl.bundle
15:53:48.039 [FXGL Background Thread 1 ] DEBUG SystemBundleService  - Bundle FXGL: {}
15:53:48.039 [FXGL Background Thread 1 ] DEBUG UpdaterService       - Checking for updates
15:53:48.043 [FXGL Background Thread 4 ] DEBUG FXGLApplication      - Loading fonts
15:53:48.043 [FXGL Background Thread 4 ] DEBUG FXGLAssetLoaderServi - Loading from file system: jar:file:/C:/Users/123/.m2/repository/com/github/almasb/fxgl/21.1/fxgl-21.1.jar!/fxglassets/ui/fonts/VarelaRound-Regular.ttf
15:53:48.044 [FXGL Background Thread 1 ] DEBUG FXGLApplication      - Loading default localization
15:53:48.044 [FXGL Background Thread 1 ] DEBUG FXGLAssetLoaderServi - Loading from file system: jar:file:/C:/Users/123/.m2/repository/com/github/almasb/fxgl/21.1/fxgl-21.1.jar!/fxglassets/languages/english.lang
15:53:48.088 [FXGL Background Thread 1 ] INFO  FXGLApplication      - FXGL initialization took: 0.318 sec
15:53:48.089 [FXGL Background Thread 4 ] DEBUG FXGLAssetLoaderServi - Loading from file system: jar:file:/C:/Users/123/.m2/repository/com/github/almasb/fxgl/21.1/fxgl-21.1.jar!/fxglassets/ui/fonts/Abel-Regular.ttf
15:53:48.099 [FXGL Background Thread 4 ] DEBUG FXGLAssetLoaderServi - Loading from file system: jar:file:/C:/Users/123/.m2/repository/com/github/almasb/fxgl/21.1/fxgl-21.1.jar!/fxglassets/ui/fonts/TerminalLandMono-Regular.otf
15:53:48.101 [JavaFX Application Thread] DEBUG Input                - Registered new binding: Move Up - W
15:53:48.101 [JavaFX Application Thread] DEBUG Input                - Registered new binding: Move Up Arrow - Up
15:53:48.101 [JavaFX Application Thread] DEBUG Input                - Registered new binding: Move Down - S
15:53:48.101 [JavaFX Application Thread] DEBUG Input                - Registered new binding: Move Down Arrow - Down
15:53:48.101 [JavaFX Application Thread] DEBUG Input                - Registered new binding: Move Left - A
15:53:48.102 [JavaFX Application Thread] DEBUG Input                - Registered new binding: Move Left Arrow - Left
15:53:48.102 [JavaFX Application Thread] DEBUG Input                - Registered new binding: Move Right - D
15:53:48.102 [JavaFX Application Thread] DEBUG Input                - Registered new binding: Move Right Arrow - Right
15:53:48.104 [JavaFX Application Thread] DEBUG Input                - Registered new binding: Fire - LMB
15:53:48.105 [JavaFX Application Thread] DEBUG FXGLAssetLoaderServi - Loading from file system: jar:file:/C:/Users/123/.m2/repository/com/github/almasb/fxgl/21.1/fxgl-21.1.jar!/fxglassets/textures/fxgl_icon.png
15:53:48.117 [FXGL Background Thread 4 ] DEBUG FXGLAssetLoaderServi - Loading from file system: jar:file:/C:/Users/123/.m2/repository/com/github/almasb/fxgl/21.1/fxgl-21.1.jar!/fxglassets/ui/fonts/Courier-Prime.ttf
15:53:48.158 [JavaFX Application Thread] DEBUG FXGLAssetLoaderServi - Loading from file system: jar:file:/C:/Users/123/.m2/repository/com/github/almasb/fxgl/21.1/fxgl-21.1.jar!/fxglassets/textures/fxgl_default_cursor.png
15:53:48.163 [JavaFX Application Thread] DEBUG Input                - Registered new binding: Screenshot - CTRL+8
15:53:48.164 [JavaFX Application Thread] DEBUG Input                - Registered new binding: System info dump - CTRL+9
15:53:48.165 [JavaFX Application Thread] DEBUG Input                - Registered new binding: Restart - CTRL+R
15:53:48.167 [JavaFX Application Thread] DEBUG Input                - Registered new binding: Toggle Debug Camera - CTRL+7
15:53:48.179 [JavaFX Application Thread] DEBUG LoopRunner           - Starting loop
15:53:48.179 [JavaFX Application Thread] DEBUG LoopRunner           - Initializing JavaFX AnimationTimerLoop
15:53:48.185 [JavaFX Application Thread] DEBUG GameApplicationServi - Starting new game
15:53:48.186 [JavaFX Application Thread] DEBUG Input                - Clearing active input actions
15:53:48.201 [JavaFX Application Thread] DEBUG GameApplicationServi - Removing overlay from FXGLStartupScene and adding to FXGLLoadingScene
15:53:48.202 [JavaFX Application Thread] DEBUG PrimaryStageWindow   - FXGLStartupScene -> FXGLLoadingScene
15:53:48.202 [JavaFX Application Thread] DEBUG GameApplicationServi - Clearing previous game
15:53:48.202 [JavaFX Application Thread] DEBUG GameScene            - Clearing game scene
15:53:48.202 [JavaFX Application Thread] DEBUG GameWorld            - Clearing game world
15:53:48.202 [JavaFX Application Thread] DEBUG PhysicsWorld         - Clearing physics world
15:53:48.207 [FXGL Background Thread 4 ] DEBUG FXGLApplication      - Initializing game
15:53:48.207 [JavaFX Application Thread] DEBUG FXGLApplication      - Registering font factories with UI factory
15:53:48.211 [FXGL Background Thread 4 ] INFO  RougeVolleyFXGL      - RougeVolley initializing... seed=-1518411762809106655
15:53:48.232 [FXGL Background Thread 4 ] INFO  RougeVolleyFXGL      - Spawned 8 test enemies
15:53:48.234 [FXGL Background Thread 4 ] INFO  RougeVolleyFXGL      - RougeVolley initialized. Player at (1500.0, 1500.0)
15:53:48.234 [FXGL Background Thread 4 ] INFO  FXGLApplication      - Game initialization took: 0.027 sec
15:53:48.299 [JavaFX Application Thread] DEBUG Input                - Clearing active input actions
15:53:48.305 [JavaFX Application Thread] DEBUG GameApplicationServi - Removing overlay from FXGLLoadingScene and adding to GameScene
15:53:48.306 [JavaFX Application Thread] DEBUG PrimaryStageWindow   - FXGLLoadingScene -> GameScene
15:53:48.438 [FXGL Background Thread 2 ] WARN  UpdaterService       - Failed to find updates: javax.net.ssl.SSLHandshakeException: PKIX path building failed: sun.security.provider.certpath.SunCertPathBuilderException: unable to find valid certification path to requested target
15:53:50.690 [JavaFX Application Thread] DEBUG FXGLApplication      - Exiting FXGL
15:53:50.690 [JavaFX Application Thread] DEBUG LoopRunner           - Stopping loop
15:53:50.690 [JavaFX Application Thread] DEBUG SystemBundleService  - Saving FXGL system data
15:53:50.691 [JavaFX Application Thread] DEBUG FileSystemAccess     - Writing to: C:\Users\123\IdeaProjects\RougeVolley\system\fxgl.bundle
15:53:50.693 [JavaFX Application Thread] DEBUG Async                - Shutting down background threads
15:53:50.693 [JavaFX Application Thread] DEBUG PrimaryStageWindow   - Closing main window
15:53:50.704 [JavaFX Application Thread] DEBUG Logger               - Closing Logger
