16:28:22.389 [main                     ] DEBUG Logger               - Configured Logger
16:28:22.404 [main                     ] DEBUG GameApplication      - Logging settings
Title: RougeVolley — 地牢探险
Version: 0.1.0
Width: 1280
Height: 720
Fullscreen: false
Intro: false
Profiling: false
Single step:false
App Mode: DEVELOPER
Menu Key: ESCAPE
Stage Style: DECORATED
Scene Factory: class com.almasb.fxgl.app.scene.SceneFactory

16:28:22.774 [JavaFX Application Thread] DEBUG FXGLApplication      - Initializing FXGL
16:28:22.776 [JavaFX Application Thread] INFO  Engine               - FXGL-21.1 (27.03.2024 07.52) on WINDOWS (J:21.0.8 FX:21)
16:28:22.777 [JavaFX Application Thread] DEBUG Engine               - JRE Vendor Name: Microsoft
16:28:22.777 [JavaFX Application Thread] DEBUG Engine               - Running on OS: Windows 11 version 10.0
16:28:22.777 [JavaFX Application Thread] DEBUG Engine               - Architecture: amd64
16:28:22.777 [JavaFX Application Thread] INFO  Engine               - Source code and latest versions at: https://github.com/AlmasB/FXGL
16:28:22.777 [JavaFX Application Thread] INFO  Engine               -       Ask questions and discuss at: https://github.com/AlmasB/FXGL/discussions
16:28:22.777 [JavaFX Application Thread] INFO  Engine               -              Join the FXGL chat at: https://gitter.im/AlmasB/FXGL
16:28:22.843 [JavaFX Application Thread] DEBUG PrimaryStageWindow   - Creating a JavaFX scene
16:28:22.874 [JavaFX Application Thread] DEBUG PrimaryStageWindow   - Target settings size: 1280.0 x 720.0
16:28:22.874 [JavaFX Application Thread] DEBUG PrimaryStageWindow   - Scaled scene size:    1280.0 x 720.0
16:28:22.874 [JavaFX Application Thread] DEBUG PrimaryStageWindow   - Scaled ratio: (1.0, 1.0)
16:28:22.875 [JavaFX Application Thread] DEBUG PrimaryStageWindow   - Set initial scene to FXGLStartupScene
16:28:22.877 [JavaFX Application Thread] DEBUG PrimaryStageWindow   - Opening main window
16:28:22.972 [JavaFX Application Thread] DEBUG PrimaryStageWindow   - Window border size: (14.6666259765625, 37.33331298828125)
16:28:22.972 [JavaFX Application Thread] DEBUG PrimaryStageWindow   - Scaled size: 1280.0 x 720.0
16:28:22.973 [JavaFX Application Thread] DEBUG PrimaryStageWindow   - Scaled ratio: (1.0, 1.0)
16:28:22.973 [JavaFX Application Thread] DEBUG PrimaryStageWindow   - Scene size: 1280.0 x 720.0
16:28:22.973 [JavaFX Application Thread] DEBUG PrimaryStageWindow   - Stage size: 1294.6666259765625 x 757.3333129882812
16:28:22.978 [FXGL Background Thread 1 ] DEBUG Engine               - Initializing environment variables
16:28:23.024 [FXGL Background Thread 1 ] DEBUG FXGLAssetLoaderServi - User app class for loading assets: class org.example.rougevolley.RougeVolleyFXGL
16:28:23.024 [FXGL Background Thread 1 ] DEBUG GameApplicationServi - Applying CSS: fxgl_dark.css
16:28:23.025 [FXGL Background Thread 1 ] DEBUG FXGLAssetLoaderServi - Loading from file system: jar:file:/C:/Users/19559/.m2/repository/com/github/almasb/fxgl/21.1/fxgl-21.1.jar!/fxglassets/ui/css/fxgl_dark.css
16:28:23.053 [FXGL Background Thread 1 ] DEBUG GameApplicationServi - Initializing application scenes
16:28:23.119 [FXGL Background Thread 1 ] DEBUG GameWorld            - Game world initialized
16:28:23.166 [FXGL Background Thread 1 ] DEBUG PhysicsWorld         - Physics world initialized: appHeight=720, physics.ppm=50.0
16:28:23.167 [FXGL Background Thread 1 ] DEBUG PhysicsWorld         - Using strategy: BRUTE_FORCE
16:28:23.169 [FXGL Background Thread 1 ] DEBUG GameScene            - Game scene initialized: 1280x720
16:28:23.169 [FXGL Background Thread 1 ] DEBUG GameApplicationServi - Application scenes initialized
16:28:23.181 [FXGL Background Thread 1 ] DEBUG SystemBundleService  - Loading FXGL system data
16:28:23.188 [FXGL Background Thread 1 ] DEBUG FileSystemAccess     - Reading from: C:\Users\19559\IdeaProjects\RougeVolley\system\fxgl.bundle
16:28:23.194 [FXGL Background Thread 1 ] DEBUG SystemBundleService  - Bundle FXGL: {}
16:28:23.195 [FXGL Background Thread 1 ] DEBUG UpdaterService       - Checking for updates
16:28:23.198 [FXGL Background Thread 4 ] DEBUG FXGLApplication      - Loading fonts
16:28:23.198 [FXGL Background Thread 4 ] DEBUG FXGLAssetLoaderServi - Loading from file system: jar:file:/C:/Users/19559/.m2/repository/com/github/almasb/fxgl/21.1/fxgl-21.1.jar!/fxglassets/ui/fonts/VarelaRound-Regular.ttf
16:28:23.198 [FXGL Background Thread 1 ] DEBUG FXGLApplication      - Loading default localization
16:28:23.198 [FXGL Background Thread 1 ] DEBUG FXGLAssetLoaderServi - Loading from file system: jar:file:/C:/Users/19559/.m2/repository/com/github/almasb/fxgl/21.1/fxgl-21.1.jar!/fxglassets/languages/english.lang
16:28:23.229 [FXGL Background Thread 4 ] DEBUG FXGLAssetLoaderServi - Loading from file system: jar:file:/C:/Users/19559/.m2/repository/com/github/almasb/fxgl/21.1/fxgl-21.1.jar!/fxglassets/ui/fonts/Abel-Regular.ttf
16:28:23.231 [FXGL Background Thread 4 ] DEBUG FXGLAssetLoaderServi - Loading from file system: jar:file:/C:/Users/19559/.m2/repository/com/github/almasb/fxgl/21.1/fxgl-21.1.jar!/fxglassets/ui/fonts/TerminalLandMono-Regular.otf
16:28:23.233 [FXGL Background Thread 4 ] DEBUG FXGLAssetLoaderServi - Loading from file system: jar:file:/C:/Users/19559/.m2/repository/com/github/almasb/fxgl/21.1/fxgl-21.1.jar!/fxglassets/ui/fonts/Courier-Prime.ttf
16:28:23.239 [JavaFX Application Thread] DEBUG FXGLApplication      - Registering font factories with UI factory
16:28:23.243 [FXGL Background Thread 1 ] INFO  FXGLApplication      - FXGL initialization took: 0.266 sec
16:28:23.251 [JavaFX Application Thread] DEBUG Input                - Registered new binding: Move Up - W
16:28:23.251 [JavaFX Application Thread] DEBUG Input                - Registered new binding: Move Up Arrow - Up
16:28:23.251 [JavaFX Application Thread] DEBUG Input                - Registered new binding: Move Down - S
16:28:23.252 [JavaFX Application Thread] DEBUG Input                - Registered new binding: Move Down Arrow - Down
16:28:23.252 [JavaFX Application Thread] DEBUG Input                - Registered new binding: Move Left - A
16:28:23.252 [JavaFX Application Thread] DEBUG Input                - Registered new binding: Move Left Arrow - Left
16:28:23.252 [JavaFX Application Thread] DEBUG Input                - Registered new binding: Move Right - D
16:28:23.254 [JavaFX Application Thread] DEBUG Input                - Registered new binding: Move Right Arrow - Right
16:28:23.256 [JavaFX Application Thread] DEBUG Input                - Registered new binding: Fire - LMB
16:28:23.256 [JavaFX Application Thread] DEBUG FXGLAssetLoaderServi - Loading from file system: jar:file:/C:/Users/19559/.m2/repository/com/github/almasb/fxgl/21.1/fxgl-21.1.jar!/fxglassets/textures/fxgl_icon.png
16:28:23.286 [JavaFX Application Thread] DEBUG FXGLAssetLoaderServi - Loading from file system: jar:file:/C:/Users/19559/.m2/repository/com/github/almasb/fxgl/21.1/fxgl-21.1.jar!/fxglassets/textures/fxgl_default_cursor.png
16:28:23.290 [JavaFX Application Thread] DEBUG Input                - Registered new binding: Screenshot - CTRL+8
16:28:23.291 [JavaFX Application Thread] DEBUG Input                - Registered new binding: System info dump - CTRL+9
16:28:23.291 [JavaFX Application Thread] DEBUG Input                - Registered new binding: Restart - CTRL+R
16:28:23.294 [JavaFX Application Thread] DEBUG Input                - Registered new binding: Toggle Debug Camera - CTRL+7
16:28:23.302 [JavaFX Application Thread] DEBUG LoopRunner           - Starting loop
16:28:23.302 [JavaFX Application Thread] DEBUG LoopRunner           - Initializing JavaFX AnimationTimerLoop
16:28:23.307 [JavaFX Application Thread] DEBUG GameApplicationServi - Starting new game
16:28:23.307 [JavaFX Application Thread] DEBUG Input                - Clearing active input actions
16:28:23.319 [JavaFX Application Thread] DEBUG GameApplicationServi - Removing overlay from FXGLStartupScene and adding to FXGLLoadingScene
16:28:23.319 [JavaFX Application Thread] DEBUG PrimaryStageWindow   - FXGLStartupScene -> FXGLLoadingScene
16:28:23.319 [JavaFX Application Thread] DEBUG GameApplicationServi - Clearing previous game
16:28:23.319 [JavaFX Application Thread] DEBUG GameScene            - Clearing game scene
16:28:23.319 [JavaFX Application Thread] DEBUG GameWorld            - Clearing game world
16:28:23.319 [JavaFX Application Thread] DEBUG PhysicsWorld         - Clearing physics world
16:28:23.321 [FXGL Background Thread 1 ] DEBUG FXGLApplication      - Initializing game
16:28:23.323 [FXGL Background Thread 1 ] INFO  RougeVolleyFXGL      - RougeVolley initializing... seed=1094960532414637870
16:28:23.331 [FXGL Background Thread 1 ] INFO  RougeVolleyFXGL      - Spawned 8 test enemies
16:28:23.333 [FXGL Background Thread 1 ] INFO  RougeVolleyFXGL      - RougeVolley initialized. Player at (1500.0, 1500.0)
16:28:23.333 [FXGL Background Thread 1 ] INFO  FXGLApplication      - Game initialization took: 0.012 sec
16:28:23.378 [JavaFX Application Thread] DEBUG Input                - Clearing active input actions
16:28:23.382 [JavaFX Application Thread] DEBUG GameApplicationServi - Removing overlay from FXGLLoadingScene and adding to GameScene
16:28:23.382 [JavaFX Application Thread] DEBUG PrimaryStageWindow   - FXGLLoadingScene -> GameScene
16:28:24.164 [JavaFX Application Thread] DEBUG EventBus             - Firing event: javafx.event.Event[source=javafx.event.Event$$Lambda/0x0000024d1817a630@51ed5cdf]
16:28:24.258 [FXGL Background Thread 2 ] INFO  UpdaterService       - Your current version:  21.1
16:28:24.258 [FXGL Background Thread 2 ] INFO  UpdaterService       - Latest stable version: 25
16:28:24.288 [JavaFX Application Thread] DEBUG EventBus             - Firing event: javafx.event.Event[source=javafx.event.Event$$Lambda/0x0000024d1817a630@51ed5cdf]
16:28:24.416 [JavaFX Application Thread] DEBUG EventBus             - Firing event: javafx.event.Event[source=javafx.event.Event$$Lambda/0x0000024d1817a630@51ed5cdf]
16:28:24.544 [JavaFX Application Thread] DEBUG EventBus             - Firing event: javafx.event.Event[source=javafx.event.Event$$Lambda/0x0000024d1817a630@51ed5cdf]
16:28:24.675 [JavaFX Application Thread] DEBUG EventBus             - Firing event: javafx.event.Event[source=javafx.event.Event$$Lambda/0x0000024d1817a630@51ed5cdf]
16:28:24.801 [JavaFX Application Thread] DEBUG EventBus             - Firing event: javafx.event.Event[source=javafx.event.Event$$Lambda/0x0000024d1817a630@51ed5cdf]
16:28:24.925 [JavaFX Application Thread] DEBUG EventBus             - Firing event: javafx.event.Event[source=javafx.event.Event$$Lambda/0x0000024d1817a630@51ed5cdf]
16:28:25.048 [JavaFX Application Thread] DEBUG EventBus             - Firing event: javafx.event.Event[source=javafx.event.Event$$Lambda/0x0000024d1817a630@51ed5cdf]
16:28:25.176 [JavaFX Application Thread] DEBUG EventBus             - Firing event: javafx.event.Event[source=javafx.event.Event$$Lambda/0x0000024d1817a630@51ed5cdf]
16:28:25.295 [JavaFX Application Thread] DEBUG EventBus             - Firing event: javafx.event.Event[source=javafx.event.Event$$Lambda/0x0000024d1817a630@51ed5cdf]
16:28:25.574 [JavaFX Application Thread] DEBUG EventBus             - Firing event: javafx.event.Event[source=javafx.event.Event$$Lambda/0x0000024d1817a630@51ed5cdf]
16:28:25.898 [JavaFX Application Thread] DEBUG EventBus             - Firing event: javafx.event.Event[source=javafx.event.Event$$Lambda/0x0000024d1817a630@51ed5cdf]
16:28:26.198 [FXGL Background Thread 3 ] DEBUG Engine               - Logging environment variables
16:28:26.198 [FXGL Background Thread 3 ] DEBUG Engine               - achievements: []
16:28:26.198 [FXGL Background Thread 3 ] DEBUG Engine               - actualHeight: 720.0
16:28:26.198 [FXGL Background Thread 3 ] DEBUG Engine               - actualHeightProperty: ReadOnlyDoubleProperty [value: 720.0]
16:28:26.198 [FXGL Background Thread 3 ] DEBUG Engine               - actualWidth: 1280.0
16:28:26.198 [FXGL Background Thread 3 ] DEBUG Engine               - actualWidthProperty: ReadOnlyDoubleProperty [value: 1280.0]
16:28:26.198 [FXGL Background Thread 3 ] DEBUG Engine               - appIcon: fxgl_icon.png
16:28:26.198 [FXGL Background Thread 3 ] DEBUG Engine               - applicationMode: DEVELOPER
16:28:26.198 [FXGL Background Thread 3 ] DEBUG Engine               - cSSList: [fxgl_dark.css]
16:28:26.198 [FXGL Background Thread 3 ] DEBUG Engine               - collisionDetectionStrategy: BRUTE_FORCE
16:28:26.198 [FXGL Background Thread 3 ] DEBUG Engine               - configClass: Optional.empty
16:28:26.198 [FXGL Background Thread 3 ] DEBUG Engine               - credits: []
16:28:26.199 [FXGL Background Thread 3 ] DEBUG Engine               - defaultCursor: CursorInfo(imageName=fxgl_default_cursor.png, hotspotX=7.0, hotspotY=6.0)
16:28:26.199 [FXGL Background Thread 3 ] DEBUG Engine               - devBBoxColorProperty: ObjectProperty [value: 0xff0000ff]
16:28:26.200 [FXGL Background Thread 3 ] DEBUG Engine               - devEnableDebugCameraProperty: BooleanProperty [value: false]
16:28:26.200 [FXGL Background Thread 3 ] DEBUG Engine               - devSensorColorProperty: ObjectProperty [value: 0xffff00ff]
16:28:26.200 [FXGL Background Thread 3 ] DEBUG Engine               - devShowBBoxProperty: BooleanProperty [value: false]
16:28:26.200 [FXGL Background Thread 3 ] DEBUG Engine               - devShowPositionProperty: BooleanProperty [value: false]
16:28:26.200 [FXGL Background Thread 3 ] DEBUG Engine               - enabledMenuItems: []
16:28:26.200 [FXGL Background Thread 3 ] DEBUG Engine               - engineServices: [class com.almasb.fxgl.app.services.FXGLAssetLoaderService, class com.almasb.fxgl.app.FXGLApplication$GameApplicationService, class com.almasb.fxgl.app.services.FXGLDialogService, class com.almasb.fxgl.app.services.IOTaskExecutorService, class com.almasb.fxgl.io.FileSystemService, class com.almasb.fxgl.localization.LocalizationService, class com.almasb.fxgl.app.services.SystemBundleService, class com.almasb.fxgl.profile.SaveLoadService, class com.almasb.fxgl.ui.FXGLUIFactoryServiceProvider, class com.almasb.fxgl.ui.FXGLDialogFactoryServiceProvider, class com.almasb.fxgl.audio.AudioPlayer, class com.almasb.fxgl.notification.impl.NotificationServiceProvider, class com.almasb.fxgl.achievement.AchievementService, class com.almasb.fxgl.cutscene.CutsceneService, class com.almasb.fxgl.minigames.MiniGameService, class com.almasb.fxgl.net.NetService, class com.almasb.fxgl.app.services.UpdaterService, class com.almasb.fxgl.dev.DevService]
16:28:26.200 [FXGL Background Thread 3 ] DEBUG Engine               - fontGame: Abel-Regular.ttf
16:28:26.200 [FXGL Background Thread 3 ] DEBUG Engine               - fontMono: TerminalLandMono-Regular.otf
16:28:26.200 [FXGL Background Thread 3 ] DEBUG Engine               - fontSizeScaleUI: 1.0
16:28:26.200 [FXGL Background Thread 3 ] DEBUG Engine               - fontText: Courier-Prime.ttf
16:28:26.200 [FXGL Background Thread 3 ] DEBUG Engine               - fontUI: VarelaRound-Regular.ttf
16:28:26.200 [FXGL Background Thread 3 ] DEBUG Engine               - fullScreen: BooleanProperty [value: false]
16:28:26.200 [FXGL Background Thread 3 ] DEBUG Engine               - gameDifficulty: MEDIUM
16:28:26.200 [FXGL Background Thread 3 ] DEBUG Engine               - gameDifficultyProperty: ObjectProperty [value: MEDIUM]
16:28:26.200 [FXGL Background Thread 3 ] DEBUG Engine               - globalMusicVolume: 0.5
16:28:26.200 [FXGL Background Thread 3 ] DEBUG Engine               - globalMusicVolumeProperty: DoubleProperty [value: 0.5]
16:28:26.200 [FXGL Background Thread 3 ] DEBUG Engine               - globalSoundVolume: 0.5
16:28:26.200 [FXGL Background Thread 3 ] DEBUG Engine               - globalSoundVolumeProperty: DoubleProperty [value: 0.5]
16:28:26.200 [FXGL Background Thread 3 ] DEBUG Engine               - height: 720
16:28:26.200 [FXGL Background Thread 3 ] DEBUG Engine               - is3D: false
16:28:26.200 [FXGL Background Thread 3 ] DEBUG Engine               - isAndroid: false
16:28:26.200 [FXGL Background Thread 3 ] DEBUG Engine               - isBrowser: false
16:28:26.200 [FXGL Background Thread 3 ] DEBUG Engine               - isClickFeedbackEnabled: false
16:28:26.200 [FXGL Background Thread 3 ] DEBUG Engine               - isCloseConfirmation: false
16:28:26.200 [FXGL Background Thread 3 ] DEBUG Engine               - isDesktop: true
16:28:26.200 [FXGL Background Thread 3 ] DEBUG Engine               - isDeveloperMenuEnabled: false
16:28:26.200 [FXGL Background Thread 3 ] DEBUG Engine               - isEmbedded: false
16:28:26.200 [FXGL Background Thread 3 ] DEBUG Engine               - isEntityPreloadEnabled: true
16:28:26.200 [FXGL Background Thread 3 ] DEBUG Engine               - isExperimentalTiledLargeMap: false
16:28:26.200 [FXGL Background Thread 3 ] DEBUG Engine               - isFileSystemWriteAllowed: true
16:28:26.200 [FXGL Background Thread 3 ] DEBUG Engine               - isFullScreenAllowed: false
16:28:26.200 [FXGL Background Thread 3 ] DEBUG Engine               - isFullScreenFromStart: false
16:28:26.200 [FXGL Background Thread 3 ] DEBUG Engine               - isGameMenuEnabled: false
16:28:26.200 [FXGL Background Thread 3 ] DEBUG Engine               - isIOS: false
16:28:26.200 [FXGL Background Thread 3 ] DEBUG Engine               - isIntroEnabled: false
16:28:26.200 [FXGL Background Thread 3 ] DEBUG Engine               - isLinux: false
16:28:26.200 [FXGL Background Thread 3 ] DEBUG Engine               - isMac: false
16:28:26.200 [FXGL Background Thread 3 ] DEBUG Engine               - isMainMenuEnabled: false
16:28:26.200 [FXGL Background Thread 3 ] DEBUG Engine               - isManualResizeEnabled: false
16:28:26.200 [FXGL Background Thread 3 ] DEBUG Engine               - isMobile: false
16:28:26.200 [FXGL Background Thread 3 ] DEBUG Engine               - isNative: false
16:28:26.200 [FXGL Background Thread 3 ] DEBUG Engine               - isPauseMusicWhenMinimized: true
16:28:26.200 [FXGL Background Thread 3 ] DEBUG Engine               - isPreserveResizeRatio: true
16:28:26.200 [FXGL Background Thread 3 ] DEBUG Engine               - isProfilingEnabled: false
16:28:26.200 [FXGL Background Thread 3 ] DEBUG Engine               - isScaleAffectedOnResize: true
16:28:26.200 [FXGL Background Thread 3 ] DEBUG Engine               - isSingleStep: false
16:28:26.201 [FXGL Background Thread 3 ] DEBUG Engine               - isUserProfileEnabled: false
16:28:26.201 [FXGL Background Thread 3 ] DEBUG Engine               - isWindows: true
16:28:26.201 [FXGL Background Thread 3 ] DEBUG Engine               - language: ObjectProperty [value: ENGLISH]
16:28:26.201 [FXGL Background Thread 3 ] DEBUG Engine               - menuKey: ESCAPE
16:28:26.201 [FXGL Background Thread 3 ] DEBUG Engine               - mouseSensitivity: 0.2
16:28:26.201 [FXGL Background Thread 3 ] DEBUG Engine               - notificationViewClass: class com.almasb.fxgl.notification.view.XboxNotificationView
16:28:26.201 [FXGL Background Thread 3 ] DEBUG Engine               - pixelsPerMeter: 50.0
16:28:26.201 [FXGL Background Thread 3 ] DEBUG Engine               - platform: WINDOWS
16:28:26.201 [FXGL Background Thread 3 ] DEBUG Engine               - prefHeightProperty: ReadOnlyDoubleProperty [value: 720.0]
16:28:26.201 [FXGL Background Thread 3 ] DEBUG Engine               - prefWidthProperty: ReadOnlyDoubleProperty [value: 1280.0]
16:28:26.201 [FXGL Background Thread 3 ] DEBUG Engine               - profileDir: profiles/
16:28:26.201 [FXGL Background Thread 3 ] DEBUG Engine               - profileName: StringProperty [value: DEFAULT]
16:28:26.201 [FXGL Background Thread 3 ] DEBUG Engine               - randomSeed: -1
16:28:26.201 [FXGL Background Thread 3 ] DEBUG Engine               - runtimeInfo: RuntimeInfo(platform=WINDOWS, version=21.1, build=27.03.2024 07.52)
16:28:26.201 [FXGL Background Thread 3 ] DEBUG Engine               - saveFileExt: sav
16:28:26.201 [FXGL Background Thread 3 ] DEBUG Engine               - scaledHeightProp$fxgl: DoubleProperty [bound, value: 720.0]
16:28:26.201 [FXGL Background Thread 3 ] DEBUG Engine               - scaledWidthProp$fxgl: DoubleProperty [bound, value: 1280.0]
16:28:26.201 [FXGL Background Thread 3 ] DEBUG Engine               - sceneFactory: com.almasb.fxgl.app.scene.SceneFactory@ad8e43
16:28:26.201 [FXGL Background Thread 3 ] DEBUG Engine               - secondsIn24h: 60
16:28:26.201 [FXGL Background Thread 3 ] DEBUG Engine               - soundMenuBack: menu/back.wav
16:28:26.201 [FXGL Background Thread 3 ] DEBUG Engine               - soundMenuPress: menu/press.wav
16:28:26.201 [FXGL Background Thread 3 ] DEBUG Engine               - soundMenuSelect: menu/select.wav
16:28:26.201 [FXGL Background Thread 3 ] DEBUG Engine               - soundNotification: core/notification.wav
16:28:26.201 [FXGL Background Thread 3 ] DEBUG Engine               - stageStyle: DECORATED
16:28:26.201 [FXGL Background Thread 3 ] DEBUG Engine               - supportedLanguages: [ENGLISH, FRENCH, GERMAN, HUNGARIAN, RUSSIAN]
16:28:26.201 [FXGL Background Thread 3 ] DEBUG Engine               - ticksPerSecond: -1
16:28:26.201 [FXGL Background Thread 3 ] DEBUG Engine               - title: RougeVolley — 地牢探险
16:28:26.201 [FXGL Background Thread 3 ] DEBUG Engine               - urlGithub: https://github.com/AlmasB/FXGL
16:28:26.201 [FXGL Background Thread 3 ] DEBUG Engine               - urlLeaderboard: http://fxgl-top.herokuapp.com/
16:28:26.201 [FXGL Background Thread 3 ] DEBUG Engine               - urlPOM: https://raw.githubusercontent.com/AlmasB/FXGL/release/README.md
16:28:26.201 [FXGL Background Thread 3 ] DEBUG Engine               - userAppClass: class org.example.rougevolley.RougeVolleyFXGL
16:28:26.201 [FXGL Background Thread 3 ] DEBUG Engine               - version: 0.1.0
16:28:26.201 [FXGL Background Thread 3 ] DEBUG Engine               - versionCheckDays: 7
16:28:26.201 [FXGL Background Thread 3 ] DEBUG Engine               - width: 1280
16:28:26.201 [FXGL Background Thread 3 ] DEBUG Engine               - Logging services
16:28:26.201 [FXGL Background Thread 3 ] DEBUG Engine               - class com.almasb.fxgl.app.services.FXGLAssetLoaderService
16:28:26.201 [FXGL Background Thread 3 ] DEBUG Engine               - class com.almasb.fxgl.app.FXGLApplication$GameApplicationService
16:28:26.201 [FXGL Background Thread 3 ] DEBUG Engine               - class com.almasb.fxgl.app.services.FXGLDialogService
16:28:26.201 [FXGL Background Thread 3 ] DEBUG Engine               - class com.almasb.fxgl.app.services.IOTaskExecutorService
16:28:26.201 [FXGL Background Thread 3 ] DEBUG Engine               - class com.almasb.fxgl.io.FileSystemService
16:28:26.201 [FXGL Background Thread 3 ] DEBUG Engine               - class com.almasb.fxgl.localization.LocalizationService
16:28:26.201 [FXGL Background Thread 3 ] DEBUG Engine               - class com.almasb.fxgl.app.services.SystemBundleService
16:28:26.201 [FXGL Background Thread 3 ] DEBUG Engine               - class com.almasb.fxgl.profile.SaveLoadService
16:28:26.201 [FXGL Background Thread 3 ] DEBUG Engine               - class com.almasb.fxgl.ui.FXGLUIFactoryServiceProvider
16:28:26.201 [FXGL Background Thread 3 ] DEBUG Engine               - class com.almasb.fxgl.ui.FXGLDialogFactoryServiceProvider
16:28:26.201 [FXGL Background Thread 3 ] DEBUG Engine               - class com.almasb.fxgl.audio.AudioPlayer
16:28:26.201 [FXGL Background Thread 3 ] DEBUG Engine               - class com.almasb.fxgl.notification.impl.NotificationServiceProvider
16:28:26.201 [FXGL Background Thread 3 ] DEBUG Engine               - class com.almasb.fxgl.achievement.AchievementService
16:28:26.201 [FXGL Background Thread 3 ] DEBUG Engine               - class com.almasb.fxgl.cutscene.CutsceneService
16:28:26.201 [FXGL Background Thread 3 ] DEBUG Engine               - class com.almasb.fxgl.minigames.MiniGameService
16:28:26.201 [FXGL Background Thread 3 ] DEBUG Engine               - class com.almasb.fxgl.net.NetService
16:28:26.201 [FXGL Background Thread 3 ] DEBUG Engine               - class com.almasb.fxgl.app.services.UpdaterService
16:28:26.201 [FXGL Background Thread 3 ] DEBUG Engine               - class com.almasb.fxgl.dev.DevService
16:28:26.239 [JavaFX Application Thread] DEBUG EventBus             - Firing event: javafx.event.Event[source=javafx.event.Event$$Lambda/0x0000024d1817a630@51ed5cdf]
16:28:26.576 [JavaFX Application Thread] DEBUG EventBus             - Firing event: javafx.event.Event[source=javafx.event.Event$$Lambda/0x0000024d1817a630@51ed5cdf]
16:28:26.901 [JavaFX Application Thread] DEBUG EventBus             - Firing event: javafx.event.Event[source=javafx.event.Event$$Lambda/0x0000024d1817a630@51ed5cdf]
16:28:27.243 [JavaFX Application Thread] DEBUG EventBus             - Firing event: javafx.event.Event[source=javafx.event.Event$$Lambda/0x0000024d1817a630@51ed5cdf]
16:28:27.705 [JavaFX Application Thread] DEBUG EventBus             - Firing event: javafx.event.Event[source=javafx.event.Event$$Lambda/0x0000024d1817a630@51ed5cdf]
16:28:28.217 [JavaFX Application Thread] DEBUG EventBus             - Firing event: javafx.event.Event[source=javafx.event.Event$$Lambda/0x0000024d1817a630@51ed5cdf]
16:28:28.731 [JavaFX Application Thread] DEBUG EventBus             - Firing event: javafx.event.Event[source=javafx.event.Event$$Lambda/0x0000024d1817a630@51ed5cdf]
16:28:29.242 [JavaFX Application Thread] DEBUG EventBus             - Firing event: javafx.event.Event[source=javafx.event.Event$$Lambda/0x0000024d1817a630@51ed5cdf]
16:28:29.722 [JavaFX Application Thread] DEBUG EventBus             - Firing event: javafx.event.Event[source=javafx.event.Event$$Lambda/0x0000024d1817a630@51ed5cdf]
16:28:30.221 [JavaFX Application Thread] DEBUG EventBus             - Firing event: javafx.event.Event[source=javafx.event.Event$$Lambda/0x0000024d1817a630@51ed5cdf]
16:28:30.719 [JavaFX Application Thread] DEBUG EventBus             - Firing event: javafx.event.Event[source=javafx.event.Event$$Lambda/0x0000024d1817a630@51ed5cdf]
16:28:31.232 [JavaFX Application Thread] DEBUG EventBus             - Firing event: javafx.event.Event[source=javafx.event.Event$$Lambda/0x0000024d1817a630@51ed5cdf]
16:28:34.338 [JavaFX Application Thread] DEBUG EventBus             - Firing event: javafx.event.Event[source=javafx.event.Event$$Lambda/0x0000024d1817a630@51ed5cdf]
16:28:34.631 [JavaFX Application Thread] DEBUG EventBus             - Firing event: javafx.event.Event[source=javafx.event.Event$$Lambda/0x0000024d1817a630@51ed5cdf]
16:28:34.909 [JavaFX Application Thread] DEBUG EventBus             - Firing event: javafx.event.Event[source=javafx.event.Event$$Lambda/0x0000024d1817a630@51ed5cdf]
16:28:35.213 [JavaFX Application Thread] DEBUG EventBus             - Firing event: javafx.event.Event[source=javafx.event.Event$$Lambda/0x0000024d1817a630@51ed5cdf]
16:28:35.648 [JavaFX Application Thread] DEBUG EventBus             - Firing event: javafx.event.Event[source=javafx.event.Event$$Lambda/0x0000024d1817a630@51ed5cdf]
16:28:36.134 [JavaFX Application Thread] DEBUG EventBus             - Firing event: javafx.event.Event[source=javafx.event.Event$$Lambda/0x0000024d1817a630@51ed5cdf]
16:28:36.650 [JavaFX Application Thread] DEBUG EventBus             - Firing event: javafx.event.Event[source=javafx.event.Event$$Lambda/0x0000024d1817a630@51ed5cdf]
16:28:37.151 [JavaFX Application Thread] DEBUG EventBus             - Firing event: javafx.event.Event[source=javafx.event.Event$$Lambda/0x0000024d1817a630@51ed5cdf]
16:28:37.659 [JavaFX Application Thread] DEBUG EventBus             - Firing event: javafx.event.Event[source=javafx.event.Event$$Lambda/0x0000024d1817a630@51ed5cdf]
16:28:38.150 [JavaFX Application Thread] DEBUG EventBus             - Firing event: javafx.event.Event[source=javafx.event.Event$$Lambda/0x0000024d1817a630@51ed5cdf]
16:28:38.776 [JavaFX Application Thread] DEBUG EventBus             - Firing event: javafx.event.Event[source=javafx.event.Event$$Lambda/0x0000024d1817a630@51ed5cdf]
16:28:39.271 [JavaFX Application Thread] DEBUG EventBus             - Firing event: javafx.event.Event[source=javafx.event.Event$$Lambda/0x0000024d1817a630@51ed5cdf]
16:28:39.796 [JavaFX Application Thread] DEBUG EventBus             - Firing event: javafx.event.Event[source=javafx.event.Event$$Lambda/0x0000024d1817a630@51ed5cdf]
16:28:40.350 [JavaFX Application Thread] DEBUG EventBus             - Firing event: javafx.event.Event[source=javafx.event.Event$$Lambda/0x0000024d1817a630@51ed5cdf]
16:28:40.864 [JavaFX Application Thread] DEBUG EventBus             - Firing event: javafx.event.Event[source=javafx.event.Event$$Lambda/0x0000024d1817a630@51ed5cdf]
16:28:41.375 [JavaFX Application Thread] DEBUG EventBus             - Firing event: javafx.event.Event[source=javafx.event.Event$$Lambda/0x0000024d1817a630@51ed5cdf]
16:28:41.898 [JavaFX Application Thread] DEBUG EventBus             - Firing event: javafx.event.Event[source=javafx.event.Event$$Lambda/0x0000024d1817a630@51ed5cdf]
16:28:42.477 [JavaFX Application Thread] DEBUG EventBus             - Firing event: javafx.event.Event[source=javafx.event.Event$$Lambda/0x0000024d1817a630@51ed5cdf]
16:28:42.976 [JavaFX Application Thread] DEBUG EventBus             - Firing event: javafx.event.Event[source=javafx.event.Event$$Lambda/0x0000024d1817a630@51ed5cdf]
16:28:43.488 [JavaFX Application Thread] DEBUG EventBus             - Firing event: javafx.event.Event[source=javafx.event.Event$$Lambda/0x0000024d1817a630@51ed5cdf]
16:28:44.079 [JavaFX Application Thread] DEBUG EventBus             - Firing event: javafx.event.Event[source=javafx.event.Event$$Lambda/0x0000024d1817a630@51ed5cdf]
16:28:44.650 [JavaFX Application Thread] DEBUG EventBus             - Firing event: javafx.event.Event[source=javafx.event.Event$$Lambda/0x0000024d1817a630@51ed5cdf]
16:28:45.152 [JavaFX Application Thread] DEBUG EventBus             - Firing event: javafx.event.Event[source=javafx.event.Event$$Lambda/0x0000024d1817a630@51ed5cdf]
16:28:46.054 [JavaFX Application Thread] DEBUG EventBus             - Firing event: javafx.event.Event[source=javafx.event.Event$$Lambda/0x0000024d1817a630@51ed5cdf]
16:28:46.588 [JavaFX Application Thread] DEBUG EventBus             - Firing event: javafx.event.Event[source=javafx.event.Event$$Lambda/0x0000024d1817a630@51ed5cdf]
16:28:49.290 [JavaFX Application Thread] DEBUG FXGLApplication      - Exiting FXGL
16:28:49.290 [JavaFX Application Thread] DEBUG LoopRunner           - Stopping loop
16:28:49.290 [JavaFX Application Thread] DEBUG SystemBundleService  - Saving FXGL system data
16:28:49.292 [JavaFX Application Thread] DEBUG FileSystemAccess     - Writing to: C:\Users\19559\IdeaProjects\RougeVolley\system\fxgl.bundle
16:28:49.294 [JavaFX Application Thread] DEBUG Async                - Shutting down background threads
16:28:49.294 [JavaFX Application Thread] DEBUG PrimaryStageWindow   - Closing main window
16:28:49.319 [JavaFX Application Thread] DEBUG Logger               - Closing Logger
