22:40:07.685 [main                     ] DEBUG Logger               - Configured Logger
22:40:07.712 [main                     ] DEBUG GameApplication      - Logging settings
Title: RougeVolley — 地牢探险
Version: 0.1.0
Width: 1280
Height: 720
Fullscreen: false
Intro: false
Profiling: false
Single step:false
App Mode: DEVELOPER
Menu Key: ESCAPE
Stage Style: DECORATED
Scene Factory: class com.almasb.fxgl.app.scene.SceneFactory

22:40:08.167 [JavaFX Application Thread] DEBUG FXGLApplication      - Initializing FXGL
22:40:08.170 [JavaFX Application Thread] INFO  Engine               - FXGL-21.1 (27.03.2024 07.52) on WINDOWS (J:21.0.11 FX:21)
22:40:08.170 [JavaFX Application Thread] DEBUG Engine               - JRE Vendor Name: Microsoft
22:40:08.170 [JavaFX Application Thread] DEBUG Engine               - Running on OS: Windows 11 version 10.0
22:40:08.172 [JavaFX Application Thread] DEBUG Engine               - Architecture: amd64
22:40:08.172 [JavaFX Application Thread] INFO  Engine               - Source code and latest versions at: https://github.com/AlmasB/FXGL
22:40:08.172 [JavaFX Application Thread] INFO  Engine               -       Ask questions and discuss at: https://github.com/AlmasB/FXGL/discussions
22:40:08.172 [JavaFX Application Thread] INFO  Engine               -              Join the FXGL chat at: https://gitter.im/AlmasB/FXGL
22:40:08.274 [JavaFX Application Thread] DEBUG PrimaryStageWindow   - Creating a JavaFX scene
22:40:08.321 [JavaFX Application Thread] DEBUG PrimaryStageWindow   - Target settings size: 1280.0 x 720.0
22:40:08.321 [JavaFX Application Thread] DEBUG PrimaryStageWindow   - Scaled scene size:    1280.0 x 720.0
22:40:08.321 [JavaFX Application Thread] DEBUG PrimaryStageWindow   - Scaled ratio: (1.0, 1.0)
22:40:08.322 [JavaFX Application Thread] DEBUG PrimaryStageWindow   - Set initial scene to FXGLStartupScene
22:40:08.325 [JavaFX Application Thread] DEBUG PrimaryStageWindow   - Opening main window
22:40:08.408 [JavaFX Application Thread] DEBUG PrimaryStageWindow   - Window border size: (14.4000244140625, 37.5999755859375)
22:40:08.409 [JavaFX Application Thread] DEBUG PrimaryStageWindow   - Scaled size: 1280.0 x 720.0
22:40:08.409 [JavaFX Application Thread] DEBUG PrimaryStageWindow   - Scaled ratio: (1.0, 1.0)
22:40:08.409 [JavaFX Application Thread] DEBUG PrimaryStageWindow   - Scene size: 1280.0 x 720.0
22:40:08.410 [JavaFX Application Thread] DEBUG PrimaryStageWindow   - Stage size: 1294.4000244140625 x 757.5999755859375
22:40:08.418 [FXGL Background Thread 1 ] DEBUG Engine               - Initializing environment variables
22:40:08.474 [FXGL Background Thread 1 ] DEBUG FXGLAssetLoaderServi - User app class for loading assets: class org.example.rougevolley.RougeVolleyFXGL
22:40:08.475 [FXGL Background Thread 1 ] DEBUG GameApplicationServi - Applying CSS: fxgl_dark.css
22:40:08.475 [FXGL Background Thread 1 ] DEBUG FXGLAssetLoaderServi - Loading from file system: jar:file:/C:/Users/hzyyz/.m2/repository/com/github/almasb/fxgl/21.1/fxgl-21.1.jar!/fxglassets/ui/css/fxgl_dark.css
22:40:08.511 [FXGL Background Thread 1 ] DEBUG GameApplicationServi - Initializing application scenes
22:40:08.579 [FXGL Background Thread 1 ] DEBUG GameWorld            - Game world initialized
22:40:08.630 [FXGL Background Thread 1 ] DEBUG PhysicsWorld         - Physics world initialized: appHeight=720, physics.ppm=50.0
22:40:08.630 [FXGL Background Thread 1 ] DEBUG PhysicsWorld         - Using strategy: BRUTE_FORCE
22:40:08.633 [FXGL Background Thread 1 ] DEBUG GameScene            - Game scene initialized: 1280x720
22:40:08.633 [FXGL Background Thread 1 ] DEBUG GameApplicationServi - Application scenes initialized
22:40:08.654 [FXGL Background Thread 1 ] DEBUG SystemBundleService  - Loading FXGL system data
22:40:08.657 [FXGL Background Thread 1 ] DEBUG FileSystemAccess     - Reading from: C:\Users\hzyyz\IdeaProjects\RougeVolley\system\fxgl.bundle
22:40:08.665 [FXGL Background Thread 1 ] DEBUG SystemBundleService  - Bundle FXGL: {}
22:40:08.665 [FXGL Background Thread 1 ] DEBUG UpdaterService       - Checking for updates
22:40:08.669 [FXGL Background Thread 4 ] DEBUG FXGLApplication      - Loading fonts
22:40:08.670 [FXGL Background Thread 4 ] DEBUG FXGLAssetLoaderServi - Loading from file system: jar:file:/C:/Users/hzyyz/.m2/repository/com/github/almasb/fxgl/21.1/fxgl-21.1.jar!/fxglassets/ui/fonts/VarelaRound-Regular.ttf
22:40:08.670 [FXGL Background Thread 1 ] DEBUG FXGLApplication      - Loading default localization
22:40:08.670 [FXGL Background Thread 1 ] DEBUG FXGLAssetLoaderServi - Loading from file system: jar:file:/C:/Users/hzyyz/.m2/repository/com/github/almasb/fxgl/21.1/fxgl-21.1.jar!/fxglassets/languages/english.lang
22:40:08.701 [FXGL Background Thread 1 ] INFO  FXGLApplication      - FXGL initialization took: 0.285 sec
22:40:08.706 [FXGL Background Thread 4 ] DEBUG FXGLAssetLoaderServi - Loading from file system: jar:file:/C:/Users/hzyyz/.m2/repository/com/github/almasb/fxgl/21.1/fxgl-21.1.jar!/fxglassets/ui/fonts/Abel-Regular.ttf
22:40:08.710 [FXGL Background Thread 4 ] DEBUG FXGLAssetLoaderServi - Loading from file system: jar:file:/C:/Users/hzyyz/.m2/repository/com/github/almasb/fxgl/21.1/fxgl-21.1.jar!/fxglassets/ui/fonts/TerminalLandMono-Regular.otf
22:40:08.710 [JavaFX Application Thread] DEBUG Input                - Registered new binding: Move Up - W
22:40:08.711 [JavaFX Application Thread] DEBUG Input                - Registered new binding: Move Up Arrow - Up
22:40:08.711 [JavaFX Application Thread] DEBUG Input                - Registered new binding: Move Down - S
22:40:08.711 [JavaFX Application Thread] DEBUG Input                - Registered new binding: Move Down Arrow - Down
22:40:08.711 [JavaFX Application Thread] DEBUG Input                - Registered new binding: Move Left - A
22:40:08.711 [JavaFX Application Thread] DEBUG Input                - Registered new binding: Move Left Arrow - Left
22:40:08.712 [JavaFX Application Thread] DEBUG Input                - Registered new binding: Move Right - D
22:40:08.712 [JavaFX Application Thread] DEBUG Input                - Registered new binding: Move Right Arrow - Right
22:40:08.713 [FXGL Background Thread 4 ] DEBUG FXGLAssetLoaderServi - Loading from file system: jar:file:/C:/Users/hzyyz/.m2/repository/com/github/almasb/fxgl/21.1/fxgl-21.1.jar!/fxglassets/ui/fonts/Courier-Prime.ttf
22:40:08.713 [JavaFX Application Thread] DEBUG Input                - Registered new binding: Fire - LMB
22:40:08.713 [JavaFX Application Thread] DEBUG Input                - Registered new binding: Pause - Esc
22:40:08.715 [JavaFX Application Thread] DEBUG FXGLAssetLoaderServi - Loading from file system: jar:file:/C:/Users/hzyyz/.m2/repository/com/github/almasb/fxgl/21.1/fxgl-21.1.jar!/fxglassets/textures/fxgl_icon.png
22:40:08.760 [JavaFX Application Thread] DEBUG FXGLAssetLoaderServi - Loading from file system: jar:file:/C:/Users/hzyyz/.m2/repository/com/github/almasb/fxgl/21.1/fxgl-21.1.jar!/fxglassets/textures/fxgl_default_cursor.png
22:40:08.764 [JavaFX Application Thread] DEBUG Input                - Registered new binding: Screenshot - CTRL+8
22:40:08.765 [JavaFX Application Thread] DEBUG Input                - Registered new binding: System info dump - CTRL+9
22:40:08.766 [JavaFX Application Thread] DEBUG Input                - Registered new binding: Restart - CTRL+R
22:40:08.767 [JavaFX Application Thread] DEBUG Input                - Registered new binding: Toggle Debug Camera - CTRL+7
22:40:08.773 [JavaFX Application Thread] DEBUG LoopRunner           - Starting loop
22:40:08.773 [JavaFX Application Thread] DEBUG LoopRunner           - Initializing JavaFX AnimationTimerLoop
22:40:08.776 [JavaFX Application Thread] DEBUG GameApplicationServi - Starting new game
22:40:08.777 [JavaFX Application Thread] DEBUG Input                - Clearing active input actions
22:40:08.788 [JavaFX Application Thread] DEBUG GameApplicationServi - Removing overlay from FXGLStartupScene and adding to FXGLLoadingScene
22:40:08.788 [JavaFX Application Thread] DEBUG PrimaryStageWindow   - FXGLStartupScene -> FXGLLoadingScene
22:40:08.788 [JavaFX Application Thread] DEBUG GameApplicationServi - Clearing previous game
22:40:08.788 [JavaFX Application Thread] DEBUG GameScene            - Clearing game scene
22:40:08.788 [JavaFX Application Thread] DEBUG GameWorld            - Clearing game world
22:40:08.788 [JavaFX Application Thread] DEBUG PhysicsWorld         - Clearing physics world
22:40:08.791 [FXGL Background Thread 4 ] DEBUG FXGLApplication      - Initializing game
22:40:08.792 [JavaFX Application Thread] DEBUG FXGLApplication      - Registering font factories with UI factory
22:40:08.793 [FXGL Background Thread 4 ] INFO  RougeVolleyFXGL      - RougeVolley initializing... seed=2037791934163967498
22:40:08.807 [FXGL Background Thread 4 ] INFO  UpgradeManager       - 已加载 5 个升级选项
22:40:08.835 [FXGL Background Thread 4 ] INFO  RougeVolleyFXGL      - RougeVolley initialized. Waiting for player to start.
22:40:08.836 [FXGL Background Thread 4 ] DEBUG EventBus             - Firing event: javafx.event.Event[source=javafx.event.Event$$Lambda/0x00000205a617ae78@3229a754]
22:40:08.836 [FXGL Background Thread 4 ] INFO  FXGLApplication      - Game initialization took: 0.046 sec
22:40:08.855 [JavaFX Application Thread] DEBUG Input                - Clearing active input actions
22:40:08.864 [JavaFX Application Thread] DEBUG GameApplicationServi - Removing overlay from FXGLLoadingScene and adding to GameScene
22:40:08.865 [JavaFX Application Thread] DEBUG PrimaryStageWindow   - FXGLLoadingScene -> GameScene
22:40:09.703 [JavaFX Application Thread] INFO  UpgradeManager       - 已加载 5 个升级选项
22:40:09.703 [JavaFX Application Thread] DEBUG EventBus             - Firing event: javafx.event.Event[source=javafx.event.Event$$Lambda/0x00000205a617ae78@3229a754]
22:40:09.741 [JavaFX Application Thread] DEBUG EventBus             - Firing event: javafx.event.Event[source=javafx.event.Event$$Lambda/0x00000205a617ae78@3229a754]
22:40:09.743 [JavaFX Application Thread] INFO  RougeVolleyFXGL      - RougeVolley initialized. Dungeon: 6 rooms. Player at (320.0, 256.0)
22:40:09.744 [JavaFX Application Thread] DEBUG EventBus             - Firing event: javafx.event.Event[source=javafx.event.Event$$Lambda/0x00000205a617ae78@3229a754]
22:40:09.744 [JavaFX Application Thread] INFO  RougeVolleyFXGL      - New game started. Player at (320.0, 256.0)
22:40:11.206 [JavaFX Application Thread] DEBUG FXGLApplication      - Exiting FXGL
22:40:11.206 [JavaFX Application Thread] DEBUG LoopRunner           - Stopping loop
22:40:11.206 [JavaFX Application Thread] DEBUG SystemBundleService  - Saving FXGL system data
22:40:11.209 [JavaFX Application Thread] DEBUG FileSystemAccess     - Writing to: C:\Users\hzyyz\IdeaProjects\RougeVolley\system\fxgl.bundle
22:40:11.211 [JavaFX Application Thread] DEBUG Async                - Shutting down background threads
22:40:11.211 [JavaFX Application Thread] DEBUG PrimaryStageWindow   - Closing main window
22:40:11.227 [JavaFX Application Thread] DEBUG Logger               - Closing Logger
