16:48:08.863 [main                     ] DEBUG Logger               - Configured Logger
16:48:08.884 [main                     ] DEBUG GameApplication      - Logging settings
Title: RougeVolley — 地牢探险
Version: 0.1.0
Width: 1280
Height: 720
Fullscreen: false
Intro: false
Profiling: false
Single step:false
App Mode: DEVELOPER
Menu Key: ESCAPE
Stage Style: DECORATED
Scene Factory: class com.almasb.fxgl.app.scene.SceneFactory

16:48:09.311 [JavaFX Application Thread] DEBUG FXGLApplication      - Initializing FXGL
16:48:09.316 [JavaFX Application Thread] INFO  Engine               - FXGL-21.1 (27.03.2024 07.52) on WINDOWS (J:21.0.2 FX:21)
16:48:09.316 [JavaFX Application Thread] DEBUG Engine               - JRE Vendor Name: Oracle Corporation
16:48:09.317 [JavaFX Application Thread] DEBUG Engine               - Running on OS: Windows 10 version 10.0
16:48:09.317 [JavaFX Application Thread] DEBUG Engine               - Architecture: amd64
16:48:09.317 [JavaFX Application Thread] INFO  Engine               - Source code and latest versions at: https://github.com/AlmasB/FXGL
16:48:09.317 [JavaFX Application Thread] INFO  Engine               -       Ask questions and discuss at: https://github.com/AlmasB/FXGL/discussions
16:48:09.317 [JavaFX Application Thread] INFO  Engine               -              Join the FXGL chat at: https://gitter.im/AlmasB/FXGL
16:48:09.441 [JavaFX Application Thread] DEBUG PrimaryStageWindow   - Creating a JavaFX scene
16:48:09.441 [JavaFX Application Thread] DEBUG PrimaryStageWindow   - Target size > screen size
16:48:09.495 [JavaFX Application Thread] DEBUG PrimaryStageWindow   - Target settings size: 1280.0 x 720.0
16:48:09.495 [JavaFX Application Thread] DEBUG PrimaryStageWindow   - Scaled scene size:    1199.0 x 688.0
16:48:09.496 [JavaFX Application Thread] DEBUG PrimaryStageWindow   - Scaled ratio: (0.93671875, 0.9555555555555556)
16:48:09.497 [JavaFX Application Thread] DEBUG PrimaryStageWindow   - Set initial scene to FXGLStartupScene
16:48:09.500 [JavaFX Application Thread] DEBUG PrimaryStageWindow   - Opening main window
16:48:09.737 [JavaFX Application Thread] DEBUG PrimaryStageWindow   - Window border size: (15.0, 37.33331298828125)
16:48:09.737 [JavaFX Application Thread] DEBUG PrimaryStageWindow   - Scaled size: 1199.0 x 688.0
16:48:09.737 [JavaFX Application Thread] DEBUG PrimaryStageWindow   - Scaled ratio: (0.93671875, 0.93671875)
16:48:09.738 [JavaFX Application Thread] DEBUG PrimaryStageWindow   - Scene size: 1199.0 x 688.0
16:48:09.738 [JavaFX Application Thread] DEBUG PrimaryStageWindow   - Stage size: 1214.0 x 725.3333129882812
16:48:09.743 [FXGL Background Thread 1 ] DEBUG Engine               - Initializing environment variables
16:48:09.803 [FXGL Background Thread 1 ] DEBUG FXGLAssetLoaderServi - User app class for loading assets: class org.example.rougevolley.RougeVolleyFXGL
16:48:09.803 [FXGL Background Thread 1 ] DEBUG GameApplicationServi - Applying CSS: fxgl_dark.css
16:48:09.804 [FXGL Background Thread 1 ] DEBUG FXGLAssetLoaderServi - Loading from file system: jar:file:/C:/Users/hp/.m2/repository/com/github/almasb/fxgl/21.1/fxgl-21.1.jar!/fxglassets/ui/css/fxgl_dark.css
16:48:09.840 [FXGL Background Thread 1 ] DEBUG GameApplicationServi - Initializing application scenes
16:48:09.923 [FXGL Background Thread 1 ] DEBUG GameWorld            - Game world initialized
16:48:09.969 [FXGL Background Thread 1 ] DEBUG PhysicsWorld         - Physics world initialized: appHeight=720, physics.ppm=50.0
16:48:09.969 [FXGL Background Thread 1 ] DEBUG PhysicsWorld         - Using strategy: BRUTE_FORCE
16:48:09.973 [FXGL Background Thread 1 ] DEBUG GameScene            - Game scene initialized: 1280x720
16:48:09.973 [FXGL Background Thread 1 ] DEBUG GameApplicationServi - Application scenes initialized
16:48:09.991 [FXGL Background Thread 1 ] DEBUG SystemBundleService  - Loading FXGL system data
16:48:09.994 [FXGL Background Thread 1 ] DEBUG FileSystemAccess     - Reading from: C:\Users\hp\IdeaProjects\RougeVolley\system\fxgl.bundle
16:48:10.002 [FXGL Background Thread 1 ] DEBUG SystemBundleService  - Bundle FXGL: {}
16:48:10.002 [FXGL Background Thread 1 ] DEBUG UpdaterService       - Checking for updates
16:48:10.006 [FXGL Background Thread 4 ] DEBUG FXGLApplication      - Loading fonts
16:48:10.007 [FXGL Background Thread 4 ] DEBUG FXGLAssetLoaderServi - Loading from file system: jar:file:/C:/Users/hp/.m2/repository/com/github/almasb/fxgl/21.1/fxgl-21.1.jar!/fxglassets/ui/fonts/VarelaRound-Regular.ttf
16:48:10.007 [FXGL Background Thread 1 ] DEBUG FXGLApplication      - Loading default localization
16:48:10.007 [FXGL Background Thread 1 ] DEBUG FXGLAssetLoaderServi - Loading from file system: jar:file:/C:/Users/hp/.m2/repository/com/github/almasb/fxgl/21.1/fxgl-21.1.jar!/fxglassets/languages/english.lang
16:48:10.026 [FXGL Background Thread 1 ] INFO  FXGLApplication      - FXGL initialization took: 0.283 sec
16:48:10.037 [JavaFX Application Thread] DEBUG Input                - Registered new binding: Move Up - W
16:48:10.037 [JavaFX Application Thread] DEBUG Input                - Registered new binding: Move Up Arrow - Up
16:48:10.037 [JavaFX Application Thread] DEBUG Input                - Registered new binding: Move Down - S
16:48:10.037 [JavaFX Application Thread] DEBUG Input                - Registered new binding: Move Down Arrow - Down
16:48:10.037 [JavaFX Application Thread] DEBUG Input                - Registered new binding: Move Left - A
16:48:10.038 [JavaFX Application Thread] DEBUG Input                - Registered new binding: Move Left Arrow - Left
16:48:10.038 [JavaFX Application Thread] DEBUG Input                - Registered new binding: Move Right - D
16:48:10.038 [JavaFX Application Thread] DEBUG Input                - Registered new binding: Move Right Arrow - Right
16:48:10.039 [FXGL Background Thread 4 ] DEBUG FXGLAssetLoaderServi - Loading from file system: jar:file:/C:/Users/hp/.m2/repository/com/github/almasb/fxgl/21.1/fxgl-21.1.jar!/fxglassets/ui/fonts/Abel-Regular.ttf
16:48:10.039 [JavaFX Application Thread] DEBUG Input                - Registered new binding: Fire - LMB
16:48:10.040 [JavaFX Application Thread] DEBUG FXGLAssetLoaderServi - Loading from file system: jar:file:/C:/Users/hp/.m2/repository/com/github/almasb/fxgl/21.1/fxgl-21.1.jar!/fxglassets/textures/fxgl_icon.png
16:48:10.044 [FXGL Background Thread 4 ] DEBUG FXGLAssetLoaderServi - Loading from file system: jar:file:/C:/Users/hp/.m2/repository/com/github/almasb/fxgl/21.1/fxgl-21.1.jar!/fxglassets/ui/fonts/TerminalLandMono-Regular.otf
16:48:10.048 [FXGL Background Thread 4 ] DEBUG FXGLAssetLoaderServi - Loading from file system: jar:file:/C:/Users/hp/.m2/repository/com/github/almasb/fxgl/21.1/fxgl-21.1.jar!/fxglassets/ui/fonts/Courier-Prime.ttf
16:48:10.091 [JavaFX Application Thread] DEBUG FXGLAssetLoaderServi - Loading from file system: jar:file:/C:/Users/hp/.m2/repository/com/github/almasb/fxgl/21.1/fxgl-21.1.jar!/fxglassets/textures/fxgl_default_cursor.png
16:48:10.094 [JavaFX Application Thread] DEBUG Input                - Registered new binding: Screenshot - CTRL+8
16:48:10.095 [JavaFX Application Thread] DEBUG Input                - Registered new binding: System info dump - CTRL+9
16:48:10.095 [JavaFX Application Thread] DEBUG Input                - Registered new binding: Restart - CTRL+R
16:48:10.096 [JavaFX Application Thread] DEBUG Input                - Registered new binding: Toggle Debug Camera - CTRL+7
16:48:10.099 [JavaFX Application Thread] DEBUG LoopRunner           - Starting loop
16:48:10.099 [JavaFX Application Thread] DEBUG LoopRunner           - Initializing JavaFX AnimationTimerLoop
16:48:10.102 [JavaFX Application Thread] DEBUG GameApplicationServi - Starting new game
16:48:10.102 [JavaFX Application Thread] DEBUG Input                - Clearing active input actions
16:48:10.113 [JavaFX Application Thread] DEBUG GameApplicationServi - Removing overlay from FXGLStartupScene and adding to FXGLLoadingScene
16:48:10.113 [JavaFX Application Thread] DEBUG PrimaryStageWindow   - FXGLStartupScene -> FXGLLoadingScene
16:48:10.113 [JavaFX Application Thread] DEBUG GameApplicationServi - Clearing previous game
16:48:10.113 [JavaFX Application Thread] DEBUG GameScene            - Clearing game scene
16:48:10.113 [JavaFX Application Thread] DEBUG GameWorld            - Clearing game world
16:48:10.113 [JavaFX Application Thread] DEBUG PhysicsWorld         - Clearing physics world
16:48:10.115 [FXGL Background Thread 4 ] DEBUG FXGLApplication      - Initializing game
16:48:10.115 [JavaFX Application Thread] DEBUG FXGLApplication      - Registering font factories with UI factory
16:48:10.117 [FXGL Background Thread 4 ] INFO  RougeVolleyFXGL      - RougeVolley initializing... seed=4808503620416227813
16:48:10.125 [FXGL Background Thread 4 ] INFO  RougeVolleyFXGL      - Spawned 8 test enemies
16:48:10.126 [FXGL Background Thread 4 ] INFO  RougeVolleyFXGL      - RougeVolley initialized. Player at (1500.0, 1500.0)
16:48:10.126 [FXGL Background Thread 4 ] INFO  FXGLApplication      - Game initialization took: 0.012 sec
16:48:10.179 [JavaFX Application Thread] DEBUG Input                - Clearing active input actions
16:48:10.188 [JavaFX Application Thread] DEBUG GameApplicationServi - Removing overlay from FXGLLoadingScene and adding to GameScene
16:48:10.189 [JavaFX Application Thread] DEBUG PrimaryStageWindow   - FXGLLoadingScene -> GameScene
16:48:10.980 [FXGL Background Thread 2 ] INFO  UpdaterService       - Your current version:  21.1
16:48:10.980 [FXGL Background Thread 2 ] INFO  UpdaterService       - Latest stable version: 25
16:48:13.006 [FXGL Background Thread 3 ] DEBUG Engine               - Logging environment variables
16:48:13.006 [FXGL Background Thread 3 ] DEBUG Engine               - achievements: []
16:48:13.006 [FXGL Background Thread 3 ] DEBUG Engine               - actualHeight: 688.0
16:48:13.006 [FXGL Background Thread 3 ] DEBUG Engine               - actualHeightProperty: ReadOnlyDoubleProperty [value: 688.0]
16:48:13.006 [FXGL Background Thread 3 ] DEBUG Engine               - actualWidth: 1199.0
16:48:13.006 [FXGL Background Thread 3 ] DEBUG Engine               - actualWidthProperty: ReadOnlyDoubleProperty [value: 1199.0]
16:48:13.006 [FXGL Background Thread 3 ] DEBUG Engine               - appIcon: fxgl_icon.png
16:48:13.006 [FXGL Background Thread 3 ] DEBUG Engine               - applicationMode: DEVELOPER
16:48:13.006 [FXGL Background Thread 3 ] DEBUG Engine               - cSSList: [fxgl_dark.css]
16:48:13.006 [FXGL Background Thread 3 ] DEBUG Engine               - collisionDetectionStrategy: BRUTE_FORCE
16:48:13.006 [FXGL Background Thread 3 ] DEBUG Engine               - configClass: Optional.empty
16:48:13.006 [FXGL Background Thread 3 ] DEBUG Engine               - credits: []
16:48:13.007 [FXGL Background Thread 3 ] DEBUG Engine               - defaultCursor: CursorInfo(imageName=fxgl_default_cursor.png, hotspotX=7.0, hotspotY=6.0)
16:48:13.007 [FXGL Background Thread 3 ] DEBUG Engine               - devBBoxColorProperty: ObjectProperty [value: 0xff0000ff]
16:48:13.008 [FXGL Background Thread 3 ] DEBUG Engine               - devEnableDebugCameraProperty: BooleanProperty [value: false]
16:48:13.008 [FXGL Background Thread 3 ] DEBUG Engine               - devSensorColorProperty: ObjectProperty [value: 0xffff00ff]
16:48:13.008 [FXGL Background Thread 3 ] DEBUG Engine               - devShowBBoxProperty: BooleanProperty [value: false]
16:48:13.008 [FXGL Background Thread 3 ] DEBUG Engine               - devShowPositionProperty: BooleanProperty [value: false]
16:48:13.008 [FXGL Background Thread 3 ] DEBUG Engine               - enabledMenuItems: []
16:48:13.008 [FXGL Background Thread 3 ] DEBUG Engine               - engineServices: [class com.almasb.fxgl.app.services.FXGLAssetLoaderService, class com.almasb.fxgl.app.FXGLApplication$GameApplicationService, class com.almasb.fxgl.app.services.FXGLDialogService, class com.almasb.fxgl.app.services.IOTaskExecutorService, class com.almasb.fxgl.io.FileSystemService, class com.almasb.fxgl.localization.LocalizationService, class com.almasb.fxgl.app.services.SystemBundleService, class com.almasb.fxgl.profile.SaveLoadService, class com.almasb.fxgl.ui.FXGLUIFactoryServiceProvider, class com.almasb.fxgl.ui.FXGLDialogFactoryServiceProvider, class com.almasb.fxgl.audio.AudioPlayer, class com.almasb.fxgl.notification.impl.NotificationServiceProvider, class com.almasb.fxgl.achievement.AchievementService, class com.almasb.fxgl.cutscene.CutsceneService, class com.almasb.fxgl.minigames.MiniGameService, class com.almasb.fxgl.net.NetService, class com.almasb.fxgl.app.services.UpdaterService, class com.almasb.fxgl.dev.DevService]
16:48:13.008 [FXGL Background Thread 3 ] DEBUG Engine               - fontGame: Abel-Regular.ttf
16:48:13.008 [FXGL Background Thread 3 ] DEBUG Engine               - fontMono: TerminalLandMono-Regular.otf
16:48:13.008 [FXGL Background Thread 3 ] DEBUG Engine               - fontSizeScaleUI: 1.0
16:48:13.008 [FXGL Background Thread 3 ] DEBUG Engine               - fontText: Courier-Prime.ttf
16:48:13.008 [FXGL Background Thread 3 ] DEBUG Engine               - fontUI: VarelaRound-Regular.ttf
16:48:13.008 [FXGL Background Thread 3 ] DEBUG Engine               - fullScreen: BooleanProperty [value: false]
16:48:13.008 [FXGL Background Thread 3 ] DEBUG Engine               - gameDifficulty: MEDIUM
16:48:13.008 [FXGL Background Thread 3 ] DEBUG Engine               - gameDifficultyProperty: ObjectProperty [value: MEDIUM]
16:48:13.008 [FXGL Background Thread 3 ] DEBUG Engine               - globalMusicVolume: 0.5
16:48:13.008 [FXGL Background Thread 3 ] DEBUG Engine               - globalMusicVolumeProperty: DoubleProperty [value: 0.5]
16:48:13.008 [FXGL Background Thread 3 ] DEBUG Engine               - globalSoundVolume: 0.5
16:48:13.008 [FXGL Background Thread 3 ] DEBUG Engine               - globalSoundVolumeProperty: DoubleProperty [value: 0.5]
16:48:13.008 [FXGL Background Thread 3 ] DEBUG Engine               - height: 720
16:48:13.008 [FXGL Background Thread 3 ] DEBUG Engine               - is3D: false
16:48:13.008 [FXGL Background Thread 3 ] DEBUG Engine               - isAndroid: false
16:48:13.008 [FXGL Background Thread 3 ] DEBUG Engine               - isBrowser: false
16:48:13.008 [FXGL Background Thread 3 ] DEBUG Engine               - isClickFeedbackEnabled: false
16:48:13.008 [FXGL Background Thread 3 ] DEBUG Engine               - isCloseConfirmation: false
16:48:13.008 [FXGL Background Thread 3 ] DEBUG Engine               - isDesktop: true
16:48:13.008 [FXGL Background Thread 3 ] DEBUG Engine               - isDeveloperMenuEnabled: false
16:48:13.008 [FXGL Background Thread 3 ] DEBUG Engine               - isEmbedded: false
16:48:13.008 [FXGL Background Thread 3 ] DEBUG Engine               - isEntityPreloadEnabled: true
16:48:13.009 [FXGL Background Thread 3 ] DEBUG Engine               - isExperimentalTiledLargeMap: false
16:48:13.009 [FXGL Background Thread 3 ] DEBUG Engine               - isFileSystemWriteAllowed: true
16:48:13.009 [FXGL Background Thread 3 ] DEBUG Engine               - isFullScreenAllowed: false
16:48:13.009 [FXGL Background Thread 3 ] DEBUG Engine               - isFullScreenFromStart: false
16:48:13.009 [FXGL Background Thread 3 ] DEBUG Engine               - isGameMenuEnabled: false
16:48:13.009 [FXGL Background Thread 3 ] DEBUG Engine               - isIOS: false
16:48:13.009 [FXGL Background Thread 3 ] DEBUG Engine               - isIntroEnabled: false
16:48:13.009 [FXGL Background Thread 3 ] DEBUG Engine               - isLinux: false
16:48:13.009 [FXGL Background Thread 3 ] DEBUG Engine               - isMac: false
16:48:13.009 [FXGL Background Thread 3 ] DEBUG Engine               - isMainMenuEnabled: false
16:48:13.009 [FXGL Background Thread 3 ] DEBUG Engine               - isManualResizeEnabled: false
16:48:13.009 [FXGL Background Thread 3 ] DEBUG Engine               - isMobile: false
16:48:13.009 [FXGL Background Thread 3 ] DEBUG Engine               - isNative: false
16:48:13.009 [FXGL Background Thread 3 ] DEBUG Engine               - isPauseMusicWhenMinimized: true
16:48:13.009 [FXGL Background Thread 3 ] DEBUG Engine               - isPreserveResizeRatio: true
16:48:13.009 [FXGL Background Thread 3 ] DEBUG Engine               - isProfilingEnabled: false
16:48:13.009 [FXGL Background Thread 3 ] DEBUG Engine               - isScaleAffectedOnResize: true
16:48:13.009 [FXGL Background Thread 3 ] DEBUG Engine               - isSingleStep: false
16:48:13.009 [FXGL Background Thread 3 ] DEBUG Engine               - isUserProfileEnabled: false
16:48:13.009 [FXGL Background Thread 3 ] DEBUG Engine               - isWindows: true
16:48:13.009 [FXGL Background Thread 3 ] DEBUG Engine               - language: ObjectProperty [value: ENGLISH]
16:48:13.009 [FXGL Background Thread 3 ] DEBUG Engine               - menuKey: ESCAPE
16:48:13.009 [FXGL Background Thread 3 ] DEBUG Engine               - mouseSensitivity: 0.2
16:48:13.009 [FXGL Background Thread 3 ] DEBUG Engine               - notificationViewClass: class com.almasb.fxgl.notification.view.XboxNotificationView
16:48:13.009 [FXGL Background Thread 3 ] DEBUG Engine               - pixelsPerMeter: 50.0
16:48:13.009 [FXGL Background Thread 3 ] DEBUG Engine               - platform: WINDOWS
16:48:13.009 [FXGL Background Thread 3 ] DEBUG Engine               - prefHeightProperty: ReadOnlyDoubleProperty [value: 720.0]
16:48:13.009 [FXGL Background Thread 3 ] DEBUG Engine               - prefWidthProperty: ReadOnlyDoubleProperty [value: 1280.0]
16:48:13.009 [FXGL Background Thread 3 ] DEBUG Engine               - profileDir: profiles/
16:48:13.009 [FXGL Background Thread 3 ] DEBUG Engine               - profileName: StringProperty [value: DEFAULT]
16:48:13.009 [FXGL Background Thread 3 ] DEBUG Engine               - randomSeed: -1
16:48:13.010 [FXGL Background Thread 3 ] DEBUG Engine               - runtimeInfo: RuntimeInfo(platform=WINDOWS, version=21.1, build=27.03.2024 07.52)
16:48:13.010 [FXGL Background Thread 3 ] DEBUG Engine               - saveFileExt: sav
16:48:13.010 [FXGL Background Thread 3 ] DEBUG Engine               - scaledHeightProp$fxgl: DoubleProperty [bound, value: 688.0]
16:48:13.010 [FXGL Background Thread 3 ] DEBUG Engine               - scaledWidthProp$fxgl: DoubleProperty [bound, value: 1199.0]
16:48:13.010 [FXGL Background Thread 3 ] DEBUG Engine               - sceneFactory: com.almasb.fxgl.app.scene.SceneFactory@1aa54eed
16:48:13.010 [FXGL Background Thread 3 ] DEBUG Engine               - secondsIn24h: 60
16:48:13.010 [FXGL Background Thread 3 ] DEBUG Engine               - soundMenuBack: menu/back.wav
16:48:13.010 [FXGL Background Thread 3 ] DEBUG Engine               - soundMenuPress: menu/press.wav
16:48:13.010 [FXGL Background Thread 3 ] DEBUG Engine               - soundMenuSelect: menu/select.wav
16:48:13.010 [FXGL Background Thread 3 ] DEBUG Engine               - soundNotification: core/notification.wav
16:48:13.010 [FXGL Background Thread 3 ] DEBUG Engine               - stageStyle: DECORATED
16:48:13.010 [FXGL Background Thread 3 ] DEBUG Engine               - supportedLanguages: [ENGLISH, FRENCH, GERMAN, HUNGARIAN, RUSSIAN]
16:48:13.010 [FXGL Background Thread 3 ] DEBUG Engine               - ticksPerSecond: -1
16:48:13.010 [FXGL Background Thread 3 ] DEBUG Engine               - title: RougeVolley — 地牢探险
16:48:13.010 [FXGL Background Thread 3 ] DEBUG Engine               - urlGithub: https://github.com/AlmasB/FXGL
16:48:13.010 [FXGL Background Thread 3 ] DEBUG Engine               - urlLeaderboard: http://fxgl-top.herokuapp.com/
16:48:13.010 [FXGL Background Thread 3 ] DEBUG Engine               - urlPOM: https://raw.githubusercontent.com/AlmasB/FXGL/release/README.md
16:48:13.010 [FXGL Background Thread 3 ] DEBUG Engine               - userAppClass: class org.example.rougevolley.RougeVolleyFXGL
16:48:13.010 [FXGL Background Thread 3 ] DEBUG Engine               - version: 0.1.0
16:48:13.010 [FXGL Background Thread 3 ] DEBUG Engine               - versionCheckDays: 7
16:48:13.010 [FXGL Background Thread 3 ] DEBUG Engine               - width: 1280
16:48:13.010 [FXGL Background Thread 3 ] DEBUG Engine               - Logging services
16:48:13.010 [FXGL Background Thread 3 ] DEBUG Engine               - class com.almasb.fxgl.app.services.FXGLAssetLoaderService
16:48:13.010 [FXGL Background Thread 3 ] DEBUG Engine               - class com.almasb.fxgl.app.FXGLApplication$GameApplicationService
16:48:13.011 [FXGL Background Thread 3 ] DEBUG Engine               - class com.almasb.fxgl.app.services.FXGLDialogService
16:48:13.011 [FXGL Background Thread 3 ] DEBUG Engine               - class com.almasb.fxgl.app.services.IOTaskExecutorService
16:48:13.011 [FXGL Background Thread 3 ] DEBUG Engine               - class com.almasb.fxgl.io.FileSystemService
16:48:13.011 [FXGL Background Thread 3 ] DEBUG Engine               - class com.almasb.fxgl.localization.LocalizationService
16:48:13.011 [FXGL Background Thread 3 ] DEBUG Engine               - class com.almasb.fxgl.app.services.SystemBundleService
16:48:13.011 [FXGL Background Thread 3 ] DEBUG Engine               - class com.almasb.fxgl.profile.SaveLoadService
16:48:13.011 [FXGL Background Thread 3 ] DEBUG Engine               - class com.almasb.fxgl.ui.FXGLUIFactoryServiceProvider
16:48:13.011 [FXGL Background Thread 3 ] DEBUG Engine               - class com.almasb.fxgl.ui.FXGLDialogFactoryServiceProvider
16:48:13.011 [FXGL Background Thread 3 ] DEBUG Engine               - class com.almasb.fxgl.audio.AudioPlayer
16:48:13.011 [FXGL Background Thread 3 ] DEBUG Engine               - class com.almasb.fxgl.notification.impl.NotificationServiceProvider
16:48:13.011 [FXGL Background Thread 3 ] DEBUG Engine               - class com.almasb.fxgl.achievement.AchievementService
16:48:13.011 [FXGL Background Thread 3 ] DEBUG Engine               - class com.almasb.fxgl.cutscene.CutsceneService
16:48:13.011 [FXGL Background Thread 3 ] DEBUG Engine               - class com.almasb.fxgl.minigames.MiniGameService
16:48:13.011 [FXGL Background Thread 3 ] DEBUG Engine               - class com.almasb.fxgl.net.NetService
16:48:13.011 [FXGL Background Thread 3 ] DEBUG Engine               - class com.almasb.fxgl.app.services.UpdaterService
16:48:13.011 [FXGL Background Thread 3 ] DEBUG Engine               - class com.almasb.fxgl.dev.DevService
16:48:14.489 [JavaFX Application Thread] DEBUG EventBus             - Firing event: javafx.event.Event[source=javafx.event.Event$$Lambda/0x00000211be171838@5eef5c05]
16:48:15.024 [JavaFX Application Thread] DEBUG EventBus             - Firing event: javafx.event.Event[source=javafx.event.Event$$Lambda/0x00000211be171838@5eef5c05]
16:48:15.536 [JavaFX Application Thread] DEBUG EventBus             - Firing event: javafx.event.Event[source=javafx.event.Event$$Lambda/0x00000211be171838@5eef5c05]
16:48:16.048 [JavaFX Application Thread] DEBUG EventBus             - Firing event: javafx.event.Event[source=javafx.event.Event$$Lambda/0x00000211be171838@5eef5c05]
16:48:16.576 [JavaFX Application Thread] DEBUG EventBus             - Firing event: javafx.event.Event[source=javafx.event.Event$$Lambda/0x00000211be171838@5eef5c05]
16:48:17.360 [JavaFX Application Thread] DEBUG EventBus             - Firing event: javafx.event.Event[source=javafx.event.Event$$Lambda/0x00000211be171838@5eef5c05]
16:48:18.048 [JavaFX Application Thread] DEBUG EventBus             - Firing event: javafx.event.Event[source=javafx.event.Event$$Lambda/0x00000211be171838@5eef5c05]
16:48:18.545 [JavaFX Application Thread] DEBUG EventBus             - Firing event: javafx.event.Event[source=javafx.event.Event$$Lambda/0x00000211be171838@5eef5c05]
16:48:19.153 [JavaFX Application Thread] DEBUG EventBus             - Firing event: javafx.event.Event[source=javafx.event.Event$$Lambda/0x00000211be171838@5eef5c05]
16:48:19.648 [JavaFX Application Thread] DEBUG EventBus             - Firing event: javafx.event.Event[source=javafx.event.Event$$Lambda/0x00000211be171838@5eef5c05]
16:48:20.176 [JavaFX Application Thread] DEBUG EventBus             - Firing event: javafx.event.Event[source=javafx.event.Event$$Lambda/0x00000211be171838@5eef5c05]
16:48:20.736 [JavaFX Application Thread] DEBUG EventBus             - Firing event: javafx.event.Event[source=javafx.event.Event$$Lambda/0x00000211be171838@5eef5c05]
16:48:21.265 [JavaFX Application Thread] DEBUG EventBus             - Firing event: javafx.event.Event[source=javafx.event.Event$$Lambda/0x00000211be171838@5eef5c05]
16:48:21.762 [JavaFX Application Thread] DEBUG EventBus             - Firing event: javafx.event.Event[source=javafx.event.Event$$Lambda/0x00000211be171838@5eef5c05]
16:48:22.272 [JavaFX Application Thread] DEBUG EventBus             - Firing event: javafx.event.Event[source=javafx.event.Event$$Lambda/0x00000211be171838@5eef5c05]
16:48:24.061 [JavaFX Application Thread] DEBUG FXGLApplication      - Exiting FXGL
16:48:24.061 [JavaFX Application Thread] DEBUG LoopRunner           - Stopping loop
16:48:24.061 [JavaFX Application Thread] DEBUG SystemBundleService  - Saving FXGL system data
16:48:24.064 [JavaFX Application Thread] DEBUG FileSystemAccess     - Writing to: C:\Users\hp\IdeaProjects\RougeVolley\system\fxgl.bundle
16:48:24.067 [JavaFX Application Thread] DEBUG Async                - Shutting down background threads
16:48:24.067 [JavaFX Application Thread] DEBUG PrimaryStageWindow   - Closing main window
16:48:24.089 [JavaFX Application Thread] DEBUG Logger               - Closing Logger
