20:51:22.120 [main                     ] DEBUG Logger               - Configured Logger
20:51:22.135 [main                     ] DEBUG GameApplication      - Logging settings
Title: RougeVolley — 地牢探险
Version: 0.1.0
Width: 1280
Height: 720
Fullscreen: false
Intro: false
Profiling: false
Single step:false
App Mode: DEVELOPER
Menu Key: ESCAPE
Stage Style: DECORATED
Scene Factory: class com.almasb.fxgl.app.scene.SceneFactory

20:51:22.523 [JavaFX Application Thread] DEBUG FXGLApplication      - Initializing FXGL
20:51:22.526 [JavaFX Application Thread] INFO  Engine               - FXGL-21.1 (27.03.2024 07.52) on WINDOWS (J:21.0.8 FX:21)
20:51:22.526 [JavaFX Application Thread] DEBUG Engine               - JRE Vendor Name: Microsoft
20:51:22.526 [JavaFX Application Thread] DEBUG Engine               - Running on OS: Windows 11 version 10.0
20:51:22.527 [JavaFX Application Thread] DEBUG Engine               - Architecture: amd64
20:51:22.527 [JavaFX Application Thread] INFO  Engine               - Source code and latest versions at: https://github.com/AlmasB/FXGL
20:51:22.527 [JavaFX Application Thread] INFO  Engine               -       Ask questions and discuss at: https://github.com/AlmasB/FXGL/discussions
20:51:22.527 [JavaFX Application Thread] INFO  Engine               -              Join the FXGL chat at: https://gitter.im/AlmasB/FXGL
20:51:22.595 [JavaFX Application Thread] DEBUG PrimaryStageWindow   - Creating a JavaFX scene
20:51:22.627 [JavaFX Application Thread] DEBUG PrimaryStageWindow   - Target settings size: 1280.0 x 720.0
20:51:22.627 [JavaFX Application Thread] DEBUG PrimaryStageWindow   - Scaled scene size:    1280.0 x 720.0
20:51:22.627 [JavaFX Application Thread] DEBUG PrimaryStageWindow   - Scaled ratio: (1.0, 1.0)
20:51:22.628 [JavaFX Application Thread] DEBUG PrimaryStageWindow   - Set initial scene to FXGLStartupScene
20:51:22.630 [JavaFX Application Thread] DEBUG PrimaryStageWindow   - Opening main window
20:51:22.723 [JavaFX Application Thread] DEBUG PrimaryStageWindow   - Window border size: (14.6666259765625, 37.33331298828125)
20:51:22.723 [JavaFX Application Thread] DEBUG PrimaryStageWindow   - Scaled size: 1280.0 x 720.0
20:51:22.723 [JavaFX Application Thread] DEBUG PrimaryStageWindow   - Scaled ratio: (1.0, 1.0)
20:51:22.724 [JavaFX Application Thread] DEBUG PrimaryStageWindow   - Scene size: 1280.0 x 720.0
20:51:22.724 [JavaFX Application Thread] DEBUG PrimaryStageWindow   - Stage size: 1294.6666259765625 x 757.3333129882812
20:51:22.729 [FXGL Background Thread 1 ] DEBUG Engine               - Initializing environment variables
20:51:22.772 [FXGL Background Thread 1 ] DEBUG FXGLAssetLoaderServi - User app class for loading assets: class org.example.rougevolley.RougeVolleyFXGL
20:51:22.773 [FXGL Background Thread 1 ] DEBUG GameApplicationServi - Applying CSS: fxgl_dark.css
20:51:22.773 [FXGL Background Thread 1 ] DEBUG FXGLAssetLoaderServi - Loading from file system: jar:file:/C:/Users/19559/.m2/repository/com/github/almasb/fxgl/21.1/fxgl-21.1.jar!/fxglassets/ui/css/fxgl_dark.css
20:51:22.808 [FXGL Background Thread 1 ] DEBUG GameApplicationServi - Initializing application scenes
20:51:22.876 [FXGL Background Thread 1 ] DEBUG GameWorld            - Game world initialized
20:51:22.928 [FXGL Background Thread 1 ] DEBUG PhysicsWorld         - Physics world initialized: appHeight=720, physics.ppm=50.0
20:51:22.929 [FXGL Background Thread 1 ] DEBUG PhysicsWorld         - Using strategy: BRUTE_FORCE
20:51:22.930 [FXGL Background Thread 1 ] DEBUG GameScene            - Game scene initialized: 1280x720
20:51:22.932 [FXGL Background Thread 1 ] DEBUG GameApplicationServi - Application scenes initialized
20:51:22.941 [FXGL Background Thread 1 ] DEBUG SystemBundleService  - Loading FXGL system data
20:51:22.944 [FXGL Background Thread 1 ] DEBUG FileSystemAccess     - Reading from: C:\Users\19559\IdeaProjects\RougeVolley\system\fxgl.bundle
20:51:22.951 [FXGL Background Thread 1 ] DEBUG SystemBundleService  - Bundle FXGL: {}
20:51:22.951 [FXGL Background Thread 1 ] DEBUG UpdaterService       - Checking for updates
20:51:22.954 [FXGL Background Thread 4 ] DEBUG FXGLApplication      - Loading fonts
20:51:22.954 [FXGL Background Thread 4 ] DEBUG FXGLAssetLoaderServi - Loading from file system: jar:file:/C:/Users/19559/.m2/repository/com/github/almasb/fxgl/21.1/fxgl-21.1.jar!/fxglassets/ui/fonts/VarelaRound-Regular.ttf
20:51:22.955 [FXGL Background Thread 1 ] DEBUG FXGLApplication      - Loading default localization
20:51:22.955 [FXGL Background Thread 1 ] DEBUG FXGLAssetLoaderServi - Loading from file system: jar:file:/C:/Users/19559/.m2/repository/com/github/almasb/fxgl/21.1/fxgl-21.1.jar!/fxglassets/languages/english.lang
20:51:22.981 [FXGL Background Thread 4 ] DEBUG FXGLAssetLoaderServi - Loading from file system: jar:file:/C:/Users/19559/.m2/repository/com/github/almasb/fxgl/21.1/fxgl-21.1.jar!/fxglassets/ui/fonts/Abel-Regular.ttf
20:51:22.983 [FXGL Background Thread 4 ] DEBUG FXGLAssetLoaderServi - Loading from file system: jar:file:/C:/Users/19559/.m2/repository/com/github/almasb/fxgl/21.1/fxgl-21.1.jar!/fxglassets/ui/fonts/TerminalLandMono-Regular.otf
20:51:22.986 [FXGL Background Thread 4 ] DEBUG FXGLAssetLoaderServi - Loading from file system: jar:file:/C:/Users/19559/.m2/repository/com/github/almasb/fxgl/21.1/fxgl-21.1.jar!/fxglassets/ui/fonts/Courier-Prime.ttf
20:51:22.992 [JavaFX Application Thread] DEBUG FXGLApplication      - Registering font factories with UI factory
20:51:22.995 [FXGL Background Thread 1 ] INFO  FXGLApplication      - FXGL initialization took: 0.267 sec
20:51:23.002 [JavaFX Application Thread] DEBUG Input                - Registered new binding: Move Up - W
20:51:23.002 [JavaFX Application Thread] DEBUG Input                - Registered new binding: Move Up Arrow - Up
20:51:23.002 [JavaFX Application Thread] DEBUG Input                - Registered new binding: Move Down - S
20:51:23.002 [JavaFX Application Thread] DEBUG Input                - Registered new binding: Move Down Arrow - Down
20:51:23.003 [JavaFX Application Thread] DEBUG Input                - Registered new binding: Move Left - A
20:51:23.003 [JavaFX Application Thread] DEBUG Input                - Registered new binding: Move Left Arrow - Left
20:51:23.003 [JavaFX Application Thread] DEBUG Input                - Registered new binding: Move Right - D
20:51:23.004 [JavaFX Application Thread] DEBUG Input                - Registered new binding: Move Right Arrow - Right
20:51:23.006 [JavaFX Application Thread] DEBUG Input                - Registered new binding: Fire - LMB
20:51:23.006 [JavaFX Application Thread] DEBUG FXGLAssetLoaderServi - Loading from file system: jar:file:/C:/Users/19559/.m2/repository/com/github/almasb/fxgl/21.1/fxgl-21.1.jar!/fxglassets/textures/fxgl_icon.png
20:51:23.052 [JavaFX Application Thread] DEBUG FXGLAssetLoaderServi - Loading from file system: jar:file:/C:/Users/19559/.m2/repository/com/github/almasb/fxgl/21.1/fxgl-21.1.jar!/fxglassets/textures/fxgl_default_cursor.png
20:51:23.057 [JavaFX Application Thread] DEBUG Input                - Registered new binding: Screenshot - CTRL+8
20:51:23.058 [JavaFX Application Thread] DEBUG Input                - Registered new binding: System info dump - CTRL+9
20:51:23.059 [JavaFX Application Thread] DEBUG Input                - Registered new binding: Restart - CTRL+R
20:51:23.061 [JavaFX Application Thread] DEBUG Input                - Registered new binding: Toggle Debug Camera - CTRL+7
20:51:23.070 [JavaFX Application Thread] DEBUG LoopRunner           - Starting loop
20:51:23.070 [JavaFX Application Thread] DEBUG LoopRunner           - Initializing JavaFX AnimationTimerLoop
20:51:23.076 [JavaFX Application Thread] DEBUG GameApplicationServi - Starting new game
20:51:23.076 [JavaFX Application Thread] DEBUG Input                - Clearing active input actions
20:51:23.088 [JavaFX Application Thread] DEBUG GameApplicationServi - Removing overlay from FXGLStartupScene and adding to FXGLLoadingScene
20:51:23.088 [JavaFX Application Thread] DEBUG PrimaryStageWindow   - FXGLStartupScene -> FXGLLoadingScene
20:51:23.088 [JavaFX Application Thread] DEBUG GameApplicationServi - Clearing previous game
20:51:23.088 [JavaFX Application Thread] DEBUG GameScene            - Clearing game scene
20:51:23.088 [JavaFX Application Thread] DEBUG GameWorld            - Clearing game world
20:51:23.088 [JavaFX Application Thread] DEBUG PhysicsWorld         - Clearing physics world
20:51:23.090 [FXGL Background Thread 1 ] DEBUG FXGLApplication      - Initializing game
20:51:23.093 [FXGL Background Thread 1 ] INFO  RougeVolleyFXGL      - RougeVolley initializing... seed=-7447435082076771312
20:51:23.118 [FXGL Background Thread 1 ] INFO  UpgradeManager       - 已加载 5 个升级选项
20:51:23.145 [FXGL Background Thread 1 ] INFO  RougeVolleyFXGL      - RougeVolley initialized. Waiting for player to start.
20:51:23.146 [FXGL Background Thread 1 ] INFO  FXGLApplication      - Game initialization took: 0.056 sec
20:51:23.151 [JavaFX Application Thread] DEBUG Input                - Clearing active input actions
20:51:23.163 [JavaFX Application Thread] DEBUG GameApplicationServi - Removing overlay from FXGLLoadingScene and adding to GameScene
20:51:23.164 [JavaFX Application Thread] DEBUG PrimaryStageWindow   - FXGLLoadingScene -> GameScene
20:51:23.918 [JavaFX Application Thread] INFO  UpgradeManager       - 已加载 5 个升级选项
20:51:23.927 [FXGL Background Thread 2 ] INFO  UpdaterService       - Your current version:  21.1
20:51:23.927 [FXGL Background Thread 2 ] INFO  UpdaterService       - Latest stable version: 25
20:51:23.951 [JavaFX Application Thread] INFO  RougeVolleyFXGL      - RougeVolley initialized. Dungeon: 6 rooms. Player at (320.0, 224.0)
20:51:23.952 [JavaFX Application Thread] DEBUG EventBus             - Firing event: javafx.event.Event[source=javafx.event.Event$$Lambda/0x000002448117a1a8@19a74673]
20:51:23.954 [JavaFX Application Thread] INFO  RougeVolleyFXGL      - Spawned 8 test enemies
20:51:23.954 [JavaFX Application Thread] INFO  RougeVolleyFXGL      - New game started. Player at (320.0, 224.0)
20:51:25.323 [JavaFX Application Thread] DEBUG EventBus             - Firing event: javafx.event.Event[source=javafx.event.Event$$Lambda/0x000002448117a1a8@19a74673]
20:51:25.323 [JavaFX Application Thread] DEBUG EventBus             - Firing event: javafx.event.Event[source=javafx.event.Event$$Lambda/0x000002448117a1a8@19a74673]
20:51:25.655 [JavaFX Application Thread] DEBUG EventBus             - Firing event: javafx.event.Event[source=javafx.event.Event$$Lambda/0x000002448117a1a8@19a74673]
20:51:25.655 [JavaFX Application Thread] DEBUG EventBus             - Firing event: javafx.event.Event[source=javafx.event.Event$$Lambda/0x000002448117a1a8@19a74673]
20:51:25.954 [FXGL Background Thread 3 ] DEBUG Engine               - Logging environment variables
20:51:25.954 [FXGL Background Thread 3 ] DEBUG Engine               - achievements: []
20:51:25.954 [FXGL Background Thread 3 ] DEBUG Engine               - actualHeight: 720.0
20:51:25.954 [FXGL Background Thread 3 ] DEBUG Engine               - actualHeightProperty: ReadOnlyDoubleProperty [value: 720.0]
20:51:25.954 [FXGL Background Thread 3 ] DEBUG Engine               - actualWidth: 1280.0
20:51:25.954 [FXGL Background Thread 3 ] DEBUG Engine               - actualWidthProperty: ReadOnlyDoubleProperty [value: 1280.0]
20:51:25.954 [FXGL Background Thread 3 ] DEBUG Engine               - appIcon: fxgl_icon.png
20:51:25.954 [FXGL Background Thread 3 ] DEBUG Engine               - applicationMode: DEVELOPER
20:51:25.954 [FXGL Background Thread 3 ] DEBUG Engine               - cSSList: [fxgl_dark.css]
20:51:25.954 [FXGL Background Thread 3 ] DEBUG Engine               - collisionDetectionStrategy: BRUTE_FORCE
20:51:25.954 [FXGL Background Thread 3 ] DEBUG Engine               - configClass: Optional.empty
20:51:25.954 [FXGL Background Thread 3 ] DEBUG Engine               - credits: []
20:51:25.956 [FXGL Background Thread 3 ] DEBUG Engine               - defaultCursor: CursorInfo(imageName=fxgl_default_cursor.png, hotspotX=7.0, hotspotY=6.0)
20:51:25.956 [FXGL Background Thread 3 ] DEBUG Engine               - devBBoxColorProperty: ObjectProperty [value: 0xff0000ff]
20:51:25.956 [FXGL Background Thread 3 ] DEBUG Engine               - devEnableDebugCameraProperty: BooleanProperty [value: false]
20:51:25.956 [FXGL Background Thread 3 ] DEBUG Engine               - devSensorColorProperty: ObjectProperty [value: 0xffff00ff]
20:51:25.956 [FXGL Background Thread 3 ] DEBUG Engine               - devShowBBoxProperty: BooleanProperty [value: false]
20:51:25.956 [FXGL Background Thread 3 ] DEBUG Engine               - devShowPositionProperty: BooleanProperty [value: false]
20:51:25.956 [FXGL Background Thread 3 ] DEBUG Engine               - enabledMenuItems: []
20:51:25.956 [FXGL Background Thread 3 ] DEBUG Engine               - engineServices: [class com.almasb.fxgl.app.services.FXGLAssetLoaderService, class com.almasb.fxgl.app.FXGLApplication$GameApplicationService, class com.almasb.fxgl.app.services.FXGLDialogService, class com.almasb.fxgl.app.services.IOTaskExecutorService, class com.almasb.fxgl.io.FileSystemService, class com.almasb.fxgl.localization.LocalizationService, class com.almasb.fxgl.app.services.SystemBundleService, class com.almasb.fxgl.profile.SaveLoadService, class com.almasb.fxgl.ui.FXGLUIFactoryServiceProvider, class com.almasb.fxgl.ui.FXGLDialogFactoryServiceProvider, class com.almasb.fxgl.audio.AudioPlayer, class com.almasb.fxgl.notification.impl.NotificationServiceProvider, class com.almasb.fxgl.achievement.AchievementService, class com.almasb.fxgl.cutscene.CutsceneService, class com.almasb.fxgl.minigames.MiniGameService, class com.almasb.fxgl.net.NetService, class com.almasb.fxgl.app.services.UpdaterService, class com.almasb.fxgl.dev.DevService]
20:51:25.956 [FXGL Background Thread 3 ] DEBUG Engine               - fontGame: Abel-Regular.ttf
20:51:25.956 [FXGL Background Thread 3 ] DEBUG Engine               - fontMono: TerminalLandMono-Regular.otf
20:51:25.956 [FXGL Background Thread 3 ] DEBUG Engine               - fontSizeScaleUI: 1.0
20:51:25.956 [FXGL Background Thread 3 ] DEBUG Engine               - fontText: Courier-Prime.ttf
20:51:25.956 [FXGL Background Thread 3 ] DEBUG Engine               - fontUI: VarelaRound-Regular.ttf
20:51:25.956 [FXGL Background Thread 3 ] DEBUG Engine               - fullScreen: BooleanProperty [value: false]
20:51:25.956 [FXGL Background Thread 3 ] DEBUG Engine               - gameDifficulty: MEDIUM
20:51:25.956 [FXGL Background Thread 3 ] DEBUG Engine               - gameDifficultyProperty: ObjectProperty [value: MEDIUM]
20:51:25.956 [FXGL Background Thread 3 ] DEBUG Engine               - globalMusicVolume: 0.5
20:51:25.956 [FXGL Background Thread 3 ] DEBUG Engine               - globalMusicVolumeProperty: DoubleProperty [value: 0.5]
20:51:25.956 [FXGL Background Thread 3 ] DEBUG Engine               - globalSoundVolume: 0.5
20:51:25.956 [FXGL Background Thread 3 ] DEBUG Engine               - globalSoundVolumeProperty: DoubleProperty [value: 0.5]
20:51:25.956 [FXGL Background Thread 3 ] DEBUG Engine               - height: 720
20:51:25.956 [FXGL Background Thread 3 ] DEBUG Engine               - is3D: false
20:51:25.956 [FXGL Background Thread 3 ] DEBUG Engine               - isAndroid: false
20:51:25.956 [FXGL Background Thread 3 ] DEBUG Engine               - isBrowser: false
20:51:25.956 [FXGL Background Thread 3 ] DEBUG Engine               - isClickFeedbackEnabled: false
20:51:25.956 [FXGL Background Thread 3 ] DEBUG Engine               - isCloseConfirmation: false
20:51:25.956 [FXGL Background Thread 3 ] DEBUG Engine               - isDesktop: true
20:51:25.956 [FXGL Background Thread 3 ] DEBUG Engine               - isDeveloperMenuEnabled: false
20:51:25.956 [FXGL Background Thread 3 ] DEBUG Engine               - isEmbedded: false
20:51:25.957 [FXGL Background Thread 3 ] DEBUG Engine               - isEntityPreloadEnabled: true
20:51:25.957 [FXGL Background Thread 3 ] DEBUG Engine               - isExperimentalTiledLargeMap: false
20:51:25.957 [FXGL Background Thread 3 ] DEBUG Engine               - isFileSystemWriteAllowed: true
20:51:25.957 [FXGL Background Thread 3 ] DEBUG Engine               - isFullScreenAllowed: false
20:51:25.957 [FXGL Background Thread 3 ] DEBUG Engine               - isFullScreenFromStart: false
20:51:25.957 [FXGL Background Thread 3 ] DEBUG Engine               - isGameMenuEnabled: false
20:51:25.957 [FXGL Background Thread 3 ] DEBUG Engine               - isIOS: false
20:51:25.957 [FXGL Background Thread 3 ] DEBUG Engine               - isIntroEnabled: false
20:51:25.957 [FXGL Background Thread 3 ] DEBUG Engine               - isLinux: false
20:51:25.957 [FXGL Background Thread 3 ] DEBUG Engine               - isMac: false
20:51:25.957 [FXGL Background Thread 3 ] DEBUG Engine               - isMainMenuEnabled: false
20:51:25.957 [FXGL Background Thread 3 ] DEBUG Engine               - isManualResizeEnabled: false
20:51:25.957 [FXGL Background Thread 3 ] DEBUG Engine               - isMobile: false
20:51:25.957 [FXGL Background Thread 3 ] DEBUG Engine               - isNative: false
20:51:25.957 [FXGL Background Thread 3 ] DEBUG Engine               - isPauseMusicWhenMinimized: true
20:51:25.957 [FXGL Background Thread 3 ] DEBUG Engine               - isPreserveResizeRatio: true
20:51:25.957 [FXGL Background Thread 3 ] DEBUG Engine               - isProfilingEnabled: false
20:51:25.957 [FXGL Background Thread 3 ] DEBUG Engine               - isScaleAffectedOnResize: true
20:51:25.957 [FXGL Background Thread 3 ] DEBUG Engine               - isSingleStep: false
20:51:25.957 [FXGL Background Thread 3 ] DEBUG Engine               - isUserProfileEnabled: false
20:51:25.957 [FXGL Background Thread 3 ] DEBUG Engine               - isWindows: true
20:51:25.957 [FXGL Background Thread 3 ] DEBUG Engine               - language: ObjectProperty [value: ENGLISH]
20:51:25.957 [FXGL Background Thread 3 ] DEBUG Engine               - menuKey: ESCAPE
20:51:25.957 [FXGL Background Thread 3 ] DEBUG Engine               - mouseSensitivity: 0.2
20:51:25.957 [FXGL Background Thread 3 ] DEBUG Engine               - notificationViewClass: class com.almasb.fxgl.notification.view.XboxNotificationView
20:51:25.957 [FXGL Background Thread 3 ] DEBUG Engine               - pixelsPerMeter: 50.0
20:51:25.957 [FXGL Background Thread 3 ] DEBUG Engine               - platform: WINDOWS
20:51:25.957 [FXGL Background Thread 3 ] DEBUG Engine               - prefHeightProperty: ReadOnlyDoubleProperty [value: 720.0]
20:51:25.957 [FXGL Background Thread 3 ] DEBUG Engine               - prefWidthProperty: ReadOnlyDoubleProperty [value: 1280.0]
20:51:25.957 [FXGL Background Thread 3 ] DEBUG Engine               - profileDir: profiles/
20:51:25.957 [FXGL Background Thread 3 ] DEBUG Engine               - profileName: StringProperty [value: DEFAULT]
20:51:25.957 [FXGL Background Thread 3 ] DEBUG Engine               - randomSeed: -1
20:51:25.957 [FXGL Background Thread 3 ] DEBUG Engine               - runtimeInfo: RuntimeInfo(platform=WINDOWS, version=21.1, build=27.03.2024 07.52)
20:51:25.957 [FXGL Background Thread 3 ] DEBUG Engine               - saveFileExt: sav
20:51:25.957 [FXGL Background Thread 3 ] DEBUG Engine               - scaledHeightProp$fxgl: DoubleProperty [bound, value: 720.0]
20:51:25.957 [FXGL Background Thread 3 ] DEBUG Engine               - scaledWidthProp$fxgl: DoubleProperty [bound, value: 1280.0]
20:51:25.957 [FXGL Background Thread 3 ] DEBUG Engine               - sceneFactory: com.almasb.fxgl.app.scene.SceneFactory@6cea6632
20:51:25.957 [FXGL Background Thread 3 ] DEBUG Engine               - secondsIn24h: 60
20:51:25.957 [FXGL Background Thread 3 ] DEBUG Engine               - soundMenuBack: menu/back.wav
20:51:25.957 [FXGL Background Thread 3 ] DEBUG Engine               - soundMenuPress: menu/press.wav
20:51:25.957 [FXGL Background Thread 3 ] DEBUG Engine               - soundMenuSelect: menu/select.wav
20:51:25.957 [FXGL Background Thread 3 ] DEBUG Engine               - soundNotification: core/notification.wav
20:51:25.957 [FXGL Background Thread 3 ] DEBUG Engine               - stageStyle: DECORATED
20:51:25.957 [FXGL Background Thread 3 ] DEBUG Engine               - supportedLanguages: [ENGLISH, FRENCH, GERMAN, HUNGARIAN, RUSSIAN]
20:51:25.957 [FXGL Background Thread 3 ] DEBUG Engine               - ticksPerSecond: -1
20:51:25.957 [FXGL Background Thread 3 ] DEBUG Engine               - title: RougeVolley — 地牢探险
20:51:25.957 [FXGL Background Thread 3 ] DEBUG Engine               - urlGithub: https://github.com/AlmasB/FXGL
20:51:25.957 [FXGL Background Thread 3 ] DEBUG Engine               - urlLeaderboard: http://fxgl-top.herokuapp.com/
20:51:25.957 [FXGL Background Thread 3 ] DEBUG Engine               - urlPOM: https://raw.githubusercontent.com/AlmasB/FXGL/release/README.md
20:51:25.957 [FXGL Background Thread 3 ] DEBUG Engine               - userAppClass: class org.example.rougevolley.RougeVolleyFXGL
20:51:25.957 [FXGL Background Thread 3 ] DEBUG Engine               - version: 0.1.0
20:51:25.957 [FXGL Background Thread 3 ] DEBUG Engine               - versionCheckDays: 7
20:51:25.957 [FXGL Background Thread 3 ] DEBUG Engine               - width: 1280
20:51:25.957 [FXGL Background Thread 3 ] DEBUG Engine               - Logging services
20:51:25.957 [FXGL Background Thread 3 ] DEBUG Engine               - class com.almasb.fxgl.app.services.FXGLAssetLoaderService
20:51:25.957 [FXGL Background Thread 3 ] DEBUG Engine               - class com.almasb.fxgl.app.FXGLApplication$GameApplicationService
20:51:25.957 [FXGL Background Thread 3 ] DEBUG Engine               - class com.almasb.fxgl.app.services.FXGLDialogService
20:51:25.957 [FXGL Background Thread 3 ] DEBUG Engine               - class com.almasb.fxgl.app.services.IOTaskExecutorService
20:51:25.957 [FXGL Background Thread 3 ] DEBUG Engine               - class com.almasb.fxgl.io.FileSystemService
20:51:25.957 [FXGL Background Thread 3 ] DEBUG Engine               - class com.almasb.fxgl.localization.LocalizationService
20:51:25.957 [FXGL Background Thread 3 ] DEBUG Engine               - class com.almasb.fxgl.app.services.SystemBundleService
20:51:25.957 [FXGL Background Thread 3 ] DEBUG Engine               - class com.almasb.fxgl.profile.SaveLoadService
20:51:25.957 [FXGL Background Thread 3 ] DEBUG Engine               - class com.almasb.fxgl.ui.FXGLUIFactoryServiceProvider
20:51:25.957 [FXGL Background Thread 3 ] DEBUG Engine               - class com.almasb.fxgl.ui.FXGLDialogFactoryServiceProvider
20:51:25.957 [FXGL Background Thread 3 ] DEBUG Engine               - class com.almasb.fxgl.audio.AudioPlayer
20:51:25.957 [FXGL Background Thread 3 ] DEBUG Engine               - class com.almasb.fxgl.notification.impl.NotificationServiceProvider
20:51:25.957 [FXGL Background Thread 3 ] DEBUG Engine               - class com.almasb.fxgl.achievement.AchievementService
20:51:25.957 [FXGL Background Thread 3 ] DEBUG Engine               - class com.almasb.fxgl.cutscene.CutsceneService
20:51:25.957 [FXGL Background Thread 3 ] DEBUG Engine               - class com.almasb.fxgl.minigames.MiniGameService
20:51:25.957 [FXGL Background Thread 3 ] DEBUG Engine               - class com.almasb.fxgl.net.NetService
20:51:25.957 [FXGL Background Thread 3 ] DEBUG Engine               - class com.almasb.fxgl.app.services.UpdaterService
20:51:25.957 [FXGL Background Thread 3 ] DEBUG Engine               - class com.almasb.fxgl.dev.DevService
20:51:26.134 [JavaFX Application Thread] DEBUG EventBus             - Firing event: javafx.event.Event[source=javafx.event.Event$$Lambda/0x000002448117a1a8@19a74673]
20:51:26.134 [JavaFX Application Thread] DEBUG EventBus             - Firing event: javafx.event.Event[source=javafx.event.Event$$Lambda/0x000002448117a1a8@19a74673]
20:51:26.466 [JavaFX Application Thread] DEBUG EventBus             - Firing event: javafx.event.Event[source=javafx.event.Event$$Lambda/0x000002448117a1a8@19a74673]
20:51:26.466 [JavaFX Application Thread] DEBUG EventBus             - Firing event: javafx.event.Event[source=javafx.event.Event$$Lambda/0x000002448117a1a8@19a74673]
20:51:34.593 [JavaFX Application Thread] DEBUG EventBus             - Firing event: javafx.event.Event[source=javafx.event.Event$$Lambda/0x000002448117a1a8@19a74673]
20:51:34.651 [JavaFX Application Thread] DEBUG EventBus             - Firing event: javafx.event.Event[source=javafx.event.Event$$Lambda/0x000002448117a1a8@19a74673]
20:51:34.652 [JavaFX Application Thread] INFO  DamageSystem         - Enemy destroyed
20:51:34.652 [JavaFX Application Thread] DEBUG EventBus             - Firing event: javafx.event.Event[source=javafx.event.Event$$Lambda/0x000002448117a1a8@19a74673]
20:51:34.652 [JavaFX Application Thread] DEBUG EventBus             - Firing event: javafx.event.Event[source=javafx.event.Event$$Lambda/0x000002448117a1a8@19a74673]
20:51:35.096 [JavaFX Application Thread] DEBUG EventBus             - Firing event: javafx.event.Event[source=javafx.event.Event$$Lambda/0x000002448117a1a8@19a74673]
20:51:35.601 [JavaFX Application Thread] DEBUG EventBus             - Firing event: javafx.event.Event[source=javafx.event.Event$$Lambda/0x000002448117a1a8@19a74673]
20:51:35.822 [JavaFX Application Thread] DEBUG EventBus             - Firing event: javafx.event.Event[source=javafx.event.Event$$Lambda/0x000002448117a1a8@19a74673]
20:51:36.104 [JavaFX Application Thread] DEBUG EventBus             - Firing event: javafx.event.Event[source=javafx.event.Event$$Lambda/0x000002448117a1a8@19a74673]
20:51:36.609 [JavaFX Application Thread] DEBUG EventBus             - Firing event: javafx.event.Event[source=javafx.event.Event$$Lambda/0x000002448117a1a8@19a74673]
20:51:36.826 [JavaFX Application Thread] DEBUG EventBus             - Firing event: javafx.event.Event[source=javafx.event.Event$$Lambda/0x000002448117a1a8@19a74673]
20:51:37.113 [JavaFX Application Thread] DEBUG EventBus             - Firing event: javafx.event.Event[source=javafx.event.Event$$Lambda/0x000002448117a1a8@19a74673]
20:51:37.180 [JavaFX Application Thread] DEBUG EventBus             - Firing event: javafx.event.Event[source=javafx.event.Event$$Lambda/0x000002448117a1a8@19a74673]
20:51:37.617 [JavaFX Application Thread] DEBUG EventBus             - Firing event: javafx.event.Event[source=javafx.event.Event$$Lambda/0x000002448117a1a8@19a74673]
20:51:37.784 [JavaFX Application Thread] DEBUG EventBus             - Firing event: javafx.event.Event[source=javafx.event.Event$$Lambda/0x000002448117a1a8@19a74673]
20:51:38.135 [JavaFX Application Thread] DEBUG EventBus             - Firing event: javafx.event.Event[source=javafx.event.Event$$Lambda/0x000002448117a1a8@19a74673]
20:51:38.376 [JavaFX Application Thread] DEBUG EventBus             - Firing event: javafx.event.Event[source=javafx.event.Event$$Lambda/0x000002448117a1a8@19a74673]
20:51:38.376 [JavaFX Application Thread] INFO  DamageSystem         - Enemy destroyed
20:51:38.376 [JavaFX Application Thread] DEBUG EventBus             - Firing event: javafx.event.Event[source=javafx.event.Event$$Lambda/0x000002448117a1a8@19a74673]
20:51:38.376 [JavaFX Application Thread] DEBUG EventBus             - Firing event: javafx.event.Event[source=javafx.event.Event$$Lambda/0x000002448117a1a8@19a74673]
20:51:38.638 [JavaFX Application Thread] DEBUG EventBus             - Firing event: javafx.event.Event[source=javafx.event.Event$$Lambda/0x000002448117a1a8@19a74673]
20:51:39.139 [JavaFX Application Thread] DEBUG EventBus             - Firing event: javafx.event.Event[source=javafx.event.Event$$Lambda/0x000002448117a1a8@19a74673]
20:51:39.633 [JavaFX Application Thread] DEBUG EventBus             - Firing event: javafx.event.Event[source=javafx.event.Event$$Lambda/0x000002448117a1a8@19a74673]
20:58:15.499 [JavaFX Application Thread] DEBUG EventBus             - Firing event: javafx.event.Event[source=javafx.event.Event$$Lambda/0x000002448117a1a8@19a74673]
20:58:16.107 [JavaFX Application Thread] DEBUG EventBus             - Firing event: javafx.event.Event[source=javafx.event.Event$$Lambda/0x000002448117a1a8@19a74673]
20:58:16.610 [JavaFX Application Thread] DEBUG EventBus             - Firing event: javafx.event.Event[source=javafx.event.Event$$Lambda/0x000002448117a1a8@19a74673]
20:58:17.115 [JavaFX Application Thread] DEBUG EventBus             - Firing event: javafx.event.Event[source=javafx.event.Event$$Lambda/0x000002448117a1a8@19a74673]
20:58:17.618 [JavaFX Application Thread] DEBUG EventBus             - Firing event: javafx.event.Event[source=javafx.event.Event$$Lambda/0x000002448117a1a8@19a74673]
20:58:18.123 [JavaFX Application Thread] DEBUG EventBus             - Firing event: javafx.event.Event[source=javafx.event.Event$$Lambda/0x000002448117a1a8@19a74673]
20:58:18.626 [JavaFX Application Thread] DEBUG EventBus             - Firing event: javafx.event.Event[source=javafx.event.Event$$Lambda/0x000002448117a1a8@19a74673]
20:58:19.132 [JavaFX Application Thread] DEBUG EventBus             - Firing event: javafx.event.Event[source=javafx.event.Event$$Lambda/0x000002448117a1a8@19a74673]
20:58:19.786 [JavaFX Application Thread] INFO  RougeVolleyFXGL      - Transitioning S → room (0,1)
20:58:19.791 [JavaFX Application Thread] DEBUG EventBus             - Firing event: javafx.event.Event[source=javafx.event.Event$$Lambda/0x000002448117a1a8@19a74673]
20:58:19.792 [JavaFX Application Thread] INFO  RougeVolleyFXGL      - Entered room 竖走廊 @(0,1)
20:58:20.944 [JavaFX Application Thread] INFO  RougeVolleyFXGL      - Transitioning N → room (0,0)
20:58:20.947 [JavaFX Application Thread] DEBUG EventBus             - Firing event: javafx.event.Event[source=javafx.event.Event$$Lambda/0x000002448117a1a8@19a74673]
20:58:20.948 [JavaFX Application Thread] INFO  RougeVolleyFXGL      - Entered room 竖走廊 @(0,0)
20:58:25.181 [JavaFX Application Thread] INFO  RougeVolleyFXGL      - Transitioning S → room (0,1)
20:58:25.184 [JavaFX Application Thread] DEBUG EventBus             - Firing event: javafx.event.Event[source=javafx.event.Event$$Lambda/0x000002448117a1a8@19a74673]
20:58:25.184 [JavaFX Application Thread] INFO  RougeVolleyFXGL      - Entered room 竖走廊 @(0,1)
20:58:28.741 [JavaFX Application Thread] DEBUG FXGLApplication      - Exiting FXGL
20:58:28.741 [JavaFX Application Thread] DEBUG LoopRunner           - Stopping loop
20:58:28.741 [JavaFX Application Thread] DEBUG SystemBundleService  - Saving FXGL system data
20:58:28.742 [JavaFX Application Thread] DEBUG FileSystemAccess     - Writing to: C:\Users\19559\IdeaProjects\RougeVolley\system\fxgl.bundle
20:58:28.744 [JavaFX Application Thread] DEBUG Async                - Shutting down background threads
20:58:28.744 [JavaFX Application Thread] DEBUG PrimaryStageWindow   - Closing main window
20:58:28.772 [JavaFX Application Thread] DEBUG Logger               - Closing Logger
