21:21:32.732 [main                     ] DEBUG Logger               - Configured Logger
21:21:32.750 [main                     ] DEBUG GameApplication      - Logging settings
Title: RougeVolley — 地牢探险
Version: 0.1.0
Width: 1280
Height: 720
Fullscreen: false
Intro: false
Profiling: false
Single step:false
App Mode: DEVELOPER
Menu Key: ESCAPE
Stage Style: DECORATED
Scene Factory: class com.almasb.fxgl.app.scene.SceneFactory

21:21:33.130 [JavaFX Application Thread] DEBUG FXGLApplication      - Initializing FXGL
21:21:33.132 [JavaFX Application Thread] INFO  Engine               - FXGL-21.1 (27.03.2024 07.52) on WINDOWS (J:21.0.8 FX:21)
21:21:33.133 [JavaFX Application Thread] DEBUG Engine               - JRE Vendor Name: Microsoft
21:21:33.133 [JavaFX Application Thread] DEBUG Engine               - Running on OS: Windows 11 version 10.0
21:21:33.133 [JavaFX Application Thread] DEBUG Engine               - Architecture: amd64
21:21:33.133 [JavaFX Application Thread] INFO  Engine               - Source code and latest versions at: https://github.com/AlmasB/FXGL
21:21:33.133 [JavaFX Application Thread] INFO  Engine               -       Ask questions and discuss at: https://github.com/AlmasB/FXGL/discussions
21:21:33.133 [JavaFX Application Thread] INFO  Engine               -              Join the FXGL chat at: https://gitter.im/AlmasB/FXGL
21:21:33.200 [JavaFX Application Thread] DEBUG PrimaryStageWindow   - Creating a JavaFX scene
21:21:33.232 [JavaFX Application Thread] DEBUG PrimaryStageWindow   - Target settings size: 1280.0 x 720.0
21:21:33.232 [JavaFX Application Thread] DEBUG PrimaryStageWindow   - Scaled scene size:    1280.0 x 720.0
21:21:33.232 [JavaFX Application Thread] DEBUG PrimaryStageWindow   - Scaled ratio: (1.0, 1.0)
21:21:33.233 [JavaFX Application Thread] DEBUG PrimaryStageWindow   - Set initial scene to FXGLStartupScene
21:21:33.234 [JavaFX Application Thread] DEBUG PrimaryStageWindow   - Opening main window
21:21:33.329 [JavaFX Application Thread] DEBUG PrimaryStageWindow   - Window border size: (14.6666259765625, 37.33331298828125)
21:21:33.329 [JavaFX Application Thread] DEBUG PrimaryStageWindow   - Scaled size: 1280.0 x 720.0
21:21:33.329 [JavaFX Application Thread] DEBUG PrimaryStageWindow   - Scaled ratio: (1.0, 1.0)
21:21:33.330 [JavaFX Application Thread] DEBUG PrimaryStageWindow   - Scene size: 1280.0 x 720.0
21:21:33.330 [JavaFX Application Thread] DEBUG PrimaryStageWindow   - Stage size: 1294.6666259765625 x 757.3333129882812
21:21:33.334 [FXGL Background Thread 1 ] DEBUG Engine               - Initializing environment variables
21:21:33.379 [FXGL Background Thread 1 ] DEBUG FXGLAssetLoaderServi - User app class for loading assets: class org.example.rougevolley.RougeVolleyFXGL
21:21:33.379 [FXGL Background Thread 1 ] DEBUG GameApplicationServi - Applying CSS: fxgl_dark.css
21:21:33.380 [FXGL Background Thread 1 ] DEBUG FXGLAssetLoaderServi - Loading from file system: jar:file:/C:/Users/19559/.m2/repository/com/github/almasb/fxgl/21.1/fxgl-21.1.jar!/fxglassets/ui/css/fxgl_dark.css
21:21:33.411 [FXGL Background Thread 1 ] DEBUG GameApplicationServi - Initializing application scenes
21:21:33.485 [FXGL Background Thread 1 ] DEBUG GameWorld            - Game world initialized
21:21:33.537 [FXGL Background Thread 1 ] DEBUG PhysicsWorld         - Physics world initialized: appHeight=720, physics.ppm=50.0
21:21:33.537 [FXGL Background Thread 1 ] DEBUG PhysicsWorld         - Using strategy: BRUTE_FORCE
21:21:33.539 [FXGL Background Thread 1 ] DEBUG GameScene            - Game scene initialized: 1280x720
21:21:33.540 [FXGL Background Thread 1 ] DEBUG GameApplicationServi - Application scenes initialized
21:21:33.551 [FXGL Background Thread 1 ] DEBUG SystemBundleService  - Loading FXGL system data
21:21:33.553 [FXGL Background Thread 1 ] DEBUG FileSystemAccess     - Reading from: C:\Users\19559\IdeaProjects\RougeVolley\system\fxgl.bundle
21:21:33.560 [FXGL Background Thread 1 ] DEBUG SystemBundleService  - Bundle FXGL: {}
21:21:33.560 [FXGL Background Thread 1 ] DEBUG UpdaterService       - Checking for updates
21:21:33.563 [FXGL Background Thread 4 ] DEBUG FXGLApplication      - Loading fonts
21:21:33.563 [FXGL Background Thread 4 ] DEBUG FXGLAssetLoaderServi - Loading from file system: jar:file:/C:/Users/19559/.m2/repository/com/github/almasb/fxgl/21.1/fxgl-21.1.jar!/fxglassets/ui/fonts/VarelaRound-Regular.ttf
21:21:33.564 [FXGL Background Thread 1 ] DEBUG FXGLApplication      - Loading default localization
21:21:33.564 [FXGL Background Thread 1 ] DEBUG FXGLAssetLoaderServi - Loading from file system: jar:file:/C:/Users/19559/.m2/repository/com/github/almasb/fxgl/21.1/fxgl-21.1.jar!/fxglassets/languages/english.lang
21:21:33.591 [FXGL Background Thread 4 ] DEBUG FXGLAssetLoaderServi - Loading from file system: jar:file:/C:/Users/19559/.m2/repository/com/github/almasb/fxgl/21.1/fxgl-21.1.jar!/fxglassets/ui/fonts/Abel-Regular.ttf
21:21:33.593 [FXGL Background Thread 4 ] DEBUG FXGLAssetLoaderServi - Loading from file system: jar:file:/C:/Users/19559/.m2/repository/com/github/almasb/fxgl/21.1/fxgl-21.1.jar!/fxglassets/ui/fonts/TerminalLandMono-Regular.otf
21:21:33.595 [FXGL Background Thread 4 ] DEBUG FXGLAssetLoaderServi - Loading from file system: jar:file:/C:/Users/19559/.m2/repository/com/github/almasb/fxgl/21.1/fxgl-21.1.jar!/fxglassets/ui/fonts/Courier-Prime.ttf
21:21:33.601 [JavaFX Application Thread] DEBUG FXGLApplication      - Registering font factories with UI factory
21:21:33.607 [FXGL Background Thread 1 ] INFO  FXGLApplication      - FXGL initialization took: 0.273 sec
21:21:33.616 [JavaFX Application Thread] DEBUG Input                - Registered new binding: Move Up - W
21:21:33.617 [JavaFX Application Thread] DEBUG Input                - Registered new binding: Move Up Arrow - Up
21:21:33.617 [JavaFX Application Thread] DEBUG Input                - Registered new binding: Move Down - S
21:21:33.617 [JavaFX Application Thread] DEBUG Input                - Registered new binding: Move Down Arrow - Down
21:21:33.617 [JavaFX Application Thread] DEBUG Input                - Registered new binding: Move Left - A
21:21:33.617 [JavaFX Application Thread] DEBUG Input                - Registered new binding: Move Left Arrow - Left
21:21:33.618 [JavaFX Application Thread] DEBUG Input                - Registered new binding: Move Right - D
21:21:33.618 [JavaFX Application Thread] DEBUG Input                - Registered new binding: Move Right Arrow - Right
21:21:33.620 [JavaFX Application Thread] DEBUG Input                - Registered new binding: Fire - LMB
21:21:33.620 [JavaFX Application Thread] DEBUG FXGLAssetLoaderServi - Loading from file system: jar:file:/C:/Users/19559/.m2/repository/com/github/almasb/fxgl/21.1/fxgl-21.1.jar!/fxglassets/textures/fxgl_icon.png
21:21:33.663 [JavaFX Application Thread] DEBUG FXGLAssetLoaderServi - Loading from file system: jar:file:/C:/Users/19559/.m2/repository/com/github/almasb/fxgl/21.1/fxgl-21.1.jar!/fxglassets/textures/fxgl_default_cursor.png
21:21:33.668 [JavaFX Application Thread] DEBUG Input                - Registered new binding: Screenshot - CTRL+8
21:21:33.669 [JavaFX Application Thread] DEBUG Input                - Registered new binding: System info dump - CTRL+9
21:21:33.670 [JavaFX Application Thread] DEBUG Input                - Registered new binding: Restart - CTRL+R
21:21:33.673 [JavaFX Application Thread] DEBUG Input                - Registered new binding: Toggle Debug Camera - CTRL+7
21:21:33.680 [JavaFX Application Thread] DEBUG LoopRunner           - Starting loop
21:21:33.680 [JavaFX Application Thread] DEBUG LoopRunner           - Initializing JavaFX AnimationTimerLoop
21:21:33.682 [JavaFX Application Thread] DEBUG GameApplicationServi - Starting new game
21:21:33.683 [JavaFX Application Thread] DEBUG Input                - Clearing active input actions
21:21:33.695 [JavaFX Application Thread] DEBUG GameApplicationServi - Removing overlay from FXGLStartupScene and adding to FXGLLoadingScene
21:21:33.696 [JavaFX Application Thread] DEBUG PrimaryStageWindow   - FXGLStartupScene -> FXGLLoadingScene
21:21:33.696 [JavaFX Application Thread] DEBUG GameApplicationServi - Clearing previous game
21:21:33.696 [JavaFX Application Thread] DEBUG GameScene            - Clearing game scene
21:21:33.696 [JavaFX Application Thread] DEBUG GameWorld            - Clearing game world
21:21:33.696 [JavaFX Application Thread] DEBUG PhysicsWorld         - Clearing physics world
21:21:33.698 [FXGL Background Thread 1 ] DEBUG FXGLApplication      - Initializing game
21:21:33.702 [FXGL Background Thread 1 ] INFO  RougeVolleyFXGL      - RougeVolley initializing... seed=-7700830218515343239
21:21:33.738 [FXGL Background Thread 1 ] INFO  UpgradeManager       - 已加载 5 个升级选项
21:21:33.770 [FXGL Background Thread 1 ] INFO  RougeVolleyFXGL      - RougeVolley initialized. Waiting for player to start.
21:21:33.770 [FXGL Background Thread 1 ] INFO  FXGLApplication      - Game initialization took: 0.072 sec
21:21:33.818 [JavaFX Application Thread] DEBUG Input                - Clearing active input actions
21:21:33.830 [JavaFX Application Thread] DEBUG GameApplicationServi - Removing overlay from FXGLLoadingScene and adding to GameScene
21:21:33.830 [JavaFX Application Thread] DEBUG PrimaryStageWindow   - FXGLLoadingScene -> GameScene
21:21:34.665 [FXGL Background Thread 2 ] INFO  UpdaterService       - Your current version:  21.1
21:21:34.665 [FXGL Background Thread 2 ] INFO  UpdaterService       - Latest stable version: 25
21:21:34.732 [JavaFX Application Thread] INFO  UpgradeManager       - 已加载 5 个升级选项
21:21:34.763 [JavaFX Application Thread] INFO  RougeVolleyFXGL      - RougeVolley initialized. Dungeon: 6 rooms. Player at (320.0, 256.0)
21:21:34.764 [JavaFX Application Thread] DEBUG EventBus             - Firing event: javafx.event.Event[source=javafx.event.Event$$Lambda/0x000002622517a7e8@6d9806c2]
21:21:34.765 [JavaFX Application Thread] INFO  RougeVolleyFXGL      - New game started. Player at (320.0, 256.0)
21:21:35.917 [JavaFX Application Thread] DEBUG EventBus             - Firing event: javafx.event.Event[source=javafx.event.Event$$Lambda/0x000002622517a7e8@6d9806c2]
21:21:35.918 [JavaFX Application Thread] DEBUG EventBus             - Firing event: javafx.event.Event[source=javafx.event.Event$$Lambda/0x000002622517a7e8@6d9806c2]
21:21:36.211 [JavaFX Application Thread] DEBUG EventBus             - Firing event: javafx.event.Event[source=javafx.event.Event$$Lambda/0x000002622517a7e8@6d9806c2]
21:21:36.211 [JavaFX Application Thread] DEBUG EventBus             - Firing event: javafx.event.Event[source=javafx.event.Event$$Lambda/0x000002622517a7e8@6d9806c2]
21:21:36.508 [JavaFX Application Thread] DEBUG EventBus             - Firing event: javafx.event.Event[source=javafx.event.Event$$Lambda/0x000002622517a7e8@6d9806c2]
21:21:36.508 [JavaFX Application Thread] DEBUG EventBus             - Firing event: javafx.event.Event[source=javafx.event.Event$$Lambda/0x000002622517a7e8@6d9806c2]
21:21:36.563 [FXGL Background Thread 3 ] DEBUG Engine               - Logging environment variables
21:21:36.563 [FXGL Background Thread 3 ] DEBUG Engine               - achievements: []
21:21:36.563 [FXGL Background Thread 3 ] DEBUG Engine               - actualHeight: 720.0
21:21:36.563 [FXGL Background Thread 3 ] DEBUG Engine               - actualHeightProperty: ReadOnlyDoubleProperty [value: 720.0]
21:21:36.563 [FXGL Background Thread 3 ] DEBUG Engine               - actualWidth: 1280.0
21:21:36.563 [FXGL Background Thread 3 ] DEBUG Engine               - actualWidthProperty: ReadOnlyDoubleProperty [value: 1280.0]
21:21:36.563 [FXGL Background Thread 3 ] DEBUG Engine               - appIcon: fxgl_icon.png
21:21:36.563 [FXGL Background Thread 3 ] DEBUG Engine               - applicationMode: DEVELOPER
21:21:36.563 [FXGL Background Thread 3 ] DEBUG Engine               - cSSList: [fxgl_dark.css]
21:21:36.563 [FXGL Background Thread 3 ] DEBUG Engine               - collisionDetectionStrategy: BRUTE_FORCE
21:21:36.563 [FXGL Background Thread 3 ] DEBUG Engine               - configClass: Optional.empty
21:21:36.563 [FXGL Background Thread 3 ] DEBUG Engine               - credits: []
21:21:36.564 [FXGL Background Thread 3 ] DEBUG Engine               - defaultCursor: CursorInfo(imageName=fxgl_default_cursor.png, hotspotX=7.0, hotspotY=6.0)
21:21:36.564 [FXGL Background Thread 3 ] DEBUG Engine               - devBBoxColorProperty: ObjectProperty [value: 0xff0000ff]
21:21:36.564 [FXGL Background Thread 3 ] DEBUG Engine               - devEnableDebugCameraProperty: BooleanProperty [value: false]
21:21:36.564 [FXGL Background Thread 3 ] DEBUG Engine               - devSensorColorProperty: ObjectProperty [value: 0xffff00ff]
21:21:36.564 [FXGL Background Thread 3 ] DEBUG Engine               - devShowBBoxProperty: BooleanProperty [value: false]
21:21:36.564 [FXGL Background Thread 3 ] DEBUG Engine               - devShowPositionProperty: BooleanProperty [value: false]
21:21:36.564 [FXGL Background Thread 3 ] DEBUG Engine               - enabledMenuItems: []
21:21:36.564 [FXGL Background Thread 3 ] DEBUG Engine               - engineServices: [class com.almasb.fxgl.app.services.FXGLAssetLoaderService, class com.almasb.fxgl.app.FXGLApplication$GameApplicationService, class com.almasb.fxgl.app.services.FXGLDialogService, class com.almasb.fxgl.app.services.IOTaskExecutorService, class com.almasb.fxgl.io.FileSystemService, class com.almasb.fxgl.localization.LocalizationService, class com.almasb.fxgl.app.services.SystemBundleService, class com.almasb.fxgl.profile.SaveLoadService, class com.almasb.fxgl.ui.FXGLUIFactoryServiceProvider, class com.almasb.fxgl.ui.FXGLDialogFactoryServiceProvider, class com.almasb.fxgl.audio.AudioPlayer, class com.almasb.fxgl.notification.impl.NotificationServiceProvider, class com.almasb.fxgl.achievement.AchievementService, class com.almasb.fxgl.cutscene.CutsceneService, class com.almasb.fxgl.minigames.MiniGameService, class com.almasb.fxgl.net.NetService, class com.almasb.fxgl.app.services.UpdaterService, class com.almasb.fxgl.dev.DevService]
21:21:36.564 [FXGL Background Thread 3 ] DEBUG Engine               - fontGame: Abel-Regular.ttf
21:21:36.564 [FXGL Background Thread 3 ] DEBUG Engine               - fontMono: TerminalLandMono-Regular.otf
21:21:36.564 [FXGL Background Thread 3 ] DEBUG Engine               - fontSizeScaleUI: 1.0
21:21:36.565 [FXGL Background Thread 3 ] DEBUG Engine               - fontText: Courier-Prime.ttf
21:21:36.565 [FXGL Background Thread 3 ] DEBUG Engine               - fontUI: VarelaRound-Regular.ttf
21:21:36.565 [FXGL Background Thread 3 ] DEBUG Engine               - fullScreen: BooleanProperty [value: false]
21:21:36.565 [FXGL Background Thread 3 ] DEBUG Engine               - gameDifficulty: MEDIUM
21:21:36.565 [FXGL Background Thread 3 ] DEBUG Engine               - gameDifficultyProperty: ObjectProperty [value: MEDIUM]
21:21:36.565 [FXGL Background Thread 3 ] DEBUG Engine               - globalMusicVolume: 0.5
21:21:36.565 [FXGL Background Thread 3 ] DEBUG Engine               - globalMusicVolumeProperty: DoubleProperty [value: 0.5]
21:21:36.565 [FXGL Background Thread 3 ] DEBUG Engine               - globalSoundVolume: 0.5
21:21:36.565 [FXGL Background Thread 3 ] DEBUG Engine               - globalSoundVolumeProperty: DoubleProperty [value: 0.5]
21:21:36.565 [FXGL Background Thread 3 ] DEBUG Engine               - height: 720
21:21:36.565 [FXGL Background Thread 3 ] DEBUG Engine               - is3D: false
21:21:36.565 [FXGL Background Thread 3 ] DEBUG Engine               - isAndroid: false
21:21:36.565 [FXGL Background Thread 3 ] DEBUG Engine               - isBrowser: false
21:21:36.565 [FXGL Background Thread 3 ] DEBUG Engine               - isClickFeedbackEnabled: false
21:21:36.565 [FXGL Background Thread 3 ] DEBUG Engine               - isCloseConfirmation: false
21:21:36.565 [FXGL Background Thread 3 ] DEBUG Engine               - isDesktop: true
21:21:36.565 [FXGL Background Thread 3 ] DEBUG Engine               - isDeveloperMenuEnabled: false
21:21:36.565 [FXGL Background Thread 3 ] DEBUG Engine               - isEmbedded: false
21:21:36.565 [FXGL Background Thread 3 ] DEBUG Engine               - isEntityPreloadEnabled: true
21:21:36.565 [FXGL Background Thread 3 ] DEBUG Engine               - isExperimentalTiledLargeMap: false
21:21:36.565 [FXGL Background Thread 3 ] DEBUG Engine               - isFileSystemWriteAllowed: true
21:21:36.565 [FXGL Background Thread 3 ] DEBUG Engine               - isFullScreenAllowed: false
21:21:36.565 [FXGL Background Thread 3 ] DEBUG Engine               - isFullScreenFromStart: false
21:21:36.565 [FXGL Background Thread 3 ] DEBUG Engine               - isGameMenuEnabled: false
21:21:36.565 [FXGL Background Thread 3 ] DEBUG Engine               - isIOS: false
21:21:36.565 [FXGL Background Thread 3 ] DEBUG Engine               - isIntroEnabled: false
21:21:36.565 [FXGL Background Thread 3 ] DEBUG Engine               - isLinux: false
21:21:36.565 [FXGL Background Thread 3 ] DEBUG Engine               - isMac: false
21:21:36.565 [FXGL Background Thread 3 ] DEBUG Engine               - isMainMenuEnabled: false
21:21:36.565 [FXGL Background Thread 3 ] DEBUG Engine               - isManualResizeEnabled: false
21:21:36.565 [FXGL Background Thread 3 ] DEBUG Engine               - isMobile: false
21:21:36.565 [FXGL Background Thread 3 ] DEBUG Engine               - isNative: false
21:21:36.565 [FXGL Background Thread 3 ] DEBUG Engine               - isPauseMusicWhenMinimized: true
21:21:36.565 [FXGL Background Thread 3 ] DEBUG Engine               - isPreserveResizeRatio: true
21:21:36.565 [FXGL Background Thread 3 ] DEBUG Engine               - isProfilingEnabled: false
21:21:36.565 [FXGL Background Thread 3 ] DEBUG Engine               - isScaleAffectedOnResize: true
21:21:36.565 [FXGL Background Thread 3 ] DEBUG Engine               - isSingleStep: false
21:21:36.565 [FXGL Background Thread 3 ] DEBUG Engine               - isUserProfileEnabled: false
21:21:36.565 [FXGL Background Thread 3 ] DEBUG Engine               - isWindows: true
21:21:36.565 [FXGL Background Thread 3 ] DEBUG Engine               - language: ObjectProperty [value: ENGLISH]
21:21:36.565 [FXGL Background Thread 3 ] DEBUG Engine               - menuKey: ESCAPE
21:21:36.565 [FXGL Background Thread 3 ] DEBUG Engine               - mouseSensitivity: 0.2
21:21:36.565 [FXGL Background Thread 3 ] DEBUG Engine               - notificationViewClass: class com.almasb.fxgl.notification.view.XboxNotificationView
21:21:36.565 [FXGL Background Thread 3 ] DEBUG Engine               - pixelsPerMeter: 50.0
21:21:36.565 [FXGL Background Thread 3 ] DEBUG Engine               - platform: WINDOWS
21:21:36.565 [FXGL Background Thread 3 ] DEBUG Engine               - prefHeightProperty: ReadOnlyDoubleProperty [value: 720.0]
21:21:36.565 [FXGL Background Thread 3 ] DEBUG Engine               - prefWidthProperty: ReadOnlyDoubleProperty [value: 1280.0]
21:21:36.565 [FXGL Background Thread 3 ] DEBUG Engine               - profileDir: profiles/
21:21:36.565 [FXGL Background Thread 3 ] DEBUG Engine               - profileName: StringProperty [value: DEFAULT]
21:21:36.565 [FXGL Background Thread 3 ] DEBUG Engine               - randomSeed: -1
21:21:36.566 [FXGL Background Thread 3 ] DEBUG Engine               - runtimeInfo: RuntimeInfo(platform=WINDOWS, version=21.1, build=27.03.2024 07.52)
21:21:36.566 [FXGL Background Thread 3 ] DEBUG Engine               - saveFileExt: sav
21:21:36.566 [FXGL Background Thread 3 ] DEBUG Engine               - scaledHeightProp$fxgl: DoubleProperty [bound, value: 720.0]
21:21:36.566 [FXGL Background Thread 3 ] DEBUG Engine               - scaledWidthProp$fxgl: DoubleProperty [bound, value: 1280.0]
21:21:36.566 [FXGL Background Thread 3 ] DEBUG Engine               - sceneFactory: com.almasb.fxgl.app.scene.SceneFactory@4f344db6
21:21:36.566 [FXGL Background Thread 3 ] DEBUG Engine               - secondsIn24h: 60
21:21:36.566 [FXGL Background Thread 3 ] DEBUG Engine               - soundMenuBack: menu/back.wav
21:21:36.566 [FXGL Background Thread 3 ] DEBUG Engine               - soundMenuPress: menu/press.wav
21:21:36.566 [FXGL Background Thread 3 ] DEBUG Engine               - soundMenuSelect: menu/select.wav
21:21:36.566 [FXGL Background Thread 3 ] DEBUG Engine               - soundNotification: core/notification.wav
21:21:36.566 [FXGL Background Thread 3 ] DEBUG Engine               - stageStyle: DECORATED
21:21:36.566 [FXGL Background Thread 3 ] DEBUG Engine               - supportedLanguages: [ENGLISH, FRENCH, GERMAN, HUNGARIAN, RUSSIAN]
21:21:36.566 [FXGL Background Thread 3 ] DEBUG Engine               - ticksPerSecond: -1
21:21:36.566 [FXGL Background Thread 3 ] DEBUG Engine               - title: RougeVolley — 地牢探险
21:21:36.566 [FXGL Background Thread 3 ] DEBUG Engine               - urlGithub: https://github.com/AlmasB/FXGL
21:21:36.566 [FXGL Background Thread 3 ] DEBUG Engine               - urlLeaderboard: http://fxgl-top.herokuapp.com/
21:21:36.566 [FXGL Background Thread 3 ] DEBUG Engine               - urlPOM: https://raw.githubusercontent.com/AlmasB/FXGL/release/README.md
21:21:36.566 [FXGL Background Thread 3 ] DEBUG Engine               - userAppClass: class org.example.rougevolley.RougeVolleyFXGL
21:21:36.566 [FXGL Background Thread 3 ] DEBUG Engine               - version: 0.1.0
21:21:36.566 [FXGL Background Thread 3 ] DEBUG Engine               - versionCheckDays: 7
21:21:36.566 [FXGL Background Thread 3 ] DEBUG Engine               - width: 1280
21:21:36.566 [FXGL Background Thread 3 ] DEBUG Engine               - Logging services
21:21:36.566 [FXGL Background Thread 3 ] DEBUG Engine               - class com.almasb.fxgl.app.services.FXGLAssetLoaderService
21:21:36.566 [FXGL Background Thread 3 ] DEBUG Engine               - class com.almasb.fxgl.app.FXGLApplication$GameApplicationService
21:21:36.566 [FXGL Background Thread 3 ] DEBUG Engine               - class com.almasb.fxgl.app.services.FXGLDialogService
21:21:36.566 [FXGL Background Thread 3 ] DEBUG Engine               - class com.almasb.fxgl.app.services.IOTaskExecutorService
21:21:36.566 [FXGL Background Thread 3 ] DEBUG Engine               - class com.almasb.fxgl.io.FileSystemService
21:21:36.566 [FXGL Background Thread 3 ] DEBUG Engine               - class com.almasb.fxgl.localization.LocalizationService
21:21:36.566 [FXGL Background Thread 3 ] DEBUG Engine               - class com.almasb.fxgl.app.services.SystemBundleService
21:21:36.566 [FXGL Background Thread 3 ] DEBUG Engine               - class com.almasb.fxgl.profile.SaveLoadService
21:21:36.566 [FXGL Background Thread 3 ] DEBUG Engine               - class com.almasb.fxgl.ui.FXGLUIFactoryServiceProvider
21:21:36.566 [FXGL Background Thread 3 ] DEBUG Engine               - class com.almasb.fxgl.ui.FXGLDialogFactoryServiceProvider
21:21:36.566 [FXGL Background Thread 3 ] DEBUG Engine               - class com.almasb.fxgl.audio.AudioPlayer
21:21:36.566 [FXGL Background Thread 3 ] DEBUG Engine               - class com.almasb.fxgl.notification.impl.NotificationServiceProvider
21:21:36.566 [FXGL Background Thread 3 ] DEBUG Engine               - class com.almasb.fxgl.achievement.AchievementService
21:21:36.566 [FXGL Background Thread 3 ] DEBUG Engine               - class com.almasb.fxgl.cutscene.CutsceneService
21:21:36.566 [FXGL Background Thread 3 ] DEBUG Engine               - class com.almasb.fxgl.minigames.MiniGameService
21:21:36.566 [FXGL Background Thread 3 ] DEBUG Engine               - class com.almasb.fxgl.net.NetService
21:21:36.566 [FXGL Background Thread 3 ] DEBUG Engine               - class com.almasb.fxgl.app.services.UpdaterService
21:21:36.566 [FXGL Background Thread 3 ] DEBUG Engine               - class com.almasb.fxgl.dev.DevService
21:21:36.795 [JavaFX Application Thread] DEBUG EventBus             - Firing event: javafx.event.Event[source=javafx.event.Event$$Lambda/0x000002622517a7e8@6d9806c2]
21:21:36.795 [JavaFX Application Thread] DEBUG EventBus             - Firing event: javafx.event.Event[source=javafx.event.Event$$Lambda/0x000002622517a7e8@6d9806c2]
21:21:37.090 [JavaFX Application Thread] DEBUG EventBus             - Firing event: javafx.event.Event[source=javafx.event.Event$$Lambda/0x000002622517a7e8@6d9806c2]
21:21:37.090 [JavaFX Application Thread] DEBUG EventBus             - Firing event: javafx.event.Event[source=javafx.event.Event$$Lambda/0x000002622517a7e8@6d9806c2]
21:21:37.090 [JavaFX Application Thread] INFO  DamageSystem         - Enemy destroyed
21:21:37.090 [JavaFX Application Thread] DEBUG EventBus             - Firing event: javafx.event.Event[source=javafx.event.Event$$Lambda/0x000002622517a7e8@6d9806c2]
21:21:37.090 [JavaFX Application Thread] DEBUG EventBus             - Firing event: javafx.event.Event[source=javafx.event.Event$$Lambda/0x000002622517a7e8@6d9806c2]
21:21:39.759 [JavaFX Application Thread] DEBUG EventBus             - Firing event: javafx.event.Event[source=javafx.event.Event$$Lambda/0x000002622517a7e8@6d9806c2]
21:21:39.759 [JavaFX Application Thread] INFO  RougeVolleyFXGL      - Player died — Game Over
21:21:41.666 [JavaFX Application Thread] INFO  UpgradeManager       - 已加载 5 个升级选项
21:21:41.671 [JavaFX Application Thread] INFO  RougeVolleyFXGL      - RougeVolley initialized. Dungeon: 6 rooms. Player at (320.0, 224.0)
21:21:41.671 [JavaFX Application Thread] DEBUG EventBus             - Firing event: javafx.event.Event[source=javafx.event.Event$$Lambda/0x000002622517a7e8@6d9806c2]
21:21:41.671 [JavaFX Application Thread] INFO  RougeVolleyFXGL      - New game started. Player at (320.0, 224.0)
21:21:44.383 [JavaFX Application Thread] DEBUG EventBus             - Firing event: javafx.event.Event[source=javafx.event.Event$$Lambda/0x000002622517a7e8@6d9806c2]
21:21:44.887 [JavaFX Application Thread] DEBUG EventBus             - Firing event: javafx.event.Event[source=javafx.event.Event$$Lambda/0x000002622517a7e8@6d9806c2]
21:21:45.245 [JavaFX Application Thread] DEBUG EventBus             - Firing event: javafx.event.Event[source=javafx.event.Event$$Lambda/0x000002622517a7e8@6d9806c2]
21:21:45.386 [JavaFX Application Thread] DEBUG EventBus             - Firing event: javafx.event.Event[source=javafx.event.Event$$Lambda/0x000002622517a7e8@6d9806c2]
21:21:45.762 [JavaFX Application Thread] DEBUG EventBus             - Firing event: javafx.event.Event[source=javafx.event.Event$$Lambda/0x000002622517a7e8@6d9806c2]
21:21:45.882 [JavaFX Application Thread] DEBUG EventBus             - Firing event: javafx.event.Event[source=javafx.event.Event$$Lambda/0x000002622517a7e8@6d9806c2]
21:21:46.386 [JavaFX Application Thread] DEBUG EventBus             - Firing event: javafx.event.Event[source=javafx.event.Event$$Lambda/0x000002622517a7e8@6d9806c2]
21:21:46.883 [JavaFX Application Thread] DEBUG EventBus             - Firing event: javafx.event.Event[source=javafx.event.Event$$Lambda/0x000002622517a7e8@6d9806c2]
21:21:47.207 [JavaFX Application Thread] DEBUG EventBus             - Firing event: javafx.event.Event[source=javafx.event.Event$$Lambda/0x000002622517a7e8@6d9806c2]
21:21:47.382 [JavaFX Application Thread] DEBUG EventBus             - Firing event: javafx.event.Event[source=javafx.event.Event$$Lambda/0x000002622517a7e8@6d9806c2]
21:21:47.678 [JavaFX Application Thread] DEBUG EventBus             - Firing event: javafx.event.Event[source=javafx.event.Event$$Lambda/0x000002622517a7e8@6d9806c2]
21:21:47.890 [JavaFX Application Thread] DEBUG EventBus             - Firing event: javafx.event.Event[source=javafx.event.Event$$Lambda/0x000002622517a7e8@6d9806c2]
21:21:48.095 [JavaFX Application Thread] DEBUG EventBus             - Firing event: javafx.event.Event[source=javafx.event.Event$$Lambda/0x000002622517a7e8@6d9806c2]
21:21:48.095 [JavaFX Application Thread] INFO  DamageSystem         - Enemy destroyed
21:21:48.095 [JavaFX Application Thread] DEBUG EventBus             - Firing event: javafx.event.Event[source=javafx.event.Event$$Lambda/0x000002622517a7e8@6d9806c2]
21:21:48.095 [JavaFX Application Thread] DEBUG EventBus             - Firing event: javafx.event.Event[source=javafx.event.Event$$Lambda/0x000002622517a7e8@6d9806c2]
21:21:48.387 [JavaFX Application Thread] DEBUG EventBus             - Firing event: javafx.event.Event[source=javafx.event.Event$$Lambda/0x000002622517a7e8@6d9806c2]
21:21:48.898 [JavaFX Application Thread] DEBUG EventBus             - Firing event: javafx.event.Event[source=javafx.event.Event$$Lambda/0x000002622517a7e8@6d9806c2]
21:21:49.410 [JavaFX Application Thread] DEBUG EventBus             - Firing event: javafx.event.Event[source=javafx.event.Event$$Lambda/0x000002622517a7e8@6d9806c2]
21:21:49.590 [JavaFX Application Thread] DEBUG EventBus             - Firing event: javafx.event.Event[source=javafx.event.Event$$Lambda/0x000002622517a7e8@6d9806c2]
21:21:49.920 [JavaFX Application Thread] DEBUG EventBus             - Firing event: javafx.event.Event[source=javafx.event.Event$$Lambda/0x000002622517a7e8@6d9806c2]
21:21:50.419 [JavaFX Application Thread] DEBUG EventBus             - Firing event: javafx.event.Event[source=javafx.event.Event$$Lambda/0x000002622517a7e8@6d9806c2]
21:21:50.528 [JavaFX Application Thread] DEBUG EventBus             - Firing event: javafx.event.Event[source=javafx.event.Event$$Lambda/0x000002622517a7e8@6d9806c2]
21:21:50.924 [JavaFX Application Thread] DEBUG EventBus             - Firing event: javafx.event.Event[source=javafx.event.Event$$Lambda/0x000002622517a7e8@6d9806c2]
21:21:51.162 [JavaFX Application Thread] DEBUG EventBus             - Firing event: javafx.event.Event[source=javafx.event.Event$$Lambda/0x000002622517a7e8@6d9806c2]
21:21:51.426 [JavaFX Application Thread] DEBUG EventBus             - Firing event: javafx.event.Event[source=javafx.event.Event$$Lambda/0x000002622517a7e8@6d9806c2]
21:21:51.932 [JavaFX Application Thread] DEBUG EventBus             - Firing event: javafx.event.Event[source=javafx.event.Event$$Lambda/0x000002622517a7e8@6d9806c2]
21:21:52.278 [JavaFX Application Thread] DEBUG EventBus             - Firing event: javafx.event.Event[source=javafx.event.Event$$Lambda/0x000002622517a7e8@6d9806c2]
21:21:52.428 [JavaFX Application Thread] DEBUG EventBus             - Firing event: javafx.event.Event[source=javafx.event.Event$$Lambda/0x000002622517a7e8@6d9806c2]
21:21:52.930 [JavaFX Application Thread] DEBUG EventBus             - Firing event: javafx.event.Event[source=javafx.event.Event$$Lambda/0x000002622517a7e8@6d9806c2]
21:21:53.432 [JavaFX Application Thread] DEBUG EventBus             - Firing event: javafx.event.Event[source=javafx.event.Event$$Lambda/0x000002622517a7e8@6d9806c2]
21:21:53.937 [JavaFX Application Thread] DEBUG EventBus             - Firing event: javafx.event.Event[source=javafx.event.Event$$Lambda/0x000002622517a7e8@6d9806c2]
21:21:54.290 [JavaFX Application Thread] DEBUG EventBus             - Firing event: javafx.event.Event[source=javafx.event.Event$$Lambda/0x000002622517a7e8@6d9806c2]
21:21:54.290 [JavaFX Application Thread] INFO  DamageSystem         - Enemy destroyed
21:21:54.290 [JavaFX Application Thread] DEBUG EventBus             - Firing event: javafx.event.Event[source=javafx.event.Event$$Lambda/0x000002622517a7e8@6d9806c2]
21:21:54.290 [JavaFX Application Thread] DEBUG EventBus             - Firing event: javafx.event.Event[source=javafx.event.Event$$Lambda/0x000002622517a7e8@6d9806c2]
21:21:54.290 [JavaFX Application Thread] DEBUG EventBus             - Firing event: javafx.event.Event[source=javafx.event.Event$$Lambda/0x000002622517a7e8@6d9806c2]
21:21:54.292 [JavaFX Application Thread] INFO  GameUI               - 升级面板已显示，选项数: 3
21:21:55.993 [JavaFX Application Thread] DEBUG EventBus             - Firing event: javafx.event.Event[source=javafx.event.Event$$Lambda/0x000002622517a7e8@6d9806c2]
21:21:55.993 [JavaFX Application Thread] INFO  GameUI               - 玩家选择升级: 高速弹
21:21:57.611 [JavaFX Application Thread] DEBUG LoopRunner           - Pausing loop
21:22:00.018 [JavaFX Application Thread] DEBUG LoopRunner           - Resuming loop
21:22:00.679 [JavaFX Application Thread] DEBUG FXGLApplication      - Exiting FXGL
21:22:00.679 [JavaFX Application Thread] DEBUG LoopRunner           - Stopping loop
21:22:00.679 [JavaFX Application Thread] DEBUG SystemBundleService  - Saving FXGL system data
21:22:00.681 [JavaFX Application Thread] DEBUG FileSystemAccess     - Writing to: C:\Users\19559\IdeaProjects\RougeVolley\system\fxgl.bundle
21:22:00.682 [JavaFX Application Thread] DEBUG Async                - Shutting down background threads
21:22:00.682 [JavaFX Application Thread] DEBUG PrimaryStageWindow   - Closing main window
21:22:00.713 [JavaFX Application Thread] DEBUG Logger               - Closing Logger
