14:49:39.872 [main                     ] DEBUG Logger               - Configured Logger
14:49:39.889 [main                     ] DEBUG GameApplication      - Logging settings
Title: RougeVolley — 地牢探险
Version: 0.1.0
Width: 1280
Height: 720
Fullscreen: false
Intro: false
Profiling: false
Single step:false
App Mode: DEVELOPER
Menu Key: ESCAPE
Stage Style: DECORATED
Scene Factory: class com.almasb.fxgl.app.scene.SceneFactory

14:49:40.268 [JavaFX Application Thread] DEBUG FXGLApplication      - Initializing FXGL
14:49:40.270 [JavaFX Application Thread] INFO  Engine               - FXGL-21.1 (27.03.2024 07.52) on WINDOWS (J:21.0.8 FX:21)
14:49:40.271 [JavaFX Application Thread] DEBUG Engine               - JRE Vendor Name: Microsoft
14:49:40.271 [JavaFX Application Thread] DEBUG Engine               - Running on OS: Windows 11 version 10.0
14:49:40.271 [JavaFX Application Thread] DEBUG Engine               - Architecture: amd64
14:49:40.271 [JavaFX Application Thread] INFO  Engine               - Source code and latest versions at: https://github.com/AlmasB/FXGL
14:49:40.271 [JavaFX Application Thread] INFO  Engine               -       Ask questions and discuss at: https://github.com/AlmasB/FXGL/discussions
14:49:40.271 [JavaFX Application Thread] INFO  Engine               -              Join the FXGL chat at: https://gitter.im/AlmasB/FXGL
14:49:40.337 [JavaFX Application Thread] DEBUG PrimaryStageWindow   - Creating a JavaFX scene
14:49:40.367 [JavaFX Application Thread] DEBUG PrimaryStageWindow   - Target settings size: 1280.0 x 720.0
14:49:40.367 [JavaFX Application Thread] DEBUG PrimaryStageWindow   - Scaled scene size:    1280.0 x 720.0
14:49:40.367 [JavaFX Application Thread] DEBUG PrimaryStageWindow   - Scaled ratio: (1.0, 1.0)
14:49:40.368 [JavaFX Application Thread] DEBUG PrimaryStageWindow   - Set initial scene to FXGLStartupScene
14:49:40.370 [JavaFX Application Thread] DEBUG PrimaryStageWindow   - Opening main window
14:49:40.441 [JavaFX Application Thread] DEBUG PrimaryStageWindow   - Window border size: (14.6666259765625, 37.33331298828125)
14:49:40.441 [JavaFX Application Thread] DEBUG PrimaryStageWindow   - Scaled size: 1280.0 x 720.0
14:49:40.441 [JavaFX Application Thread] DEBUG PrimaryStageWindow   - Scaled ratio: (1.0, 1.0)
14:49:40.442 [JavaFX Application Thread] DEBUG PrimaryStageWindow   - Scene size: 1280.0 x 720.0
14:49:40.442 [JavaFX Application Thread] DEBUG PrimaryStageWindow   - Stage size: 1294.6666259765625 x 757.3333129882812
14:49:40.447 [FXGL Background Thread 1 ] DEBUG Engine               - Initializing environment variables
14:49:40.494 [FXGL Background Thread 1 ] DEBUG FXGLAssetLoaderServi - User app class for loading assets: class org.example.rougevolley.RougeVolleyFXGL
14:49:40.494 [FXGL Background Thread 1 ] DEBUG GameApplicationServi - Applying CSS: fxgl_dark.css
14:49:40.495 [FXGL Background Thread 1 ] DEBUG FXGLAssetLoaderServi - Loading from file system: jar:file:/C:/Users/19559/.m2/repository/com/github/almasb/fxgl/21.1/fxgl-21.1.jar!/fxglassets/ui/css/fxgl_dark.css
14:49:40.525 [FXGL Background Thread 1 ] DEBUG GameApplicationServi - Initializing application scenes
14:49:40.592 [FXGL Background Thread 1 ] DEBUG GameWorld            - Game world initialized
14:49:40.636 [FXGL Background Thread 1 ] DEBUG PhysicsWorld         - Physics world initialized: appHeight=720, physics.ppm=50.0
14:49:40.636 [FXGL Background Thread 1 ] DEBUG PhysicsWorld         - Using strategy: BRUTE_FORCE
14:49:40.639 [FXGL Background Thread 1 ] DEBUG GameScene            - Game scene initialized: 1280x720
14:49:40.639 [FXGL Background Thread 1 ] DEBUG GameApplicationServi - Application scenes initialized
14:49:40.650 [FXGL Background Thread 1 ] DEBUG SystemBundleService  - Loading FXGL system data
14:49:40.652 [FXGL Background Thread 1 ] DEBUG FileSystemAccess     - Reading from: C:\Users\19559\IdeaProjects\RougeVolley\system\fxgl.bundle
14:49:40.659 [FXGL Background Thread 1 ] DEBUG SystemBundleService  - Bundle FXGL: {}
14:49:40.659 [FXGL Background Thread 1 ] DEBUG UpdaterService       - Checking for updates
14:49:40.662 [FXGL Background Thread 4 ] DEBUG FXGLApplication      - Loading fonts
14:49:40.662 [FXGL Background Thread 4 ] DEBUG FXGLAssetLoaderServi - Loading from file system: jar:file:/C:/Users/19559/.m2/repository/com/github/almasb/fxgl/21.1/fxgl-21.1.jar!/fxglassets/ui/fonts/VarelaRound-Regular.ttf
14:49:40.663 [FXGL Background Thread 1 ] DEBUG FXGLApplication      - Loading default localization
14:49:40.663 [FXGL Background Thread 1 ] DEBUG FXGLAssetLoaderServi - Loading from file system: jar:file:/C:/Users/19559/.m2/repository/com/github/almasb/fxgl/21.1/fxgl-21.1.jar!/fxglassets/languages/english.lang
14:49:40.686 [FXGL Background Thread 4 ] DEBUG FXGLAssetLoaderServi - Loading from file system: jar:file:/C:/Users/19559/.m2/repository/com/github/almasb/fxgl/21.1/fxgl-21.1.jar!/fxglassets/ui/fonts/Abel-Regular.ttf
14:49:40.688 [FXGL Background Thread 4 ] DEBUG FXGLAssetLoaderServi - Loading from file system: jar:file:/C:/Users/19559/.m2/repository/com/github/almasb/fxgl/21.1/fxgl-21.1.jar!/fxglassets/ui/fonts/TerminalLandMono-Regular.otf
14:49:40.690 [FXGL Background Thread 4 ] DEBUG FXGLAssetLoaderServi - Loading from file system: jar:file:/C:/Users/19559/.m2/repository/com/github/almasb/fxgl/21.1/fxgl-21.1.jar!/fxglassets/ui/fonts/Courier-Prime.ttf
14:49:40.695 [JavaFX Application Thread] DEBUG FXGLApplication      - Registering font factories with UI factory
14:49:40.698 [FXGL Background Thread 1 ] INFO  FXGLApplication      - FXGL initialization took: 0.251 sec
14:49:40.706 [JavaFX Application Thread] DEBUG Input                - Registered new binding: Move Up - W
14:49:40.706 [JavaFX Application Thread] DEBUG Input                - Registered new binding: Move Up Arrow - Up
14:49:40.706 [JavaFX Application Thread] DEBUG Input                - Registered new binding: Move Down - S
14:49:40.706 [JavaFX Application Thread] DEBUG Input                - Registered new binding: Move Down Arrow - Down
14:49:40.706 [JavaFX Application Thread] DEBUG Input                - Registered new binding: Move Left - A
14:49:40.706 [JavaFX Application Thread] DEBUG Input                - Registered new binding: Move Left Arrow - Left
14:49:40.706 [JavaFX Application Thread] DEBUG Input                - Registered new binding: Move Right - D
14:49:40.706 [JavaFX Application Thread] DEBUG Input                - Registered new binding: Move Right Arrow - Right
14:49:40.708 [JavaFX Application Thread] DEBUG Input                - Registered new binding: Fire - LMB
14:49:40.708 [JavaFX Application Thread] DEBUG Input                - Registered new binding: Pause - Esc
14:49:40.708 [JavaFX Application Thread] DEBUG FXGLAssetLoaderServi - Loading from file system: jar:file:/C:/Users/19559/.m2/repository/com/github/almasb/fxgl/21.1/fxgl-21.1.jar!/fxglassets/textures/fxgl_icon.png
14:49:40.742 [JavaFX Application Thread] DEBUG FXGLAssetLoaderServi - Loading from file system: jar:file:/C:/Users/19559/.m2/repository/com/github/almasb/fxgl/21.1/fxgl-21.1.jar!/fxglassets/textures/fxgl_default_cursor.png
14:49:40.746 [JavaFX Application Thread] DEBUG Input                - Registered new binding: Screenshot - CTRL+8
14:49:40.747 [JavaFX Application Thread] DEBUG Input                - Registered new binding: System info dump - CTRL+9
14:49:40.747 [JavaFX Application Thread] DEBUG Input                - Registered new binding: Restart - CTRL+R
14:49:40.749 [JavaFX Application Thread] DEBUG Input                - Registered new binding: Toggle Debug Camera - CTRL+7
14:49:40.756 [JavaFX Application Thread] DEBUG LoopRunner           - Starting loop
14:49:40.756 [JavaFX Application Thread] DEBUG LoopRunner           - Initializing JavaFX AnimationTimerLoop
14:49:40.762 [JavaFX Application Thread] DEBUG GameApplicationServi - Starting new game
14:49:40.762 [JavaFX Application Thread] DEBUG Input                - Clearing active input actions
14:49:40.776 [JavaFX Application Thread] DEBUG GameApplicationServi - Removing overlay from FXGLStartupScene and adding to FXGLLoadingScene
14:49:40.777 [JavaFX Application Thread] DEBUG PrimaryStageWindow   - FXGLStartupScene -> FXGLLoadingScene
14:49:40.777 [JavaFX Application Thread] DEBUG GameApplicationServi - Clearing previous game
14:49:40.777 [JavaFX Application Thread] DEBUG GameScene            - Clearing game scene
14:49:40.777 [JavaFX Application Thread] DEBUG GameWorld            - Clearing game world
14:49:40.777 [JavaFX Application Thread] DEBUG PhysicsWorld         - Clearing physics world
14:49:40.779 [FXGL Background Thread 1 ] DEBUG FXGLApplication      - Initializing game
14:49:40.783 [FXGL Background Thread 1 ] INFO  RougeVolleyFXGL      - RougeVolley initializing... seed=6426739256005733816
14:49:40.820 [FXGL Background Thread 1 ] INFO  UpgradeManager       - 已加载 5 个升级选项
14:49:40.858 [FXGL Background Thread 1 ] INFO  RougeVolleyFXGL      - RougeVolley initialized. Waiting for player to start.
14:49:40.858 [FXGL Background Thread 1 ] DEBUG EventBus             - Firing event: javafx.event.Event[source=javafx.event.Event$$Lambda/0x0000024cdd17a430@69e5daef]
14:49:40.860 [FXGL Background Thread 1 ] INFO  FXGLApplication      - Game initialization took: 0.080 sec
14:49:40.898 [JavaFX Application Thread] DEBUG Input                - Clearing active input actions
14:49:40.917 [JavaFX Application Thread] DEBUG GameApplicationServi - Removing overlay from FXGLLoadingScene and adding to GameScene
14:49:40.917 [JavaFX Application Thread] DEBUG PrimaryStageWindow   - FXGLLoadingScene -> GameScene
14:49:43.663 [FXGL Background Thread 3 ] DEBUG Engine               - Logging environment variables
14:49:43.663 [FXGL Background Thread 3 ] DEBUG Engine               - achievements: []
14:49:43.663 [FXGL Background Thread 3 ] DEBUG Engine               - actualHeight: 720.0
14:49:43.663 [FXGL Background Thread 3 ] DEBUG Engine               - actualHeightProperty: ReadOnlyDoubleProperty [value: 720.0]
14:49:43.663 [FXGL Background Thread 3 ] DEBUG Engine               - actualWidth: 1280.0
14:49:43.663 [FXGL Background Thread 3 ] DEBUG Engine               - actualWidthProperty: ReadOnlyDoubleProperty [value: 1280.0]
14:49:43.663 [FXGL Background Thread 3 ] DEBUG Engine               - appIcon: fxgl_icon.png
14:49:43.663 [FXGL Background Thread 3 ] DEBUG Engine               - applicationMode: DEVELOPER
14:49:43.663 [FXGL Background Thread 3 ] DEBUG Engine               - cSSList: [fxgl_dark.css]
14:49:43.663 [FXGL Background Thread 3 ] DEBUG Engine               - collisionDetectionStrategy: BRUTE_FORCE
14:49:43.663 [FXGL Background Thread 3 ] DEBUG Engine               - configClass: Optional.empty
14:49:43.663 [FXGL Background Thread 3 ] DEBUG Engine               - credits: []
14:49:43.665 [FXGL Background Thread 3 ] DEBUG Engine               - defaultCursor: CursorInfo(imageName=fxgl_default_cursor.png, hotspotX=7.0, hotspotY=6.0)
14:49:43.665 [FXGL Background Thread 3 ] DEBUG Engine               - devBBoxColorProperty: ObjectProperty [value: 0xff0000ff]
14:49:43.665 [FXGL Background Thread 3 ] DEBUG Engine               - devEnableDebugCameraProperty: BooleanProperty [value: false]
14:49:43.665 [FXGL Background Thread 3 ] DEBUG Engine               - devSensorColorProperty: ObjectProperty [value: 0xffff00ff]
14:49:43.666 [FXGL Background Thread 3 ] DEBUG Engine               - devShowBBoxProperty: BooleanProperty [value: false]
14:49:43.666 [FXGL Background Thread 3 ] DEBUG Engine               - devShowPositionProperty: BooleanProperty [value: false]
14:49:43.666 [FXGL Background Thread 3 ] DEBUG Engine               - enabledMenuItems: []
14:49:43.666 [FXGL Background Thread 3 ] DEBUG Engine               - engineServices: [class com.almasb.fxgl.app.services.FXGLAssetLoaderService, class com.almasb.fxgl.app.FXGLApplication$GameApplicationService, class com.almasb.fxgl.app.services.FXGLDialogService, class com.almasb.fxgl.app.services.IOTaskExecutorService, class com.almasb.fxgl.io.FileSystemService, class com.almasb.fxgl.localization.LocalizationService, class com.almasb.fxgl.app.services.SystemBundleService, class com.almasb.fxgl.profile.SaveLoadService, class com.almasb.fxgl.ui.FXGLUIFactoryServiceProvider, class com.almasb.fxgl.ui.FXGLDialogFactoryServiceProvider, class com.almasb.fxgl.audio.AudioPlayer, class com.almasb.fxgl.notification.impl.NotificationServiceProvider, class com.almasb.fxgl.achievement.AchievementService, class com.almasb.fxgl.cutscene.CutsceneService, class com.almasb.fxgl.minigames.MiniGameService, class com.almasb.fxgl.net.NetService, class com.almasb.fxgl.app.services.UpdaterService, class com.almasb.fxgl.dev.DevService]
14:49:43.666 [FXGL Background Thread 3 ] DEBUG Engine               - fontGame: Abel-Regular.ttf
14:49:43.666 [FXGL Background Thread 3 ] DEBUG Engine               - fontMono: TerminalLandMono-Regular.otf
14:49:43.666 [FXGL Background Thread 3 ] DEBUG Engine               - fontSizeScaleUI: 1.0
14:49:43.666 [FXGL Background Thread 3 ] DEBUG Engine               - fontText: Courier-Prime.ttf
14:49:43.666 [FXGL Background Thread 3 ] DEBUG Engine               - fontUI: VarelaRound-Regular.ttf
14:49:43.666 [FXGL Background Thread 3 ] DEBUG Engine               - fullScreen: BooleanProperty [value: false]
14:49:43.666 [FXGL Background Thread 3 ] DEBUG Engine               - gameDifficulty: MEDIUM
14:49:43.666 [FXGL Background Thread 3 ] DEBUG Engine               - gameDifficultyProperty: ObjectProperty [value: MEDIUM]
14:49:43.666 [FXGL Background Thread 3 ] DEBUG Engine               - globalMusicVolume: 0.5
14:49:43.666 [FXGL Background Thread 3 ] DEBUG Engine               - globalMusicVolumeProperty: DoubleProperty [value: 0.5]
14:49:43.666 [FXGL Background Thread 3 ] DEBUG Engine               - globalSoundVolume: 0.5
14:49:43.666 [FXGL Background Thread 3 ] DEBUG Engine               - globalSoundVolumeProperty: DoubleProperty [value: 0.5]
14:49:43.666 [FXGL Background Thread 3 ] DEBUG Engine               - height: 720
14:49:43.666 [FXGL Background Thread 3 ] DEBUG Engine               - is3D: false
14:49:43.666 [FXGL Background Thread 3 ] DEBUG Engine               - isAndroid: false
14:49:43.666 [FXGL Background Thread 3 ] DEBUG Engine               - isBrowser: false
14:49:43.666 [FXGL Background Thread 3 ] DEBUG Engine               - isClickFeedbackEnabled: false
14:49:43.666 [FXGL Background Thread 3 ] DEBUG Engine               - isCloseConfirmation: false
14:49:43.666 [FXGL Background Thread 3 ] DEBUG Engine               - isDesktop: true
14:49:43.666 [FXGL Background Thread 3 ] DEBUG Engine               - isDeveloperMenuEnabled: false
14:49:43.666 [FXGL Background Thread 3 ] DEBUG Engine               - isEmbedded: false
14:49:43.666 [FXGL Background Thread 3 ] DEBUG Engine               - isEntityPreloadEnabled: true
14:49:43.666 [FXGL Background Thread 3 ] DEBUG Engine               - isExperimentalTiledLargeMap: false
14:49:43.666 [FXGL Background Thread 3 ] DEBUG Engine               - isFileSystemWriteAllowed: true
14:49:43.666 [FXGL Background Thread 3 ] DEBUG Engine               - isFullScreenAllowed: false
14:49:43.666 [FXGL Background Thread 3 ] DEBUG Engine               - isFullScreenFromStart: false
14:49:43.666 [FXGL Background Thread 3 ] DEBUG Engine               - isGameMenuEnabled: false
14:49:43.666 [FXGL Background Thread 3 ] DEBUG Engine               - isIOS: false
14:49:43.666 [FXGL Background Thread 3 ] DEBUG Engine               - isIntroEnabled: false
14:49:43.666 [FXGL Background Thread 3 ] DEBUG Engine               - isLinux: false
14:49:43.666 [FXGL Background Thread 3 ] DEBUG Engine               - isMac: false
14:49:43.666 [FXGL Background Thread 3 ] DEBUG Engine               - isMainMenuEnabled: false
14:49:43.666 [FXGL Background Thread 3 ] DEBUG Engine               - isManualResizeEnabled: false
14:49:43.666 [FXGL Background Thread 3 ] DEBUG Engine               - isMobile: false
14:49:43.666 [FXGL Background Thread 3 ] DEBUG Engine               - isNative: false
14:49:43.666 [FXGL Background Thread 3 ] DEBUG Engine               - isPauseMusicWhenMinimized: true
14:49:43.666 [FXGL Background Thread 3 ] DEBUG Engine               - isPreserveResizeRatio: true
14:49:43.667 [FXGL Background Thread 3 ] DEBUG Engine               - isProfilingEnabled: false
14:49:43.667 [FXGL Background Thread 3 ] DEBUG Engine               - isScaleAffectedOnResize: true
14:49:43.667 [FXGL Background Thread 3 ] DEBUG Engine               - isSingleStep: false
14:49:43.667 [FXGL Background Thread 3 ] DEBUG Engine               - isUserProfileEnabled: false
14:49:43.667 [FXGL Background Thread 3 ] DEBUG Engine               - isWindows: true
14:49:43.667 [FXGL Background Thread 3 ] DEBUG Engine               - language: ObjectProperty [value: ENGLISH]
14:49:43.667 [FXGL Background Thread 3 ] DEBUG Engine               - menuKey: ESCAPE
14:49:43.667 [FXGL Background Thread 3 ] DEBUG Engine               - mouseSensitivity: 0.2
14:49:43.667 [FXGL Background Thread 3 ] DEBUG Engine               - notificationViewClass: class com.almasb.fxgl.notification.view.XboxNotificationView
14:49:43.667 [FXGL Background Thread 3 ] DEBUG Engine               - pixelsPerMeter: 50.0
14:49:43.667 [FXGL Background Thread 3 ] DEBUG Engine               - platform: WINDOWS
14:49:43.667 [FXGL Background Thread 3 ] DEBUG Engine               - prefHeightProperty: ReadOnlyDoubleProperty [value: 720.0]
14:49:43.667 [FXGL Background Thread 3 ] DEBUG Engine               - prefWidthProperty: ReadOnlyDoubleProperty [value: 1280.0]
14:49:43.667 [FXGL Background Thread 3 ] DEBUG Engine               - profileDir: profiles/
14:49:43.667 [FXGL Background Thread 3 ] DEBUG Engine               - profileName: StringProperty [value: DEFAULT]
14:49:43.667 [FXGL Background Thread 3 ] DEBUG Engine               - randomSeed: -1
14:49:43.667 [FXGL Background Thread 3 ] DEBUG Engine               - runtimeInfo: RuntimeInfo(platform=WINDOWS, version=21.1, build=27.03.2024 07.52)
14:49:43.667 [FXGL Background Thread 3 ] DEBUG Engine               - saveFileExt: sav
14:49:43.667 [FXGL Background Thread 3 ] DEBUG Engine               - scaledHeightProp$fxgl: DoubleProperty [bound, value: 720.0]
14:49:43.667 [FXGL Background Thread 3 ] DEBUG Engine               - scaledWidthProp$fxgl: DoubleProperty [bound, value: 1280.0]
14:49:43.667 [FXGL Background Thread 3 ] DEBUG Engine               - sceneFactory: com.almasb.fxgl.app.scene.SceneFactory@114bf6e2
14:49:43.667 [FXGL Background Thread 3 ] DEBUG Engine               - secondsIn24h: 60
14:49:43.667 [FXGL Background Thread 3 ] DEBUG Engine               - soundMenuBack: menu/back.wav
14:49:43.667 [FXGL Background Thread 3 ] DEBUG Engine               - soundMenuPress: menu/press.wav
14:49:43.667 [FXGL Background Thread 3 ] DEBUG Engine               - soundMenuSelect: menu/select.wav
14:49:43.667 [FXGL Background Thread 3 ] DEBUG Engine               - soundNotification: core/notification.wav
14:49:43.667 [FXGL Background Thread 3 ] DEBUG Engine               - stageStyle: DECORATED
14:49:43.667 [FXGL Background Thread 3 ] DEBUG Engine               - supportedLanguages: [ENGLISH, FRENCH, GERMAN, HUNGARIAN, RUSSIAN]
14:49:43.667 [FXGL Background Thread 3 ] DEBUG Engine               - ticksPerSecond: -1
14:49:43.667 [FXGL Background Thread 3 ] DEBUG Engine               - title: RougeVolley — 地牢探险
14:49:43.667 [FXGL Background Thread 3 ] DEBUG Engine               - urlGithub: https://github.com/AlmasB/FXGL
14:49:43.667 [FXGL Background Thread 3 ] DEBUG Engine               - urlLeaderboard: http://fxgl-top.herokuapp.com/
14:49:43.667 [FXGL Background Thread 3 ] DEBUG Engine               - urlPOM: https://raw.githubusercontent.com/AlmasB/FXGL/release/README.md
14:49:43.667 [FXGL Background Thread 3 ] DEBUG Engine               - userAppClass: class org.example.rougevolley.RougeVolleyFXGL
14:49:43.667 [FXGL Background Thread 3 ] DEBUG Engine               - version: 0.1.0
14:49:43.667 [FXGL Background Thread 3 ] DEBUG Engine               - versionCheckDays: 7
14:49:43.667 [FXGL Background Thread 3 ] DEBUG Engine               - width: 1280
14:49:43.667 [FXGL Background Thread 3 ] DEBUG Engine               - Logging services
14:49:43.667 [FXGL Background Thread 3 ] DEBUG Engine               - class com.almasb.fxgl.app.services.FXGLAssetLoaderService
14:49:43.667 [FXGL Background Thread 3 ] DEBUG Engine               - class com.almasb.fxgl.app.FXGLApplication$GameApplicationService
14:49:43.667 [FXGL Background Thread 3 ] DEBUG Engine               - class com.almasb.fxgl.app.services.FXGLDialogService
14:49:43.667 [FXGL Background Thread 3 ] DEBUG Engine               - class com.almasb.fxgl.app.services.IOTaskExecutorService
14:49:43.667 [FXGL Background Thread 3 ] DEBUG Engine               - class com.almasb.fxgl.io.FileSystemService
14:49:43.667 [FXGL Background Thread 3 ] DEBUG Engine               - class com.almasb.fxgl.localization.LocalizationService
14:49:43.667 [FXGL Background Thread 3 ] DEBUG Engine               - class com.almasb.fxgl.app.services.SystemBundleService
14:49:43.667 [FXGL Background Thread 3 ] DEBUG Engine               - class com.almasb.fxgl.profile.SaveLoadService
14:49:43.667 [FXGL Background Thread 3 ] DEBUG Engine               - class com.almasb.fxgl.ui.FXGLUIFactoryServiceProvider
14:49:43.667 [FXGL Background Thread 3 ] DEBUG Engine               - class com.almasb.fxgl.ui.FXGLDialogFactoryServiceProvider
14:49:43.667 [FXGL Background Thread 3 ] DEBUG Engine               - class com.almasb.fxgl.audio.AudioPlayer
14:49:43.667 [FXGL Background Thread 3 ] DEBUG Engine               - class com.almasb.fxgl.notification.impl.NotificationServiceProvider
14:49:43.667 [FXGL Background Thread 3 ] DEBUG Engine               - class com.almasb.fxgl.achievement.AchievementService
14:49:43.667 [FXGL Background Thread 3 ] DEBUG Engine               - class com.almasb.fxgl.cutscene.CutsceneService
14:49:43.668 [FXGL Background Thread 3 ] DEBUG Engine               - class com.almasb.fxgl.minigames.MiniGameService
14:49:43.668 [FXGL Background Thread 3 ] DEBUG Engine               - class com.almasb.fxgl.net.NetService
14:49:43.668 [FXGL Background Thread 3 ] DEBUG Engine               - class com.almasb.fxgl.app.services.UpdaterService
14:49:43.668 [FXGL Background Thread 3 ] DEBUG Engine               - class com.almasb.fxgl.dev.DevService
14:49:45.249 [JavaFX Application Thread] INFO  UpgradeManager       - 已加载 5 个升级选项
14:49:45.249 [JavaFX Application Thread] DEBUG EventBus             - Firing event: javafx.event.Event[source=javafx.event.Event$$Lambda/0x0000024cdd17a430@69e5daef]
14:49:45.259 [JavaFX Application Thread] DEBUG LoopRunner           - Stopping loop
14:49:45.260 [JavaFX Application Thread] FATAL FXGLApplication      - Uncaught Exception:
java.lang.NumberFormatException: For input string: "N"
	at java.base/java.lang.NumberFormatException.forInputString(NumberFormatException.java:67)
	at java.base/java.lang.Integer.parseInt(Integer.java:662)
	at java.base/java.lang.Integer.parseInt(Integer.java:778)
	at org.example.rougevolley.dungeon.DungeonGenerator.ensureConnectivity(DungeonGenerator.java:115)
	at org.example.rougevolley.dungeon.DungeonGenerator.generate(DungeonGenerator.java:79)
	at org.example.rougevolley.RougeVolleyFXGL.startNewGame(RougeVolleyFXGL.java:291)
	at org.example.rougevolley.ui.GameUI.handleStartClick(GameUI.java:434)
	at org.example.rougevolley.ui.MenuFactory.lambda$createMenuButton$0(MenuFactory.java:94)
	at com.sun.javafx.event.CompositeEventHandler.dispatchBubblingEvent(CompositeEventHandler.java:86)
	at com.sun.javafx.event.EventHandlerManager.dispatchBubblingEvent(EventHandlerManager.java:232)
	at com.sun.javafx.event.EventHandlerManager.dispatchBubblingEvent(EventHandlerManager.java:189)
	at com.sun.javafx.event.CompositeEventDispatcher.dispatchBubblingEvent(CompositeEventDispatcher.java:59)
	at com.sun.javafx.event.BasicEventDispatcher.dispatchEvent(BasicEventDispatcher.java:58)
	at com.sun.javafx.event.EventDispatchChainImpl.dispatchEvent(EventDispatchChainImpl.java:114)
	at com.sun.javafx.event.BasicEventDispatcher.dispatchEvent(BasicEventDispatcher.java:56)
	at com.sun.javafx.event.EventDispatchChainImpl.dispatchEvent(EventDispatchChainImpl.java:114)
	at com.sun.javafx.event.BasicEventDispatcher.dispatchEvent(BasicEventDispatcher.java:56)
	at com.sun.javafx.event.EventDispatchChainImpl.dispatchEvent(EventDispatchChainImpl.java:114)
	at com.sun.javafx.event.EventUtil.fireEventImpl(EventUtil.java:74)
	at com.sun.javafx.event.EventUtil.fireEvent(EventUtil.java:49)
	at javafx.event.Event.fireEvent(Event.java:198)
	at javafx.scene.Node.fireEvent(Node.java:8875)
	at javafx.scene.control.Button.fire(Button.java:203)
	at com.sun.javafx.scene.control.behavior.ButtonBehavior.mouseReleased(ButtonBehavior.java:207)
	at com.sun.javafx.scene.control.inputmap.InputMap.handle(InputMap.java:274)
	at com.sun.javafx.event.CompositeEventHandler$NormalEventHandlerRecord.handleBubblingEvent(CompositeEventHandler.java:247)
	at com.sun.javafx.event.CompositeEventHandler.dispatchBubblingEvent(CompositeEventHandler.java:80)
	at com.sun.javafx.event.EventHandlerManager.dispatchBubblingEvent(EventHandlerManager.java:232)
	at com.sun.javafx.event.EventHandlerManager.dispatchBubblingEvent(EventHandlerManager.java:189)
	at com.sun.javafx.event.CompositeEventDispatcher.dispatchBubblingEvent(CompositeEventDispatcher.java:59)
	at com.sun.javafx.event.BasicEventDispatcher.dispatchEvent(BasicEventDispatcher.java:58)
	at com.sun.javafx.event.EventDispatchChainImpl.dispatchEvent(EventDispatchChainImpl.java:114)
	at com.sun.javafx.event.BasicEventDispatcher.dispatchEvent(BasicEventDispatcher.java:56)
	at com.sun.javafx.event.EventDispatchChainImpl.dispatchEvent(EventDispatchChainImpl.java:114)
	at com.sun.javafx.event.BasicEventDispatcher.dispatchEvent(BasicEventDispatcher.java:56)
	at com.sun.javafx.event.EventDispatchChainImpl.dispatchEvent(EventDispatchChainImpl.java:114)
	at com.sun.javafx.event.EventUtil.fireEventImpl(EventUtil.java:74)
	at com.sun.javafx.event.EventUtil.fireEvent(EventUtil.java:54)
	at javafx.event.Event.fireEvent(Event.java:198)
	at javafx.scene.Scene$MouseHandler.process(Scene.java:3984)
	at javafx.scene.Scene.processMouseEvent(Scene.java:1890)
	at javafx.scene.Scene$ScenePeerListener.mouseEvent(Scene.java:2708)
	at com.sun.javafx.tk.quantum.GlassViewEventHandler$MouseEventNotification.run(GlassViewEventHandler.java:411)
	at com.sun.javafx.tk.quantum.GlassViewEventHandler$MouseEventNotification.run(GlassViewEventHandler.java:301)
	at java.base/java.security.AccessController.doPrivileged(AccessController.java:400)
	at com.sun.javafx.tk.quantum.GlassViewEventHandler.lambda$handleMouseEvent$2(GlassViewEventHandler.java:450)
	at com.sun.javafx.tk.quantum.QuantumToolkit.runWithoutRenderLock(QuantumToolkit.java:424)
	at com.sun.javafx.tk.quantum.GlassViewEventHandler.handleMouseEvent(GlassViewEventHandler.java:449)
	at com.sun.glass.ui.View.handleMouseEvent(View.java:551)
	at com.sun.glass.ui.View.notifyMouse(View.java:937)
	at com.sun.glass.ui.win.WinApplication._runLoop(Native Method)
	at com.sun.glass.ui.win.WinApplication.lambda$runLoop$3(WinApplication.java:185)
	at java.base/java.lang.Thread.run(Thread.java:1583)

14:49:45.260 [JavaFX Application Thread] FATAL FXGLApplication      - Application will now exit
14:49:45.274 [JavaFX Application Thread] DEBUG PrimaryStageWindow   - Push state: ErrorSubScene
14:49:45.276 [JavaFX Application Thread] DEBUG Input                - Clearing active input actions
14:49:45.278 [JavaFX Application Thread] DEBUG GameApplicationServi - Removing overlay from GameScene and adding to ErrorSubScene
14:49:45.278 [JavaFX Application Thread] DEBUG PrimaryStageWindow   - GameScene -> ErrorSubScene
14:49:59.105 [FXGL Background Thread 2 ] INFO  UpdaterService       - Your current version:  21.1
14:49:59.106 [FXGL Background Thread 2 ] INFO  UpdaterService       - Latest stable version: 25
14:50:12.837 [JavaFX Application Thread] DEBUG FXGLApplication      - Exiting FXGL
14:50:12.838 [JavaFX Application Thread] DEBUG Async                - Shutting down background threads
14:50:12.838 [JavaFX Application Thread] DEBUG PrimaryStageWindow   - Closing main window
14:50:12.881 [JavaFX Application Thread] DEBUG Logger               - Closing Logger
