22:08:15.814 [main                     ] DEBUG Logger               - Configured Logger
22:08:15.828 [main                     ] DEBUG GameApplication      - Logging settings
Title: RougeVolley — 地牢探险
Version: 0.1.0
Width: 1280
Height: 720
Fullscreen: false
Intro: false
Profiling: false
Single step:false
App Mode: DEVELOPER
Menu Key: ESCAPE
Stage Style: DECORATED
Scene Factory: class com.almasb.fxgl.app.scene.SceneFactory

22:08:16.323 [JavaFX Application Thread] DEBUG FXGLApplication      - Initializing FXGL
22:08:16.326 [JavaFX Application Thread] INFO  Engine               - FXGL-21.1 (27.03.2024 07.52) on WINDOWS (J:21.0.2 FX:21)
22:08:16.326 [JavaFX Application Thread] DEBUG Engine               - JRE Vendor Name: Oracle Corporation
22:08:16.326 [JavaFX Application Thread] DEBUG Engine               - Running on OS: Windows 11 version 10.0
22:08:16.326 [JavaFX Application Thread] DEBUG Engine               - Architecture: amd64
22:08:16.326 [JavaFX Application Thread] INFO  Engine               - Source code and latest versions at: https://github.com/AlmasB/FXGL
22:08:16.326 [JavaFX Application Thread] INFO  Engine               -       Ask questions and discuss at: https://github.com/AlmasB/FXGL/discussions
22:08:16.327 [JavaFX Application Thread] INFO  Engine               -              Join the FXGL chat at: https://gitter.im/AlmasB/FXGL
22:08:16.411 [JavaFX Application Thread] DEBUG PrimaryStageWindow   - Creating a JavaFX scene
22:08:16.463 [JavaFX Application Thread] DEBUG PrimaryStageWindow   - Target settings size: 1280.0 x 720.0
22:08:16.464 [JavaFX Application Thread] DEBUG PrimaryStageWindow   - Scaled scene size:    1280.0 x 720.0
22:08:16.464 [JavaFX Application Thread] DEBUG PrimaryStageWindow   - Scaled ratio: (1.0, 1.0)
22:08:16.464 [JavaFX Application Thread] DEBUG PrimaryStageWindow   - Set initial scene to FXGLStartupScene
22:08:16.468 [JavaFX Application Thread] DEBUG PrimaryStageWindow   - Opening main window
22:08:16.527 [JavaFX Application Thread] DEBUG PrimaryStageWindow   - Window border size: (14.6666259765625, 37.33331298828125)
22:08:16.527 [JavaFX Application Thread] DEBUG PrimaryStageWindow   - Scaled size: 1280.0 x 720.0
22:08:16.527 [JavaFX Application Thread] DEBUG PrimaryStageWindow   - Scaled ratio: (1.0, 1.0)
22:08:16.528 [JavaFX Application Thread] DEBUG PrimaryStageWindow   - Scene size: 1280.0 x 720.0
22:08:16.528 [JavaFX Application Thread] DEBUG PrimaryStageWindow   - Stage size: 1294.6666259765625 x 757.3333129882812
22:08:16.534 [FXGL Background Thread 1 ] DEBUG Engine               - Initializing environment variables
22:08:16.569 [FXGL Background Thread 1 ] DEBUG FXGLAssetLoaderServi - User app class for loading assets: class org.example.rougevolley.RougeVolleyFXGL
22:08:16.571 [FXGL Background Thread 1 ] DEBUG GameApplicationServi - Applying CSS: fxgl_dark.css
22:08:16.571 [FXGL Background Thread 1 ] DEBUG FXGLAssetLoaderServi - Loading from file system: jar:file:/C:/Users/123/.m2/repository/com/github/almasb/fxgl/21.1/fxgl-21.1.jar!/fxglassets/ui/css/fxgl_dark.css
22:08:16.596 [FXGL Background Thread 1 ] DEBUG GameApplicationServi - Initializing application scenes
22:08:16.664 [FXGL Background Thread 1 ] DEBUG GameWorld            - Game world initialized
22:08:16.700 [FXGL Background Thread 1 ] DEBUG PhysicsWorld         - Physics world initialized: appHeight=720, physics.ppm=50.0
22:08:16.700 [FXGL Background Thread 1 ] DEBUG PhysicsWorld         - Using strategy: BRUTE_FORCE
22:08:16.703 [FXGL Background Thread 1 ] DEBUG GameScene            - Game scene initialized: 1280x720
22:08:16.703 [FXGL Background Thread 1 ] DEBUG GameApplicationServi - Application scenes initialized
22:08:16.714 [FXGL Background Thread 1 ] DEBUG SystemBundleService  - Loading FXGL system data
22:08:16.719 [FXGL Background Thread 1 ] DEBUG FileSystemAccess     - Reading from: C:\Users\123\IdeaProjects\RougeVolley\system\fxgl.bundle
22:08:16.727 [FXGL Background Thread 1 ] DEBUG SystemBundleService  - Bundle FXGL: {}
22:08:16.727 [FXGL Background Thread 1 ] DEBUG UpdaterService       - Checking for updates
22:08:16.730 [FXGL Background Thread 4 ] DEBUG FXGLApplication      - Loading fonts
22:08:16.730 [FXGL Background Thread 4 ] DEBUG FXGLAssetLoaderServi - Loading from file system: jar:file:/C:/Users/123/.m2/repository/com/github/almasb/fxgl/21.1/fxgl-21.1.jar!/fxglassets/ui/fonts/VarelaRound-Regular.ttf
22:08:16.731 [FXGL Background Thread 1 ] DEBUG FXGLApplication      - Loading default localization
22:08:16.731 [FXGL Background Thread 1 ] DEBUG FXGLAssetLoaderServi - Loading from file system: jar:file:/C:/Users/123/.m2/repository/com/github/almasb/fxgl/21.1/fxgl-21.1.jar!/fxglassets/languages/english.lang
22:08:16.762 [FXGL Background Thread 4 ] DEBUG FXGLAssetLoaderServi - Loading from file system: jar:file:/C:/Users/123/.m2/repository/com/github/almasb/fxgl/21.1/fxgl-21.1.jar!/fxglassets/ui/fonts/Abel-Regular.ttf
22:08:16.765 [FXGL Background Thread 1 ] INFO  FXGLApplication      - FXGL initialization took: 0.231 sec
22:08:16.769 [JavaFX Application Thread] DEBUG Input                - Registered new binding: Move Up - W
22:08:16.770 [JavaFX Application Thread] DEBUG Input                - Registered new binding: Move Up Arrow - Up
22:08:16.770 [JavaFX Application Thread] DEBUG Input                - Registered new binding: Move Down - S
22:08:16.770 [JavaFX Application Thread] DEBUG Input                - Registered new binding: Move Down Arrow - Down
22:08:16.770 [JavaFX Application Thread] DEBUG Input                - Registered new binding: Move Left - A
22:08:16.770 [JavaFX Application Thread] DEBUG Input                - Registered new binding: Move Left Arrow - Left
22:08:16.770 [JavaFX Application Thread] DEBUG Input                - Registered new binding: Move Right - D
22:08:16.770 [JavaFX Application Thread] DEBUG Input                - Registered new binding: Move Right Arrow - Right
22:08:16.771 [FXGL Background Thread 4 ] DEBUG FXGLAssetLoaderServi - Loading from file system: jar:file:/C:/Users/123/.m2/repository/com/github/almasb/fxgl/21.1/fxgl-21.1.jar!/fxglassets/ui/fonts/TerminalLandMono-Regular.otf
22:08:16.772 [JavaFX Application Thread] DEBUG Input                - Registered new binding: Fire - LMB
22:08:16.772 [JavaFX Application Thread] DEBUG FXGLAssetLoaderServi - Loading from file system: jar:file:/C:/Users/123/.m2/repository/com/github/almasb/fxgl/21.1/fxgl-21.1.jar!/fxglassets/textures/fxgl_icon.png
22:08:16.780 [FXGL Background Thread 4 ] DEBUG FXGLAssetLoaderServi - Loading from file system: jar:file:/C:/Users/123/.m2/repository/com/github/almasb/fxgl/21.1/fxgl-21.1.jar!/fxglassets/ui/fonts/Courier-Prime.ttf
22:08:16.801 [JavaFX Application Thread] DEBUG FXGLAssetLoaderServi - Loading from file system: jar:file:/C:/Users/123/.m2/repository/com/github/almasb/fxgl/21.1/fxgl-21.1.jar!/fxglassets/textures/fxgl_default_cursor.png
22:08:16.804 [JavaFX Application Thread] DEBUG Input                - Registered new binding: Screenshot - CTRL+8
22:08:16.805 [JavaFX Application Thread] DEBUG Input                - Registered new binding: System info dump - CTRL+9
22:08:16.806 [JavaFX Application Thread] DEBUG Input                - Registered new binding: Restart - CTRL+R
22:08:16.807 [JavaFX Application Thread] DEBUG Input                - Registered new binding: Toggle Debug Camera - CTRL+7
22:08:16.811 [JavaFX Application Thread] DEBUG LoopRunner           - Starting loop
22:08:16.811 [JavaFX Application Thread] DEBUG LoopRunner           - Initializing JavaFX AnimationTimerLoop
22:08:16.812 [JavaFX Application Thread] DEBUG GameApplicationServi - Starting new game
22:08:16.812 [JavaFX Application Thread] DEBUG Input                - Clearing active input actions
22:08:16.825 [JavaFX Application Thread] DEBUG GameApplicationServi - Removing overlay from FXGLStartupScene and adding to FXGLLoadingScene
22:08:16.826 [JavaFX Application Thread] DEBUG PrimaryStageWindow   - FXGLStartupScene -> FXGLLoadingScene
22:08:16.826 [JavaFX Application Thread] DEBUG GameApplicationServi - Clearing previous game
22:08:16.826 [JavaFX Application Thread] DEBUG GameScene            - Clearing game scene
22:08:16.826 [JavaFX Application Thread] DEBUG GameWorld            - Clearing game world
22:08:16.826 [JavaFX Application Thread] DEBUG PhysicsWorld         - Clearing physics world
22:08:16.827 [JavaFX Application Thread] DEBUG FXGLApplication      - Registering font factories with UI factory
22:08:16.827 [FXGL Background Thread 4 ] DEBUG FXGLApplication      - Initializing game
22:08:16.829 [FXGL Background Thread 4 ] INFO  RougeVolleyFXGL      - RougeVolley initializing... seed=4209073469216710021
22:08:16.846 [FXGL Background Thread 4 ] INFO  RougeVolleyFXGL      - Spawned 8 test enemies
22:08:16.848 [FXGL Background Thread 4 ] INFO  RougeVolleyFXGL      - RougeVolley initialized. Player at (1500.0, 1500.0)
22:08:16.848 [FXGL Background Thread 4 ] INFO  FXGLApplication      - Game initialization took: 0.021 sec
22:08:16.884 [JavaFX Application Thread] DEBUG Input                - Clearing active input actions
22:08:16.887 [JavaFX Application Thread] DEBUG GameApplicationServi - Removing overlay from FXGLLoadingScene and adding to GameScene
22:08:16.887 [JavaFX Application Thread] DEBUG PrimaryStageWindow   - FXGLLoadingScene -> GameScene
22:08:17.138 [FXGL Background Thread 2 ] WARN  UpdaterService       - Failed to find updates: javax.net.ssl.SSLHandshakeException: PKIX path building failed: sun.security.provider.certpath.SunCertPathBuilderException: unable to find valid certification path to requested target
22:08:19.731 [FXGL Background Thread 3 ] DEBUG Engine               - Logging environment variables
22:08:19.731 [FXGL Background Thread 3 ] DEBUG Engine               - achievements: []
22:08:19.731 [FXGL Background Thread 3 ] DEBUG Engine               - actualHeight: 720.0
22:08:19.731 [FXGL Background Thread 3 ] DEBUG Engine               - actualHeightProperty: ReadOnlyDoubleProperty [value: 720.0]
22:08:19.731 [FXGL Background Thread 3 ] DEBUG Engine               - actualWidth: 1280.0
22:08:19.731 [FXGL Background Thread 3 ] DEBUG Engine               - actualWidthProperty: ReadOnlyDoubleProperty [value: 1280.0]
22:08:19.731 [FXGL Background Thread 3 ] DEBUG Engine               - appIcon: fxgl_icon.png
22:08:19.731 [FXGL Background Thread 3 ] DEBUG Engine               - applicationMode: DEVELOPER
22:08:19.731 [FXGL Background Thread 3 ] DEBUG Engine               - cSSList: [fxgl_dark.css]
22:08:19.731 [FXGL Background Thread 3 ] DEBUG Engine               - collisionDetectionStrategy: BRUTE_FORCE
22:08:19.731 [FXGL Background Thread 3 ] DEBUG Engine               - configClass: Optional.empty
22:08:19.731 [FXGL Background Thread 3 ] DEBUG Engine               - credits: []
22:08:19.732 [FXGL Background Thread 3 ] DEBUG Engine               - defaultCursor: CursorInfo(imageName=fxgl_default_cursor.png, hotspotX=7.0, hotspotY=6.0)
22:08:19.733 [FXGL Background Thread 3 ] DEBUG Engine               - devBBoxColorProperty: ObjectProperty [value: 0xff0000ff]
22:08:19.733 [FXGL Background Thread 3 ] DEBUG Engine               - devEnableDebugCameraProperty: BooleanProperty [value: false]
22:08:19.733 [FXGL Background Thread 3 ] DEBUG Engine               - devSensorColorProperty: ObjectProperty [value: 0xffff00ff]
22:08:19.733 [FXGL Background Thread 3 ] DEBUG Engine               - devShowBBoxProperty: BooleanProperty [value: false]
22:08:19.733 [FXGL Background Thread 3 ] DEBUG Engine               - devShowPositionProperty: BooleanProperty [value: false]
22:08:19.733 [FXGL Background Thread 3 ] DEBUG Engine               - enabledMenuItems: []
22:08:19.733 [FXGL Background Thread 3 ] DEBUG Engine               - engineServices: [class com.almasb.fxgl.app.services.FXGLAssetLoaderService, class com.almasb.fxgl.app.FXGLApplication$GameApplicationService, class com.almasb.fxgl.app.services.FXGLDialogService, class com.almasb.fxgl.app.services.IOTaskExecutorService, class com.almasb.fxgl.io.FileSystemService, class com.almasb.fxgl.localization.LocalizationService, class com.almasb.fxgl.app.services.SystemBundleService, class com.almasb.fxgl.profile.SaveLoadService, class com.almasb.fxgl.ui.FXGLUIFactoryServiceProvider, class com.almasb.fxgl.ui.FXGLDialogFactoryServiceProvider, class com.almasb.fxgl.audio.AudioPlayer, class com.almasb.fxgl.notification.impl.NotificationServiceProvider, class com.almasb.fxgl.achievement.AchievementService, class com.almasb.fxgl.cutscene.CutsceneService, class com.almasb.fxgl.minigames.MiniGameService, class com.almasb.fxgl.net.NetService, class com.almasb.fxgl.app.services.UpdaterService, class com.almasb.fxgl.dev.DevService]
22:08:19.733 [FXGL Background Thread 3 ] DEBUG Engine               - fontGame: Abel-Regular.ttf
22:08:19.733 [FXGL Background Thread 3 ] DEBUG Engine               - fontMono: TerminalLandMono-Regular.otf
22:08:19.733 [FXGL Background Thread 3 ] DEBUG Engine               - fontSizeScaleUI: 1.0
22:08:19.733 [FXGL Background Thread 3 ] DEBUG Engine               - fontText: Courier-Prime.ttf
22:08:19.733 [FXGL Background Thread 3 ] DEBUG Engine               - fontUI: VarelaRound-Regular.ttf
22:08:19.733 [FXGL Background Thread 3 ] DEBUG Engine               - fullScreen: BooleanProperty [value: false]
22:08:19.733 [FXGL Background Thread 3 ] DEBUG Engine               - gameDifficulty: MEDIUM
22:08:19.733 [FXGL Background Thread 3 ] DEBUG Engine               - gameDifficultyProperty: ObjectProperty [value: MEDIUM]
22:08:19.733 [FXGL Background Thread 3 ] DEBUG Engine               - globalMusicVolume: 0.5
22:08:19.733 [FXGL Background Thread 3 ] DEBUG Engine               - globalMusicVolumeProperty: DoubleProperty [value: 0.5]
22:08:19.733 [FXGL Background Thread 3 ] DEBUG Engine               - globalSoundVolume: 0.5
22:08:19.733 [FXGL Background Thread 3 ] DEBUG Engine               - globalSoundVolumeProperty: DoubleProperty [value: 0.5]
22:08:19.733 [FXGL Background Thread 3 ] DEBUG Engine               - height: 720
22:08:19.733 [FXGL Background Thread 3 ] DEBUG Engine               - is3D: false
22:08:19.733 [FXGL Background Thread 3 ] DEBUG Engine               - isAndroid: false
22:08:19.733 [FXGL Background Thread 3 ] DEBUG Engine               - isBrowser: false
22:08:19.733 [FXGL Background Thread 3 ] DEBUG Engine               - isClickFeedbackEnabled: false
22:08:19.733 [FXGL Background Thread 3 ] DEBUG Engine               - isCloseConfirmation: false
22:08:19.733 [FXGL Background Thread 3 ] DEBUG Engine               - isDesktop: true
22:08:19.733 [FXGL Background Thread 3 ] DEBUG Engine               - isDeveloperMenuEnabled: false
22:08:19.733 [FXGL Background Thread 3 ] DEBUG Engine               - isEmbedded: false
22:08:19.733 [FXGL Background Thread 3 ] DEBUG Engine               - isEntityPreloadEnabled: true
22:08:19.733 [FXGL Background Thread 3 ] DEBUG Engine               - isExperimentalTiledLargeMap: false
22:08:19.733 [FXGL Background Thread 3 ] DEBUG Engine               - isFileSystemWriteAllowed: true
22:08:19.733 [FXGL Background Thread 3 ] DEBUG Engine               - isFullScreenAllowed: false
22:08:19.733 [FXGL Background Thread 3 ] DEBUG Engine               - isFullScreenFromStart: false
22:08:19.733 [FXGL Background Thread 3 ] DEBUG Engine               - isGameMenuEnabled: false
22:08:19.733 [FXGL Background Thread 3 ] DEBUG Engine               - isIOS: false
22:08:19.733 [FXGL Background Thread 3 ] DEBUG Engine               - isIntroEnabled: false
22:08:19.733 [FXGL Background Thread 3 ] DEBUG Engine               - isLinux: false
22:08:19.734 [FXGL Background Thread 3 ] DEBUG Engine               - isMac: false
22:08:19.734 [FXGL Background Thread 3 ] DEBUG Engine               - isMainMenuEnabled: false
22:08:19.734 [FXGL Background Thread 3 ] DEBUG Engine               - isManualResizeEnabled: false
22:08:19.734 [FXGL Background Thread 3 ] DEBUG Engine               - isMobile: false
22:08:19.734 [FXGL Background Thread 3 ] DEBUG Engine               - isNative: false
22:08:19.734 [FXGL Background Thread 3 ] DEBUG Engine               - isPauseMusicWhenMinimized: true
22:08:19.734 [FXGL Background Thread 3 ] DEBUG Engine               - isPreserveResizeRatio: true
22:08:19.734 [FXGL Background Thread 3 ] DEBUG Engine               - isProfilingEnabled: false
22:08:19.734 [FXGL Background Thread 3 ] DEBUG Engine               - isScaleAffectedOnResize: true
22:08:19.734 [FXGL Background Thread 3 ] DEBUG Engine               - isSingleStep: false
22:08:19.734 [FXGL Background Thread 3 ] DEBUG Engine               - isUserProfileEnabled: false
22:08:19.734 [FXGL Background Thread 3 ] DEBUG Engine               - isWindows: true
22:08:19.734 [FXGL Background Thread 3 ] DEBUG Engine               - language: ObjectProperty [value: ENGLISH]
22:08:19.734 [FXGL Background Thread 3 ] DEBUG Engine               - menuKey: ESCAPE
22:08:19.734 [FXGL Background Thread 3 ] DEBUG Engine               - mouseSensitivity: 0.2
22:08:19.734 [FXGL Background Thread 3 ] DEBUG Engine               - notificationViewClass: class com.almasb.fxgl.notification.view.XboxNotificationView
22:08:19.734 [FXGL Background Thread 3 ] DEBUG Engine               - pixelsPerMeter: 50.0
22:08:19.734 [FXGL Background Thread 3 ] DEBUG Engine               - platform: WINDOWS
22:08:19.734 [FXGL Background Thread 3 ] DEBUG Engine               - prefHeightProperty: ReadOnlyDoubleProperty [value: 720.0]
22:08:19.734 [FXGL Background Thread 3 ] DEBUG Engine               - prefWidthProperty: ReadOnlyDoubleProperty [value: 1280.0]
22:08:19.734 [FXGL Background Thread 3 ] DEBUG Engine               - profileDir: profiles/
22:08:19.734 [FXGL Background Thread 3 ] DEBUG Engine               - profileName: StringProperty [value: DEFAULT]
22:08:19.734 [FXGL Background Thread 3 ] DEBUG Engine               - randomSeed: -1
22:08:19.734 [FXGL Background Thread 3 ] DEBUG Engine               - runtimeInfo: RuntimeInfo(platform=WINDOWS, version=21.1, build=27.03.2024 07.52)
22:08:19.734 [FXGL Background Thread 3 ] DEBUG Engine               - saveFileExt: sav
22:08:19.734 [FXGL Background Thread 3 ] DEBUG Engine               - scaledHeightProp$fxgl: DoubleProperty [bound, value: 720.0]
22:08:19.734 [FXGL Background Thread 3 ] DEBUG Engine               - scaledWidthProp$fxgl: DoubleProperty [bound, value: 1280.0]
22:08:19.734 [FXGL Background Thread 3 ] DEBUG Engine               - sceneFactory: com.almasb.fxgl.app.scene.SceneFactory@3823205b
22:08:19.734 [FXGL Background Thread 3 ] DEBUG Engine               - secondsIn24h: 60
22:08:19.734 [FXGL Background Thread 3 ] DEBUG Engine               - soundMenuBack: menu/back.wav
22:08:19.734 [FXGL Background Thread 3 ] DEBUG Engine               - soundMenuPress: menu/press.wav
22:08:19.734 [FXGL Background Thread 3 ] DEBUG Engine               - soundMenuSelect: menu/select.wav
22:08:19.734 [FXGL Background Thread 3 ] DEBUG Engine               - soundNotification: core/notification.wav
22:08:19.734 [FXGL Background Thread 3 ] DEBUG Engine               - stageStyle: DECORATED
22:08:19.734 [FXGL Background Thread 3 ] DEBUG Engine               - supportedLanguages: [ENGLISH, FRENCH, GERMAN, HUNGARIAN, RUSSIAN]
22:08:19.734 [FXGL Background Thread 3 ] DEBUG Engine               - ticksPerSecond: -1
22:08:19.734 [FXGL Background Thread 3 ] DEBUG Engine               - title: RougeVolley — 地牢探险
22:08:19.734 [FXGL Background Thread 3 ] DEBUG Engine               - urlGithub: https://github.com/AlmasB/FXGL
22:08:19.734 [FXGL Background Thread 3 ] DEBUG Engine               - urlLeaderboard: http://fxgl-top.herokuapp.com/
22:08:19.734 [FXGL Background Thread 3 ] DEBUG Engine               - urlPOM: https://raw.githubusercontent.com/AlmasB/FXGL/release/README.md
22:08:19.734 [FXGL Background Thread 3 ] DEBUG Engine               - userAppClass: class org.example.rougevolley.RougeVolleyFXGL
22:08:19.734 [FXGL Background Thread 3 ] DEBUG Engine               - version: 0.1.0
22:08:19.734 [FXGL Background Thread 3 ] DEBUG Engine               - versionCheckDays: 7
22:08:19.734 [FXGL Background Thread 3 ] DEBUG Engine               - width: 1280
22:08:19.734 [FXGL Background Thread 3 ] DEBUG Engine               - Logging services
22:08:19.734 [FXGL Background Thread 3 ] DEBUG Engine               - class com.almasb.fxgl.app.services.FXGLAssetLoaderService
22:08:19.734 [FXGL Background Thread 3 ] DEBUG Engine               - class com.almasb.fxgl.app.FXGLApplication$GameApplicationService
22:08:19.735 [FXGL Background Thread 3 ] DEBUG Engine               - class com.almasb.fxgl.app.services.FXGLDialogService
22:08:19.735 [FXGL Background Thread 3 ] DEBUG Engine               - class com.almasb.fxgl.app.services.IOTaskExecutorService
22:08:19.735 [FXGL Background Thread 3 ] DEBUG Engine               - class com.almasb.fxgl.io.FileSystemService
22:08:19.735 [FXGL Background Thread 3 ] DEBUG Engine               - class com.almasb.fxgl.localization.LocalizationService
22:08:19.735 [FXGL Background Thread 3 ] DEBUG Engine               - class com.almasb.fxgl.app.services.SystemBundleService
22:08:19.735 [FXGL Background Thread 3 ] DEBUG Engine               - class com.almasb.fxgl.profile.SaveLoadService
22:08:19.735 [FXGL Background Thread 3 ] DEBUG Engine               - class com.almasb.fxgl.ui.FXGLUIFactoryServiceProvider
22:08:19.735 [FXGL Background Thread 3 ] DEBUG Engine               - class com.almasb.fxgl.ui.FXGLDialogFactoryServiceProvider
22:08:19.735 [FXGL Background Thread 3 ] DEBUG Engine               - class com.almasb.fxgl.audio.AudioPlayer
22:08:19.735 [FXGL Background Thread 3 ] DEBUG Engine               - class com.almasb.fxgl.notification.impl.NotificationServiceProvider
22:08:19.735 [FXGL Background Thread 3 ] DEBUG Engine               - class com.almasb.fxgl.achievement.AchievementService
22:08:19.735 [FXGL Background Thread 3 ] DEBUG Engine               - class com.almasb.fxgl.cutscene.CutsceneService
22:08:19.735 [FXGL Background Thread 3 ] DEBUG Engine               - class com.almasb.fxgl.minigames.MiniGameService
22:08:19.735 [FXGL Background Thread 3 ] DEBUG Engine               - class com.almasb.fxgl.net.NetService
22:08:19.735 [FXGL Background Thread 3 ] DEBUG Engine               - class com.almasb.fxgl.app.services.UpdaterService
22:08:19.735 [FXGL Background Thread 3 ] DEBUG Engine               - class com.almasb.fxgl.dev.DevService
22:08:23.169 [JavaFX Application Thread] DEBUG EventBus             - Firing event: javafx.event.Event[source=javafx.event.Event$$Lambda/0x0000013610170800@23bbb09d]
22:08:23.668 [JavaFX Application Thread] DEBUG EventBus             - Firing event: javafx.event.Event[source=javafx.event.Event$$Lambda/0x0000013610170800@23bbb09d]
22:08:24.401 [JavaFX Application Thread] DEBUG FXGLApplication      - Exiting FXGL
22:08:24.401 [JavaFX Application Thread] DEBUG LoopRunner           - Stopping loop
22:08:24.401 [JavaFX Application Thread] DEBUG SystemBundleService  - Saving FXGL system data
22:08:24.405 [JavaFX Application Thread] DEBUG FileSystemAccess     - Writing to: C:\Users\123\IdeaProjects\RougeVolley\system\fxgl.bundle
22:08:24.407 [JavaFX Application Thread] DEBUG Async                - Shutting down background threads
22:08:24.407 [JavaFX Application Thread] DEBUG PrimaryStageWindow   - Closing main window
22:08:24.419 [JavaFX Application Thread] DEBUG Logger               - Closing Logger
